Determining if the Q_WS_WIN exist failed with the following output:
Change Dir: /home/liyun/V3D/2010_hackathon/li_yun/ITK-Plugin-Build/CMakeFiles/CMakeTmp

Run Build Command:/usr/bin/make "cmTryCompileExec/fast"
/usr/bin/make -f CMakeFiles/cmTryCompileExec.dir/build.make CMakeFiles/cmTryCompileExec.dir/build
make[1]: 正在进入目录 `/home/liyun/V3D/2010_hackathon/li_yun/ITK-Plugin-Build/CMakeFiles/CMakeTmp'
/usr/bin/cmake -E cmake_progress_report /home/liyun/V3D/2010_hackathon/li_yun/ITK-Plugin-Build/CMakeFiles/CMakeTmp/CMakeFiles 1
Building C object CMakeFiles/cmTryCompileExec.dir/CheckSymbolExists.c.o
/usr/bin/gcc   -Wall -Wno-uninitialized -Wno-unused-parameter   -I/usr/include/qt4   -o CMakeFiles/cmTryCompileExec.dir/CheckSymbolExists.c.o   -c /home/liyun/V3D/2010_hackathon/li_yun/ITK-Plugin-Build/CMakeFiles/CMakeTmp/CheckSymbolExists.c
/home/liyun/V3D/2010_hackathon/li_yun/ITK-Plugin-Build/CMakeFiles/CMakeTmp/CheckSymbolExists.c: In function ‘main’:
/home/liyun/V3D/2010_hackathon/li_yun/ITK-Plugin-Build/CMakeFiles/CMakeTmp/CheckSymbolExists.c:8: error: ‘Q_WS_WIN’ undeclared (first use in this function)
/home/liyun/V3D/2010_hackathon/li_yun/ITK-Plugin-Build/CMakeFiles/CMakeTmp/CheckSymbolExists.c:8: error: (Each undeclared identifier is reported only once
/home/liyun/V3D/2010_hackathon/li_yun/ITK-Plugin-Build/CMakeFiles/CMakeTmp/CheckSymbolExists.c:8: error: for each function it appears in.)
make[1]: *** [CMakeFiles/cmTryCompileExec.dir/CheckSymbolExists.c.o] 错误 1
make[1]:正在离开目录 `/home/liyun/V3D/2010_hackathon/li_yun/ITK-Plugin-Build/CMakeFiles/CMakeTmp'
make: *** [cmTryCompileExec/fast] 错误 2

File /home/liyun/V3D/2010_hackathon/li_yun/ITK-Plugin-Build/CMakeFiles/CMakeTmp/CheckSymbolExists.c:
/* */
#include <QtCore/qglobal.h>

void cmakeRequireSymbol(int dummy,...){(void)dummy;}
int main()
{
#ifndef Q_WS_WIN
  cmakeRequireSymbol(0,&Q_WS_WIN);
#endif
  return 0;
}

Determining if the Q_WS_QWS exist failed with the following output:
Change Dir: /home/liyun/V3D/2010_hackathon/li_yun/ITK-Plugin-Build/CMakeFiles/CMakeTmp

Run Build Command:/usr/bin/make "cmTryCompileExec/fast"
/usr/bin/make -f CMakeFiles/cmTryCompileExec.dir/build.make CMakeFiles/cmTryCompileExec.dir/build
make[1]: 正在进入目录 `/home/liyun/V3D/2010_hackathon/li_yun/ITK-Plugin-Build/CMakeFiles/CMakeTmp'
/usr/bin/cmake -E cmake_progress_report /home/liyun/V3D/2010_hackathon/li_yun/ITK-Plugin-Build/CMakeFiles/CMakeTmp/CMakeFiles 1
Building C object CMakeFiles/cmTryCompileExec.dir/CheckSymbolExists.c.o
/usr/bin/gcc   -Wall -Wno-uninitialized -Wno-unused-parameter   -I/usr/include/qt4   -o CMakeFiles/cmTryCompileExec.dir/CheckSymbolExists.c.o   -c /home/liyun/V3D/2010_hackathon/li_yun/ITK-Plugin-Build/CMakeFiles/CMakeTmp/CheckSymbolExists.c
/home/liyun/V3D/2010_hackathon/li_yun/ITK-Plugin-Build/CMakeFiles/CMakeTmp/CheckSymbolExists.c: In function ‘main’:
/home/liyun/V3D/2010_hackathon/li_yun/ITK-Plugin-Build/CMakeFiles/CMakeTmp/CheckSymbolExists.c:8: error: ‘Q_WS_QWS’ undeclared (first use in this function)
/home/liyun/V3D/2010_hackathon/li_yun/ITK-Plugin-Build/CMakeFiles/CMakeTmp/CheckSymbolExists.c:8: error: (Each undeclared identifier is reported only once
/home/liyun/V3D/2010_hackathon/li_yun/ITK-Plugin-Build/CMakeFiles/CMakeTmp/CheckSymbolExists.c:8: error: for each function it appears in.)
make[1]: *** [CMakeFiles/cmTryCompileExec.dir/CheckSymbolExists.c.o] 错误 1
make[1]:正在离开目录 `/home/liyun/V3D/2010_hackathon/li_yun/ITK-Plugin-Build/CMakeFiles/CMakeTmp'
make: *** [cmTryCompileExec/fast] 错误 2

File /home/liyun/V3D/2010_hackathon/li_yun/ITK-Plugin-Build/CMakeFiles/CMakeTmp/CheckSymbolExists.c:
/* */
#include <QtCore/qglobal.h>

void cmakeRequireSymbol(int dummy,...){(void)dummy;}
int main()
{
#ifndef Q_WS_QWS
  cmakeRequireSymbol(0,&Q_WS_QWS);
#endif
  return 0;
}

Determining if the Q_WS_MAC exist failed with the following output:
Change Dir: /home/liyun/V3D/2010_hackathon/li_yun/ITK-Plugin-Build/CMakeFiles/CMakeTmp

Run Build Command:/usr/bin/make "cmTryCompileExec/fast"
/usr/bin/make -f CMakeFiles/cmTryCompileExec.dir/build.make CMakeFiles/cmTryCompileExec.dir/build
make[1]: 正在进入目录 `/home/liyun/V3D/2010_hackathon/li_yun/ITK-Plugin-Build/CMakeFiles/CMakeTmp'
/usr/bin/cmake -E cmake_progress_report /home/liyun/V3D/2010_hackathon/li_yun/ITK-Plugin-Build/CMakeFiles/CMakeTmp/CMakeFiles 1
Building C object CMakeFiles/cmTryCompileExec.dir/CheckSymbolExists.c.o
/usr/bin/gcc   -Wall -Wno-uninitialized -Wno-unused-parameter   -I/usr/include/qt4   -o CMakeFiles/cmTryCompileExec.dir/CheckSymbolExists.c.o   -c /home/liyun/V3D/2010_hackathon/li_yun/ITK-Plugin-Build/CMakeFiles/CMakeTmp/CheckSymbolExists.c
/home/liyun/V3D/2010_hackathon/li_yun/ITK-Plugin-Build/CMakeFiles/CMakeTmp/CheckSymbolExists.c: In function ‘main’:
/home/liyun/V3D/2010_hackathon/li_yun/ITK-Plugin-Build/CMakeFiles/CMakeTmp/CheckSymbolExists.c:8: error: ‘Q_WS_MAC’ undeclared (first use in this function)
/home/liyun/V3D/2010_hackathon/li_yun/ITK-Plugin-Build/CMakeFiles/CMakeTmp/CheckSymbolExists.c:8: error: (Each undeclared identifier is reported only once
/home/liyun/V3D/2010_hackathon/li_yun/ITK-Plugin-Build/CMakeFiles/CMakeTmp/CheckSymbolExists.c:8: error: for each function it appears in.)
make[1]: *** [CMakeFiles/cmTryCompileExec.dir/CheckSymbolExists.c.o] 错误 1
make[1]:正在离开目录 `/home/liyun/V3D/2010_hackathon/li_yun/ITK-Plugin-Build/CMakeFiles/CMakeTmp'
make: *** [cmTryCompileExec/fast] 错误 2

File /home/liyun/V3D/2010_hackathon/li_yun/ITK-Plugin-Build/CMakeFiles/CMakeTmp/CheckSymbolExists.c:
/* */
#include <QtCore/qglobal.h>

void cmakeRequireSymbol(int dummy,...){(void)dummy;}
int main()
{
#ifndef Q_WS_MAC
  cmakeRequireSymbol(0,&Q_WS_MAC);
#endif
  return 0;
}

