The system is: Darwin - 11.4.2 - i386
Compiling the C compiler identification source file "CMakeCCompilerId.c" succeeded.
Compiler: /usr/bin/gcc 
Build flags: 
Id flags: 

The output was:
0


Compilation of the C compiler identification source "CMakeCCompilerId.c" produced "a.out"

The C compiler identification is GNU, found in "/Users/zhaot/Work/neutube/neurolabi/c/cmake_build/CMakeFiles/CompilerIdC/a.out"

Compiling the CXX compiler identification source file "CMakeCXXCompilerId.cpp" succeeded.
Compiler: /usr/bin/c++ 
Build flags: 
Id flags: 

The output was:
0


Compilation of the CXX compiler identification source "CMakeCXXCompilerId.cpp" produced "a.out"

The CXX compiler identification is Clang, found in "/Users/zhaot/Work/neutube/neurolabi/c/cmake_build/CMakeFiles/CompilerIdCXX/a.out"

Determining if the C compiler works passed with the following output:
Change Dir: /Users/zhaot/Work/neutube/neurolabi/c/cmake_build/CMakeFiles/CMakeTmp

Run Build Command:/usr/bin/make "cmTryCompileExec4270901665/fast"
/usr/bin/make -f CMakeFiles/cmTryCompileExec4270901665.dir/build.make CMakeFiles/cmTryCompileExec4270901665.dir/build
"/Applications/CMake 2.8-9.app/Contents/bin/cmake" -E cmake_progress_report /Users/zhaot/Work/neutube/neurolabi/c/cmake_build/CMakeFiles/CMakeTmp/CMakeFiles 1
Building C object CMakeFiles/cmTryCompileExec4270901665.dir/testCCompiler.c.o
/usr/bin/gcc    -o CMakeFiles/cmTryCompileExec4270901665.dir/testCCompiler.c.o   -c /Users/zhaot/Work/neutube/neurolabi/c/cmake_build/CMakeFiles/CMakeTmp/testCCompiler.c
Linking C executable cmTryCompileExec4270901665
"/Applications/CMake 2.8-9.app/Contents/bin/cmake" -E cmake_link_script CMakeFiles/cmTryCompileExec4270901665.dir/link.txt --verbose=1
/usr/bin/gcc      -Wl,-search_paths_first -Wl,-headerpad_max_install_names   CMakeFiles/cmTryCompileExec4270901665.dir/testCCompiler.c.o  -o cmTryCompileExec4270901665  


Detecting C compiler ABI info compiled with the following output:
Change Dir: /Users/zhaot/Work/neutube/neurolabi/c/cmake_build/CMakeFiles/CMakeTmp

Run Build Command:/usr/bin/make "cmTryCompileExec3035732119/fast"
/usr/bin/make -f CMakeFiles/cmTryCompileExec3035732119.dir/build.make CMakeFiles/cmTryCompileExec3035732119.dir/build
"/Applications/CMake 2.8-9.app/Contents/bin/cmake" -E cmake_progress_report /Users/zhaot/Work/neutube/neurolabi/c/cmake_build/CMakeFiles/CMakeTmp/CMakeFiles 1
Building C object CMakeFiles/cmTryCompileExec3035732119.dir/CMakeCCompilerABI.c.o
/usr/bin/gcc    -o CMakeFiles/cmTryCompileExec3035732119.dir/CMakeCCompilerABI.c.o   -c "/Applications/CMake 2.8-9.app/Contents/share/cmake-2.8/Modules/CMakeCCompilerABI.c"
Linking C executable cmTryCompileExec3035732119
"/Applications/CMake 2.8-9.app/Contents/bin/cmake" -E cmake_link_script CMakeFiles/cmTryCompileExec3035732119.dir/link.txt --verbose=1
/usr/bin/gcc      -Wl,-search_paths_first -Wl,-headerpad_max_install_names -v CMakeFiles/cmTryCompileExec3035732119.dir/CMakeCCompilerABI.c.o  -o cmTryCompileExec3035732119   
Using built-in specs.
Target: i686-apple-darwin11
Configured with: /private/var/tmp/llvmgcc42/llvmgcc42-2336.11~28/src/configure --disable-checking --enable-werror --prefix=/Applications/Xcode.app/Contents/Developer/usr/llvm-gcc-4.2 --mandir=/share/man --enable-languages=c,objc,c++,obj-c++ --program-prefix=llvm- --program-transform-name=/^[cg][^.-]*$/s/$/-4.2/ --with-slibdir=/usr/lib --build=i686-apple-darwin11 --enable-llvm=/private/var/tmp/llvmgcc42/llvmgcc42-2336.11~28/dst-llvmCore/Developer/usr/local --program-prefix=i686-apple-darwin11- --host=x86_64-apple-darwin11 --target=i686-apple-darwin11 --with-gxx-include-dir=/usr/include/c++/4.2.1
Thread model: posix
gcc version 4.2.1 (Based on Apple Inc. build 5658) (LLVM build 2336.11.00)
 /usr/llvm-gcc-4.2/bin/../libexec/gcc/i686-apple-darwin11/4.2.1/collect2 -dynamic -arch x86_64 -macosx_version_min 10.7.4 -weak_reference_mismatches non-weak -o cmTryCompileExec3035732119 -lcrt1.10.6.o -L/usr/llvm-gcc-4.2/bin/../lib/gcc/i686-apple-darwin11/4.2.1/x86_64 -L/Applications/Xcode.app/Contents/Developer/usr/llvm-gcc-4.2/lib/gcc/i686-apple-darwin11/4.2.1/x86_64 -L/usr/llvm-gcc-4.2/bin/../lib/gcc/i686-apple-darwin11/4.2.1 -L/usr/llvm-gcc-4.2/bin/../lib/gcc -L/Applications/Xcode.app/Contents/Developer/usr/llvm-gcc-4.2/lib/gcc/i686-apple-darwin11/4.2.1 -L/usr/llvm-gcc-4.2/bin/../lib/gcc/i686-apple-darwin11/4.2.1/../../.. -L/Applications/Xcode.app/Contents/Developer/usr/llvm-gcc-4.2/lib/gcc/i686-apple-darwin11/4.2.1/../../.. -search_paths_first -headerpad_max_install_names CMakeFiles/cmTryCompileExec3035732119.dir/CMakeCCompilerABI.c.o -lSystem -lgcc -lSystem


Parsed C implicit link information from above output:
  link line regex: [^( *|.*[/\])(ld|ld|collect2)[^/\]*( |$)]
  ignore line: [Change Dir: /Users/zhaot/Work/neutube/neurolabi/c/cmake_build/CMakeFiles/CMakeTmp]
  ignore line: []
  ignore line: [Run Build Command:/usr/bin/make "cmTryCompileExec3035732119/fast"]
  ignore line: [/usr/bin/make -f CMakeFiles/cmTryCompileExec3035732119.dir/build.make CMakeFiles/cmTryCompileExec3035732119.dir/build]
  ignore line: ["/Applications/CMake 2.8-9.app/Contents/bin/cmake" -E cmake_progress_report /Users/zhaot/Work/neutube/neurolabi/c/cmake_build/CMakeFiles/CMakeTmp/CMakeFiles 1]
  ignore line: [Building C object CMakeFiles/cmTryCompileExec3035732119.dir/CMakeCCompilerABI.c.o]
  ignore line: [/usr/bin/gcc    -o CMakeFiles/cmTryCompileExec3035732119.dir/CMakeCCompilerABI.c.o   -c "/Applications/CMake 2.8-9.app/Contents/share/cmake-2.8/Modules/CMakeCCompilerABI.c"]
  ignore line: [Linking C executable cmTryCompileExec3035732119]
  ignore line: ["/Applications/CMake 2.8-9.app/Contents/bin/cmake" -E cmake_link_script CMakeFiles/cmTryCompileExec3035732119.dir/link.txt --verbose=1]
  ignore line: [/usr/bin/gcc      -Wl,-search_paths_first -Wl,-headerpad_max_install_names -v CMakeFiles/cmTryCompileExec3035732119.dir/CMakeCCompilerABI.c.o  -o cmTryCompileExec3035732119   ]
  ignore line: [Using built-in specs.]
  ignore line: [Target: i686-apple-darwin11]
  ignore line: [Configured with: /private/var/tmp/llvmgcc42/llvmgcc42-2336.11~28/src/configure --disable-checking --enable-werror --prefix=/Applications/Xcode.app/Contents/Developer/usr/llvm-gcc-4.2 --mandir=/share/man --enable-languages=c,objc,c++,obj-c++ --program-prefix=llvm- --program-transform-name=/^[cg][^.-]*$/s/$/-4.2/ --with-slibdir=/usr/lib --build=i686-apple-darwin11 --enable-llvm=/private/var/tmp/llvmgcc42/llvmgcc42-2336.11~28/dst-llvmCore/Developer/usr/local --program-prefix=i686-apple-darwin11- --host=x86_64-apple-darwin11 --target=i686-apple-darwin11 --with-gxx-include-dir=/usr/include/c++/4.2.1]
  ignore line: [Thread model: posix]
  ignore line: [gcc version 4.2.1 (Based on Apple Inc. build 5658) (LLVM build 2336.11.00)]
  link line: [ /usr/llvm-gcc-4.2/bin/../libexec/gcc/i686-apple-darwin11/4.2.1/collect2 -dynamic -arch x86_64 -macosx_version_min 10.7.4 -weak_reference_mismatches non-weak -o cmTryCompileExec3035732119 -lcrt1.10.6.o -L/usr/llvm-gcc-4.2/bin/../lib/gcc/i686-apple-darwin11/4.2.1/x86_64 -L/Applications/Xcode.app/Contents/Developer/usr/llvm-gcc-4.2/lib/gcc/i686-apple-darwin11/4.2.1/x86_64 -L/usr/llvm-gcc-4.2/bin/../lib/gcc/i686-apple-darwin11/4.2.1 -L/usr/llvm-gcc-4.2/bin/../lib/gcc -L/Applications/Xcode.app/Contents/Developer/usr/llvm-gcc-4.2/lib/gcc/i686-apple-darwin11/4.2.1 -L/usr/llvm-gcc-4.2/bin/../lib/gcc/i686-apple-darwin11/4.2.1/../../.. -L/Applications/Xcode.app/Contents/Developer/usr/llvm-gcc-4.2/lib/gcc/i686-apple-darwin11/4.2.1/../../.. -search_paths_first -headerpad_max_install_names CMakeFiles/cmTryCompileExec3035732119.dir/CMakeCCompilerABI.c.o -lSystem -lgcc -lSystem]
    arg [/usr/llvm-gcc-4.2/bin/../libexec/gcc/i686-apple-darwin11/4.2.1/collect2] ==> ignore
    arg [-dynamic] ==> ignore
    arg [-arch] ==> ignore
    arg [x86_64] ==> ignore
    arg [-macosx_version_min] ==> ignore
    arg [10.7.4] ==> ignore
    arg [-weak_reference_mismatches] ==> ignore
    arg [non-weak] ==> ignore
    arg [-o] ==> ignore
    arg [cmTryCompileExec3035732119] ==> ignore
    arg [-lcrt1.10.6.o] ==> lib [crt1.10.6.o]
    arg [-L/usr/llvm-gcc-4.2/bin/../lib/gcc/i686-apple-darwin11/4.2.1/x86_64] ==> dir [/usr/llvm-gcc-4.2/bin/../lib/gcc/i686-apple-darwin11/4.2.1/x86_64]
    arg [-L/Applications/Xcode.app/Contents/Developer/usr/llvm-gcc-4.2/lib/gcc/i686-apple-darwin11/4.2.1/x86_64] ==> dir [/Applications/Xcode.app/Contents/Developer/usr/llvm-gcc-4.2/lib/gcc/i686-apple-darwin11/4.2.1/x86_64]
    arg [-L/usr/llvm-gcc-4.2/bin/../lib/gcc/i686-apple-darwin11/4.2.1] ==> dir [/usr/llvm-gcc-4.2/bin/../lib/gcc/i686-apple-darwin11/4.2.1]
    arg [-L/usr/llvm-gcc-4.2/bin/../lib/gcc] ==> dir [/usr/llvm-gcc-4.2/bin/../lib/gcc]
    arg [-L/Applications/Xcode.app/Contents/Developer/usr/llvm-gcc-4.2/lib/gcc/i686-apple-darwin11/4.2.1] ==> dir [/Applications/Xcode.app/Contents/Developer/usr/llvm-gcc-4.2/lib/gcc/i686-apple-darwin11/4.2.1]
    arg [-L/usr/llvm-gcc-4.2/bin/../lib/gcc/i686-apple-darwin11/4.2.1/../../..] ==> dir [/usr/llvm-gcc-4.2/bin/../lib/gcc/i686-apple-darwin11/4.2.1/../../..]
    arg [-L/Applications/Xcode.app/Contents/Developer/usr/llvm-gcc-4.2/lib/gcc/i686-apple-darwin11/4.2.1/../../..] ==> dir [/Applications/Xcode.app/Contents/Developer/usr/llvm-gcc-4.2/lib/gcc/i686-apple-darwin11/4.2.1/../../..]
    arg [-search_paths_first] ==> ignore
    arg [-headerpad_max_install_names] ==> ignore
    arg [CMakeFiles/cmTryCompileExec3035732119.dir/CMakeCCompilerABI.c.o] ==> ignore
    arg [-lSystem] ==> lib [System]
    arg [-lgcc] ==> lib [gcc]
    arg [-lSystem] ==> lib [System]
  remove lib [crt1.10.6.o]
  remove lib [System]
  remove lib [gcc]
  remove lib [System]
  collapse dir [/usr/llvm-gcc-4.2/bin/../lib/gcc/i686-apple-darwin11/4.2.1/x86_64] ==> [/usr/llvm-gcc-4.2/lib/gcc/i686-apple-darwin11/4.2.1/x86_64]
  collapse dir [/Applications/Xcode.app/Contents/Developer/usr/llvm-gcc-4.2/lib/gcc/i686-apple-darwin11/4.2.1/x86_64] ==> [/Applications/Xcode.app/Contents/Developer/usr/llvm-gcc-4.2/lib/gcc/i686-apple-darwin11/4.2.1/x86_64]
  collapse dir [/usr/llvm-gcc-4.2/bin/../lib/gcc/i686-apple-darwin11/4.2.1] ==> [/usr/llvm-gcc-4.2/lib/gcc/i686-apple-darwin11/4.2.1]
  collapse dir [/usr/llvm-gcc-4.2/bin/../lib/gcc] ==> [/usr/llvm-gcc-4.2/lib/gcc]
  collapse dir [/Applications/Xcode.app/Contents/Developer/usr/llvm-gcc-4.2/lib/gcc/i686-apple-darwin11/4.2.1] ==> [/Applications/Xcode.app/Contents/Developer/usr/llvm-gcc-4.2/lib/gcc/i686-apple-darwin11/4.2.1]
  collapse dir [/usr/llvm-gcc-4.2/bin/../lib/gcc/i686-apple-darwin11/4.2.1/../../..] ==> [/usr/llvm-gcc-4.2/lib]
  collapse dir [/Applications/Xcode.app/Contents/Developer/usr/llvm-gcc-4.2/lib/gcc/i686-apple-darwin11/4.2.1/../../..] ==> [/Applications/Xcode.app/Contents/Developer/usr/llvm-gcc-4.2/lib]
  implicit libs: []
  implicit dirs: [/usr/llvm-gcc-4.2/lib/gcc/i686-apple-darwin11/4.2.1/x86_64;/Applications/Xcode.app/Contents/Developer/usr/llvm-gcc-4.2/lib/gcc/i686-apple-darwin11/4.2.1/x86_64;/usr/llvm-gcc-4.2/lib/gcc/i686-apple-darwin11/4.2.1;/usr/llvm-gcc-4.2/lib/gcc;/Applications/Xcode.app/Contents/Developer/usr/llvm-gcc-4.2/lib/gcc/i686-apple-darwin11/4.2.1;/usr/llvm-gcc-4.2/lib;/Applications/Xcode.app/Contents/Developer/usr/llvm-gcc-4.2/lib]


Determining if the CXX compiler works passed with the following output:
Change Dir: /Users/zhaot/Work/neutube/neurolabi/c/cmake_build/CMakeFiles/CMakeTmp

Run Build Command:/usr/bin/make "cmTryCompileExec2383393942/fast"
/usr/bin/make -f CMakeFiles/cmTryCompileExec2383393942.dir/build.make CMakeFiles/cmTryCompileExec2383393942.dir/build
"/Applications/CMake 2.8-9.app/Contents/bin/cmake" -E cmake_progress_report /Users/zhaot/Work/neutube/neurolabi/c/cmake_build/CMakeFiles/CMakeTmp/CMakeFiles 1
Building CXX object CMakeFiles/cmTryCompileExec2383393942.dir/testCXXCompiler.cxx.o
/usr/bin/c++     -o CMakeFiles/cmTryCompileExec2383393942.dir/testCXXCompiler.cxx.o -c /Users/zhaot/Work/neutube/neurolabi/c/cmake_build/CMakeFiles/CMakeTmp/testCXXCompiler.cxx
Linking CXX executable cmTryCompileExec2383393942
"/Applications/CMake 2.8-9.app/Contents/bin/cmake" -E cmake_link_script CMakeFiles/cmTryCompileExec2383393942.dir/link.txt --verbose=1
/usr/bin/c++       -Wl,-search_paths_first -Wl,-headerpad_max_install_names   CMakeFiles/cmTryCompileExec2383393942.dir/testCXXCompiler.cxx.o  -o cmTryCompileExec2383393942  


Detecting CXX compiler ABI info compiled with the following output:
Change Dir: /Users/zhaot/Work/neutube/neurolabi/c/cmake_build/CMakeFiles/CMakeTmp

Run Build Command:/usr/bin/make "cmTryCompileExec1703150620/fast"
/usr/bin/make -f CMakeFiles/cmTryCompileExec1703150620.dir/build.make CMakeFiles/cmTryCompileExec1703150620.dir/build
"/Applications/CMake 2.8-9.app/Contents/bin/cmake" -E cmake_progress_report /Users/zhaot/Work/neutube/neurolabi/c/cmake_build/CMakeFiles/CMakeTmp/CMakeFiles 1
Building CXX object CMakeFiles/cmTryCompileExec1703150620.dir/CMakeCXXCompilerABI.cpp.o
/usr/bin/c++     -o CMakeFiles/cmTryCompileExec1703150620.dir/CMakeCXXCompilerABI.cpp.o -c "/Applications/CMake 2.8-9.app/Contents/share/cmake-2.8/Modules/CMakeCXXCompilerABI.cpp"
Linking CXX executable cmTryCompileExec1703150620
"/Applications/CMake 2.8-9.app/Contents/bin/cmake" -E cmake_link_script CMakeFiles/cmTryCompileExec1703150620.dir/link.txt --verbose=1
/usr/bin/c++       -Wl,-search_paths_first -Wl,-headerpad_max_install_names -v CMakeFiles/cmTryCompileExec1703150620.dir/CMakeCXXCompilerABI.cpp.o  -o cmTryCompileExec1703150620   
Apple clang version 4.0 (tags/Apple/clang-421.0.60) (based on LLVM 3.1svn)
Target: x86_64-apple-darwin11.4.2
Thread model: posix
 "/usr/bin/ld" -demangle -dynamic -arch x86_64 -macosx_version_min 10.7.0 -o cmTryCompileExec1703150620 -lcrt1.10.6.o -search_paths_first -headerpad_max_install_names CMakeFiles/cmTryCompileExec1703150620.dir/CMakeCXXCompilerABI.cpp.o -lstdc++ -lSystem /usr/bin/../lib/clang/4.0/lib/darwin/libclang_rt.osx.a


Parsed CXX implicit link information from above output:
  link line regex: [^( *|.*[/\])(ld|ld|collect2)[^/\]*( |$)]
  ignore line: [Change Dir: /Users/zhaot/Work/neutube/neurolabi/c/cmake_build/CMakeFiles/CMakeTmp]
  ignore line: []
  ignore line: [Run Build Command:/usr/bin/make "cmTryCompileExec1703150620/fast"]
  ignore line: [/usr/bin/make -f CMakeFiles/cmTryCompileExec1703150620.dir/build.make CMakeFiles/cmTryCompileExec1703150620.dir/build]
  ignore line: ["/Applications/CMake 2.8-9.app/Contents/bin/cmake" -E cmake_progress_report /Users/zhaot/Work/neutube/neurolabi/c/cmake_build/CMakeFiles/CMakeTmp/CMakeFiles 1]
  ignore line: [Building CXX object CMakeFiles/cmTryCompileExec1703150620.dir/CMakeCXXCompilerABI.cpp.o]
  ignore line: [/usr/bin/c++     -o CMakeFiles/cmTryCompileExec1703150620.dir/CMakeCXXCompilerABI.cpp.o -c "/Applications/CMake 2.8-9.app/Contents/share/cmake-2.8/Modules/CMakeCXXCompilerABI.cpp"]
  ignore line: [Linking CXX executable cmTryCompileExec1703150620]
  ignore line: ["/Applications/CMake 2.8-9.app/Contents/bin/cmake" -E cmake_link_script CMakeFiles/cmTryCompileExec1703150620.dir/link.txt --verbose=1]
  ignore line: [/usr/bin/c++       -Wl,-search_paths_first -Wl,-headerpad_max_install_names -v CMakeFiles/cmTryCompileExec1703150620.dir/CMakeCXXCompilerABI.cpp.o  -o cmTryCompileExec1703150620   ]
  ignore line: [Apple clang version 4.0 (tags/Apple/clang-421.0.60) (based on LLVM 3.1svn)]
  ignore line: [Target: x86_64-apple-darwin11.4.2]
  ignore line: [Thread model: posix]
  link line: [ "/usr/bin/ld" -demangle -dynamic -arch x86_64 -macosx_version_min 10.7.0 -o cmTryCompileExec1703150620 -lcrt1.10.6.o -search_paths_first -headerpad_max_install_names CMakeFiles/cmTryCompileExec1703150620.dir/CMakeCXXCompilerABI.cpp.o -lstdc++ -lSystem /usr/bin/../lib/clang/4.0/lib/darwin/libclang_rt.osx.a]
    arg [/usr/bin/ld] ==> ignore
    arg [-demangle] ==> ignore
    arg [-dynamic] ==> ignore
    arg [-arch] ==> ignore
    arg [x86_64] ==> ignore
    arg [-macosx_version_min] ==> ignore
    arg [10.7.0] ==> ignore
    arg [-o] ==> ignore
    arg [cmTryCompileExec1703150620] ==> ignore
    arg [-lcrt1.10.6.o] ==> lib [crt1.10.6.o]
    arg [-search_paths_first] ==> ignore
    arg [-headerpad_max_install_names] ==> ignore
    arg [CMakeFiles/cmTryCompileExec1703150620.dir/CMakeCXXCompilerABI.cpp.o] ==> ignore
    arg [-lstdc++] ==> lib [stdc++]
    arg [-lSystem] ==> lib [System]
    arg [/usr/bin/../lib/clang/4.0/lib/darwin/libclang_rt.osx.a] ==> lib [/usr/bin/../lib/clang/4.0/lib/darwin/libclang_rt.osx.a]
  remove lib [crt1.10.6.o]
  remove lib [System]
  implicit libs: [stdc++;/usr/bin/../lib/clang/4.0/lib/darwin/libclang_rt.osx.a]
  implicit dirs: []


Determining if the function fftw_execute exists in the fftw3 passed with the following output:
Change Dir: /Users/zhaot/Work/neutube/neurolabi/c/cmake_build/CMakeFiles/CMakeTmp

Run Build Command:/usr/bin/make "cmTryCompileExec891054278/fast"
/usr/bin/make -f CMakeFiles/cmTryCompileExec891054278.dir/build.make CMakeFiles/cmTryCompileExec891054278.dir/build
"/Applications/CMake 2.8-9.app/Contents/bin/cmake" -E cmake_progress_report /Users/zhaot/Work/neutube/neurolabi/c/cmake_build/CMakeFiles/CMakeTmp/CMakeFiles 1
Building C object CMakeFiles/cmTryCompileExec891054278.dir/CheckFunctionExists.c.o
/usr/bin/gcc   -DCHECK_FUNCTION_EXISTS=fftw_execute   -o CMakeFiles/cmTryCompileExec891054278.dir/CheckFunctionExists.c.o   -c "/Applications/CMake 2.8-9.app/Contents/share/cmake-2.8/Modules/CheckFunctionExists.c"
Linking C executable cmTryCompileExec891054278
"/Applications/CMake 2.8-9.app/Contents/bin/cmake" -E cmake_link_script CMakeFiles/cmTryCompileExec891054278.dir/link.txt --verbose=1
/usr/bin/gcc     -DCHECK_FUNCTION_EXISTS=fftw_execute -Wl,-search_paths_first -Wl,-headerpad_max_install_names   CMakeFiles/cmTryCompileExec891054278.dir/CheckFunctionExists.c.o  -o cmTryCompileExec891054278  -L/usr/local/lib -lfftw3 


Determining if the function fftwf_execute exists in the fftw3f passed with the following output:
Change Dir: /Users/zhaot/Work/neutube/neurolabi/c/cmake_build/CMakeFiles/CMakeTmp

Run Build Command:/usr/bin/make "cmTryCompileExec1003172231/fast"
/usr/bin/make -f CMakeFiles/cmTryCompileExec1003172231.dir/build.make CMakeFiles/cmTryCompileExec1003172231.dir/build
"/Applications/CMake 2.8-9.app/Contents/bin/cmake" -E cmake_progress_report /Users/zhaot/Work/neutube/neurolabi/c/cmake_build/CMakeFiles/CMakeTmp/CMakeFiles 1
Building C object CMakeFiles/cmTryCompileExec1003172231.dir/CheckFunctionExists.c.o
/usr/bin/gcc   -DCHECK_FUNCTION_EXISTS=fftwf_execute   -o CMakeFiles/cmTryCompileExec1003172231.dir/CheckFunctionExists.c.o   -c "/Applications/CMake 2.8-9.app/Contents/share/cmake-2.8/Modules/CheckFunctionExists.c"
Linking C executable cmTryCompileExec1003172231
"/Applications/CMake 2.8-9.app/Contents/bin/cmake" -E cmake_link_script CMakeFiles/cmTryCompileExec1003172231.dir/link.txt --verbose=1
/usr/bin/gcc     -DCHECK_FUNCTION_EXISTS=fftwf_execute -Wl,-search_paths_first -Wl,-headerpad_max_install_names   CMakeFiles/cmTryCompileExec1003172231.dir/CheckFunctionExists.c.o  -o cmTryCompileExec1003172231  -L/usr/local/lib -lfftw3f 


Determining if the function compress exists in the z passed with the following output:
Change Dir: /Users/zhaot/Work/neutube/neurolabi/c/cmake_build/CMakeFiles/CMakeTmp

Run Build Command:/usr/bin/make "cmTryCompileExec3284824132/fast"
/usr/bin/make -f CMakeFiles/cmTryCompileExec3284824132.dir/build.make CMakeFiles/cmTryCompileExec3284824132.dir/build
"/Applications/CMake 2.8-9.app/Contents/bin/cmake" -E cmake_progress_report /Users/zhaot/Work/neutube/neurolabi/c/cmake_build/CMakeFiles/CMakeTmp/CMakeFiles 1
Building C object CMakeFiles/cmTryCompileExec3284824132.dir/CheckFunctionExists.c.o
/usr/bin/gcc   -DCHECK_FUNCTION_EXISTS=compress   -o CMakeFiles/cmTryCompileExec3284824132.dir/CheckFunctionExists.c.o   -c "/Applications/CMake 2.8-9.app/Contents/share/cmake-2.8/Modules/CheckFunctionExists.c"
Linking C executable cmTryCompileExec3284824132
"/Applications/CMake 2.8-9.app/Contents/bin/cmake" -E cmake_link_script CMakeFiles/cmTryCompileExec3284824132.dir/link.txt --verbose=1
/usr/bin/gcc     -DCHECK_FUNCTION_EXISTS=compress -Wl,-search_paths_first -Wl,-headerpad_max_install_names   CMakeFiles/cmTryCompileExec3284824132.dir/CheckFunctionExists.c.o  -o cmTryCompileExec3284824132  -L/usr/local/lib -lz 


Determining if the function xmlParseFile exists in the xml2 passed with the following output:
Change Dir: /Users/zhaot/Work/neutube/neurolabi/c/cmake_build/CMakeFiles/CMakeTmp

Run Build Command:/usr/bin/make "cmTryCompileExec320851059/fast"
/usr/bin/make -f CMakeFiles/cmTryCompileExec320851059.dir/build.make CMakeFiles/cmTryCompileExec320851059.dir/build
"/Applications/CMake 2.8-9.app/Contents/bin/cmake" -E cmake_progress_report /Users/zhaot/Work/neutube/neurolabi/c/cmake_build/CMakeFiles/CMakeTmp/CMakeFiles 1
Building C object CMakeFiles/cmTryCompileExec320851059.dir/CheckFunctionExists.c.o
/usr/bin/gcc   -DCHECK_FUNCTION_EXISTS=xmlParseFile   -o CMakeFiles/cmTryCompileExec320851059.dir/CheckFunctionExists.c.o   -c "/Applications/CMake 2.8-9.app/Contents/share/cmake-2.8/Modules/CheckFunctionExists.c"
Linking C executable cmTryCompileExec320851059
"/Applications/CMake 2.8-9.app/Contents/bin/cmake" -E cmake_link_script CMakeFiles/cmTryCompileExec320851059.dir/link.txt --verbose=1
/usr/bin/gcc     -DCHECK_FUNCTION_EXISTS=xmlParseFile -Wl,-search_paths_first -Wl,-headerpad_max_install_names   CMakeFiles/cmTryCompileExec320851059.dir/CheckFunctionExists.c.o  -o cmTryCompileExec320851059  -L/usr/local/lib -lxml2 


Determining if the function png_read_image exists in the png passed with the following output:
Change Dir: /Users/zhaot/Work/neutube/neurolabi/c/cmake_build/CMakeFiles/CMakeTmp

Run Build Command:/usr/bin/make "cmTryCompileExec1832172508/fast"
/usr/bin/make -f CMakeFiles/cmTryCompileExec1832172508.dir/build.make CMakeFiles/cmTryCompileExec1832172508.dir/build
"/Applications/CMake 2.8-9.app/Contents/bin/cmake" -E cmake_progress_report /Users/zhaot/Work/neutube/neurolabi/c/cmake_build/CMakeFiles/CMakeTmp/CMakeFiles 1
Building C object CMakeFiles/cmTryCompileExec1832172508.dir/CheckFunctionExists.c.o
/usr/bin/gcc   -DCHECK_FUNCTION_EXISTS=png_read_image   -o CMakeFiles/cmTryCompileExec1832172508.dir/CheckFunctionExists.c.o   -c "/Applications/CMake 2.8-9.app/Contents/share/cmake-2.8/Modules/CheckFunctionExists.c"
Linking C executable cmTryCompileExec1832172508
"/Applications/CMake 2.8-9.app/Contents/bin/cmake" -E cmake_link_script CMakeFiles/cmTryCompileExec1832172508.dir/link.txt --verbose=1
/usr/bin/gcc     -DCHECK_FUNCTION_EXISTS=png_read_image -Wl,-search_paths_first -Wl,-headerpad_max_install_names   CMakeFiles/cmTryCompileExec1832172508.dir/CheckFunctionExists.c.o  -o cmTryCompileExec1832172508  -L/usr/local/lib -lpng 


Determining if the function json_object exists in the jansson passed with the following output:
Change Dir: /Users/zhaot/Work/neutube/neurolabi/c/cmake_build/CMakeFiles/CMakeTmp

Run Build Command:/usr/bin/make "cmTryCompileExec1960675652/fast"
/usr/bin/make -f CMakeFiles/cmTryCompileExec1960675652.dir/build.make CMakeFiles/cmTryCompileExec1960675652.dir/build
"/Applications/CMake 2.8-9.app/Contents/bin/cmake" -E cmake_progress_report /Users/zhaot/Work/neutube/neurolabi/c/cmake_build/CMakeFiles/CMakeTmp/CMakeFiles 1
Building C object CMakeFiles/cmTryCompileExec1960675652.dir/CheckFunctionExists.c.o
/usr/bin/gcc   -DCHECK_FUNCTION_EXISTS=json_object   -o CMakeFiles/cmTryCompileExec1960675652.dir/CheckFunctionExists.c.o   -c "/Applications/CMake 2.8-9.app/Contents/share/cmake-2.8/Modules/CheckFunctionExists.c"
Linking C executable cmTryCompileExec1960675652
"/Applications/CMake 2.8-9.app/Contents/bin/cmake" -E cmake_link_script CMakeFiles/cmTryCompileExec1960675652.dir/link.txt --verbose=1
/usr/bin/gcc     -DCHECK_FUNCTION_EXISTS=json_object -Wl,-search_paths_first -Wl,-headerpad_max_install_names   CMakeFiles/cmTryCompileExec1960675652.dir/CheckFunctionExists.c.o  -o cmTryCompileExec1960675652  -L/usr/local/lib -ljansson 


Determining if files stddef.h exist passed with the following output:
Change Dir: /Users/zhaot/Work/neutube/neurolabi/c/cmake_build/CMakeFiles/CMakeTmp

Run Build Command:/usr/bin/make "cmTryCompileExec1082923345/fast"
/usr/bin/make -f CMakeFiles/cmTryCompileExec1082923345.dir/build.make CMakeFiles/cmTryCompileExec1082923345.dir/build
"/Applications/CMake 2.8-9.app/Contents/bin/cmake" -E cmake_progress_report /Users/zhaot/Work/neutube/neurolabi/c/cmake_build/CMakeFiles/CMakeTmp/CMakeFiles 1
Building C object CMakeFiles/cmTryCompileExec1082923345.dir/CheckIncludeFiles.c.o
/usr/bin/gcc    -o CMakeFiles/cmTryCompileExec1082923345.dir/CheckIncludeFiles.c.o   -c /Users/zhaot/Work/neutube/neurolabi/c/cmake_build/CMakeFiles/CMakeTmp/CheckIncludeFiles.c
Linking C executable cmTryCompileExec1082923345
"/Applications/CMake 2.8-9.app/Contents/bin/cmake" -E cmake_link_script CMakeFiles/cmTryCompileExec1082923345.dir/link.txt --verbose=1
/usr/bin/gcc      -Wl,-search_paths_first -Wl,-headerpad_max_install_names   CMakeFiles/cmTryCompileExec1082923345.dir/CheckIncludeFiles.c.o  -o cmTryCompileExec1082923345  


Determining if files stdint.h exist passed with the following output:
Change Dir: /Users/zhaot/Work/neutube/neurolabi/c/cmake_build/CMakeFiles/CMakeTmp

Run Build Command:/usr/bin/make "cmTryCompileExec3213650575/fast"
/usr/bin/make -f CMakeFiles/cmTryCompileExec3213650575.dir/build.make CMakeFiles/cmTryCompileExec3213650575.dir/build
"/Applications/CMake 2.8-9.app/Contents/bin/cmake" -E cmake_progress_report /Users/zhaot/Work/neutube/neurolabi/c/cmake_build/CMakeFiles/CMakeTmp/CMakeFiles 1
Building C object CMakeFiles/cmTryCompileExec3213650575.dir/CheckIncludeFiles.c.o
/usr/bin/gcc    -o CMakeFiles/cmTryCompileExec3213650575.dir/CheckIncludeFiles.c.o   -c /Users/zhaot/Work/neutube/neurolabi/c/cmake_build/CMakeFiles/CMakeTmp/CheckIncludeFiles.c
Linking C executable cmTryCompileExec3213650575
"/Applications/CMake 2.8-9.app/Contents/bin/cmake" -E cmake_link_script CMakeFiles/cmTryCompileExec3213650575.dir/link.txt --verbose=1
/usr/bin/gcc      -Wl,-search_paths_first -Wl,-headerpad_max_install_names   CMakeFiles/cmTryCompileExec3213650575.dir/CheckIncludeFiles.c.o  -o cmTryCompileExec3213650575  


Determining if files stdlib.h exist passed with the following output:
Change Dir: /Users/zhaot/Work/neutube/neurolabi/c/cmake_build/CMakeFiles/CMakeTmp

Run Build Command:/usr/bin/make "cmTryCompileExec2673023031/fast"
/usr/bin/make -f CMakeFiles/cmTryCompileExec2673023031.dir/build.make CMakeFiles/cmTryCompileExec2673023031.dir/build
"/Applications/CMake 2.8-9.app/Contents/bin/cmake" -E cmake_progress_report /Users/zhaot/Work/neutube/neurolabi/c/cmake_build/CMakeFiles/CMakeTmp/CMakeFiles 1
Building C object CMakeFiles/cmTryCompileExec2673023031.dir/CheckIncludeFiles.c.o
/usr/bin/gcc    -o CMakeFiles/cmTryCompileExec2673023031.dir/CheckIncludeFiles.c.o   -c /Users/zhaot/Work/neutube/neurolabi/c/cmake_build/CMakeFiles/CMakeTmp/CheckIncludeFiles.c
Linking C executable cmTryCompileExec2673023031
"/Applications/CMake 2.8-9.app/Contents/bin/cmake" -E cmake_link_script CMakeFiles/cmTryCompileExec2673023031.dir/link.txt --verbose=1
/usr/bin/gcc      -Wl,-search_paths_first -Wl,-headerpad_max_install_names   CMakeFiles/cmTryCompileExec2673023031.dir/CheckIncludeFiles.c.o  -o cmTryCompileExec2673023031  


Determining if files string.h exist passed with the following output:
Change Dir: /Users/zhaot/Work/neutube/neurolabi/c/cmake_build/CMakeFiles/CMakeTmp

Run Build Command:/usr/bin/make "cmTryCompileExec815070064/fast"
/usr/bin/make -f CMakeFiles/cmTryCompileExec815070064.dir/build.make CMakeFiles/cmTryCompileExec815070064.dir/build
"/Applications/CMake 2.8-9.app/Contents/bin/cmake" -E cmake_progress_report /Users/zhaot/Work/neutube/neurolabi/c/cmake_build/CMakeFiles/CMakeTmp/CMakeFiles 1
Building C object CMakeFiles/cmTryCompileExec815070064.dir/CheckIncludeFiles.c.o
/usr/bin/gcc    -o CMakeFiles/cmTryCompileExec815070064.dir/CheckIncludeFiles.c.o   -c /Users/zhaot/Work/neutube/neurolabi/c/cmake_build/CMakeFiles/CMakeTmp/CheckIncludeFiles.c
Linking C executable cmTryCompileExec815070064
"/Applications/CMake 2.8-9.app/Contents/bin/cmake" -E cmake_link_script CMakeFiles/cmTryCompileExec815070064.dir/link.txt --verbose=1
/usr/bin/gcc      -Wl,-search_paths_first -Wl,-headerpad_max_install_names   CMakeFiles/cmTryCompileExec815070064.dir/CheckIncludeFiles.c.o  -o cmTryCompileExec815070064  


Determining if files strings.h exist passed with the following output:
Change Dir: /Users/zhaot/Work/neutube/neurolabi/c/cmake_build/CMakeFiles/CMakeTmp

Run Build Command:/usr/bin/make "cmTryCompileExec2978183748/fast"
/usr/bin/make -f CMakeFiles/cmTryCompileExec2978183748.dir/build.make CMakeFiles/cmTryCompileExec2978183748.dir/build
"/Applications/CMake 2.8-9.app/Contents/bin/cmake" -E cmake_progress_report /Users/zhaot/Work/neutube/neurolabi/c/cmake_build/CMakeFiles/CMakeTmp/CMakeFiles 1
Building C object CMakeFiles/cmTryCompileExec2978183748.dir/CheckIncludeFiles.c.o
/usr/bin/gcc    -o CMakeFiles/cmTryCompileExec2978183748.dir/CheckIncludeFiles.c.o   -c /Users/zhaot/Work/neutube/neurolabi/c/cmake_build/CMakeFiles/CMakeTmp/CheckIncludeFiles.c
Linking C executable cmTryCompileExec2978183748
"/Applications/CMake 2.8-9.app/Contents/bin/cmake" -E cmake_link_script CMakeFiles/cmTryCompileExec2978183748.dir/link.txt --verbose=1
/usr/bin/gcc      -Wl,-search_paths_first -Wl,-headerpad_max_install_names   CMakeFiles/cmTryCompileExec2978183748.dir/CheckIncludeFiles.c.o  -o cmTryCompileExec2978183748  


Determining if files sys/time.h exist passed with the following output:
Change Dir: /Users/zhaot/Work/neutube/neurolabi/c/cmake_build/CMakeFiles/CMakeTmp

Run Build Command:/usr/bin/make "cmTryCompileExec2227742499/fast"
/usr/bin/make -f CMakeFiles/cmTryCompileExec2227742499.dir/build.make CMakeFiles/cmTryCompileExec2227742499.dir/build
"/Applications/CMake 2.8-9.app/Contents/bin/cmake" -E cmake_progress_report /Users/zhaot/Work/neutube/neurolabi/c/cmake_build/CMakeFiles/CMakeTmp/CMakeFiles 1
Building C object CMakeFiles/cmTryCompileExec2227742499.dir/CheckIncludeFiles.c.o
/usr/bin/gcc    -o CMakeFiles/cmTryCompileExec2227742499.dir/CheckIncludeFiles.c.o   -c /Users/zhaot/Work/neutube/neurolabi/c/cmake_build/CMakeFiles/CMakeTmp/CheckIncludeFiles.c
Linking C executable cmTryCompileExec2227742499
"/Applications/CMake 2.8-9.app/Contents/bin/cmake" -E cmake_link_script CMakeFiles/cmTryCompileExec2227742499.dir/link.txt --verbose=1
/usr/bin/gcc      -Wl,-search_paths_first -Wl,-headerpad_max_install_names   CMakeFiles/cmTryCompileExec2227742499.dir/CheckIncludeFiles.c.o  -o cmTryCompileExec2227742499  


Determining if files unistd.h exist passed with the following output:
Change Dir: /Users/zhaot/Work/neutube/neurolabi/c/cmake_build/CMakeFiles/CMakeTmp

Run Build Command:/usr/bin/make "cmTryCompileExec3935509852/fast"
/usr/bin/make -f CMakeFiles/cmTryCompileExec3935509852.dir/build.make CMakeFiles/cmTryCompileExec3935509852.dir/build
"/Applications/CMake 2.8-9.app/Contents/bin/cmake" -E cmake_progress_report /Users/zhaot/Work/neutube/neurolabi/c/cmake_build/CMakeFiles/CMakeTmp/CMakeFiles 1
Building C object CMakeFiles/cmTryCompileExec3935509852.dir/CheckIncludeFiles.c.o
/usr/bin/gcc    -o CMakeFiles/cmTryCompileExec3935509852.dir/CheckIncludeFiles.c.o   -c /Users/zhaot/Work/neutube/neurolabi/c/cmake_build/CMakeFiles/CMakeTmp/CheckIncludeFiles.c
Linking C executable cmTryCompileExec3935509852
"/Applications/CMake 2.8-9.app/Contents/bin/cmake" -E cmake_link_script CMakeFiles/cmTryCompileExec3935509852.dir/link.txt --verbose=1
/usr/bin/gcc      -Wl,-search_paths_first -Wl,-headerpad_max_install_names   CMakeFiles/cmTryCompileExec3935509852.dir/CheckIncludeFiles.c.o  -o cmTryCompileExec3935509852  


Determining if files regex.h exist passed with the following output:
Change Dir: /Users/zhaot/Work/neutube/neurolabi/c/cmake_build/CMakeFiles/CMakeTmp

Run Build Command:/usr/bin/make "cmTryCompileExec2431240211/fast"
/usr/bin/make -f CMakeFiles/cmTryCompileExec2431240211.dir/build.make CMakeFiles/cmTryCompileExec2431240211.dir/build
"/Applications/CMake 2.8-9.app/Contents/bin/cmake" -E cmake_progress_report /Users/zhaot/Work/neutube/neurolabi/c/cmake_build/CMakeFiles/CMakeTmp/CMakeFiles 1
Building C object CMakeFiles/cmTryCompileExec2431240211.dir/CheckIncludeFiles.c.o
/usr/bin/gcc    -o CMakeFiles/cmTryCompileExec2431240211.dir/CheckIncludeFiles.c.o   -c /Users/zhaot/Work/neutube/neurolabi/c/cmake_build/CMakeFiles/CMakeTmp/CheckIncludeFiles.c
Linking C executable cmTryCompileExec2431240211
"/Applications/CMake 2.8-9.app/Contents/bin/cmake" -E cmake_link_script CMakeFiles/cmTryCompileExec2431240211.dir/link.txt --verbose=1
/usr/bin/gcc      -Wl,-search_paths_first -Wl,-headerpad_max_install_names   CMakeFiles/cmTryCompileExec2431240211.dir/CheckIncludeFiles.c.o  -o cmTryCompileExec2431240211  


Determining if files dirent.h exist passed with the following output:
Change Dir: /Users/zhaot/Work/neutube/neurolabi/c/cmake_build/CMakeFiles/CMakeTmp

Run Build Command:/usr/bin/make "cmTryCompileExec4084651669/fast"
/usr/bin/make -f CMakeFiles/cmTryCompileExec4084651669.dir/build.make CMakeFiles/cmTryCompileExec4084651669.dir/build
"/Applications/CMake 2.8-9.app/Contents/bin/cmake" -E cmake_progress_report /Users/zhaot/Work/neutube/neurolabi/c/cmake_build/CMakeFiles/CMakeTmp/CMakeFiles 1
Building C object CMakeFiles/cmTryCompileExec4084651669.dir/CheckIncludeFiles.c.o
/usr/bin/gcc    -o CMakeFiles/cmTryCompileExec4084651669.dir/CheckIncludeFiles.c.o   -c /Users/zhaot/Work/neutube/neurolabi/c/cmake_build/CMakeFiles/CMakeTmp/CheckIncludeFiles.c
Linking C executable cmTryCompileExec4084651669
"/Applications/CMake 2.8-9.app/Contents/bin/cmake" -E cmake_link_script CMakeFiles/cmTryCompileExec4084651669.dir/link.txt --verbose=1
/usr/bin/gcc      -Wl,-search_paths_first -Wl,-headerpad_max_install_names   CMakeFiles/cmTryCompileExec4084651669.dir/CheckIncludeFiles.c.o  -o cmTryCompileExec4084651669  


Determining if the function bzero exists passed with the following output:
Change Dir: /Users/zhaot/Work/neutube/neurolabi/c/cmake_build/CMakeFiles/CMakeTmp

Run Build Command:/usr/bin/make "cmTryCompileExec2431243794/fast"
/usr/bin/make -f CMakeFiles/cmTryCompileExec2431243794.dir/build.make CMakeFiles/cmTryCompileExec2431243794.dir/build
"/Applications/CMake 2.8-9.app/Contents/bin/cmake" -E cmake_progress_report /Users/zhaot/Work/neutube/neurolabi/c/cmake_build/CMakeFiles/CMakeTmp/CMakeFiles 1
Building C object CMakeFiles/cmTryCompileExec2431243794.dir/CheckFunctionExists.c.o
/usr/bin/gcc   -DCHECK_FUNCTION_EXISTS=bzero   -o CMakeFiles/cmTryCompileExec2431243794.dir/CheckFunctionExists.c.o   -c "/Applications/CMake 2.8-9.app/Contents/share/cmake-2.8/Modules/CheckFunctionExists.c"
/Applications/CMake 2.8-9.app/Contents/share/cmake-2.8/Modules/CheckFunctionExists.c:3: warning: conflicting types for built-in function ‘bzero’
Linking C executable cmTryCompileExec2431243794
"/Applications/CMake 2.8-9.app/Contents/bin/cmake" -E cmake_link_script CMakeFiles/cmTryCompileExec2431243794.dir/link.txt --verbose=1
/usr/bin/gcc     -DCHECK_FUNCTION_EXISTS=bzero -Wl,-search_paths_first -Wl,-headerpad_max_install_names   CMakeFiles/cmTryCompileExec2431243794.dir/CheckFunctionExists.c.o  -o cmTryCompileExec2431243794  


Determining if the function floor exists passed with the following output:
Change Dir: /Users/zhaot/Work/neutube/neurolabi/c/cmake_build/CMakeFiles/CMakeTmp

Run Build Command:/usr/bin/make "cmTryCompileExec1812339741/fast"
/usr/bin/make -f CMakeFiles/cmTryCompileExec1812339741.dir/build.make CMakeFiles/cmTryCompileExec1812339741.dir/build
"/Applications/CMake 2.8-9.app/Contents/bin/cmake" -E cmake_progress_report /Users/zhaot/Work/neutube/neurolabi/c/cmake_build/CMakeFiles/CMakeTmp/CMakeFiles 1
Building C object CMakeFiles/cmTryCompileExec1812339741.dir/CheckFunctionExists.c.o
/usr/bin/gcc   -DCHECK_FUNCTION_EXISTS=floor   -o CMakeFiles/cmTryCompileExec1812339741.dir/CheckFunctionExists.c.o   -c "/Applications/CMake 2.8-9.app/Contents/share/cmake-2.8/Modules/CheckFunctionExists.c"
/Applications/CMake 2.8-9.app/Contents/share/cmake-2.8/Modules/CheckFunctionExists.c:3: warning: conflicting types for built-in function ‘floor’
Linking C executable cmTryCompileExec1812339741
"/Applications/CMake 2.8-9.app/Contents/bin/cmake" -E cmake_link_script CMakeFiles/cmTryCompileExec1812339741.dir/link.txt --verbose=1
/usr/bin/gcc     -DCHECK_FUNCTION_EXISTS=floor -Wl,-search_paths_first -Wl,-headerpad_max_install_names   CMakeFiles/cmTryCompileExec1812339741.dir/CheckFunctionExists.c.o  -o cmTryCompileExec1812339741  


Determining if the function round exists passed with the following output:
Change Dir: /Users/zhaot/Work/neutube/neurolabi/c/cmake_build/CMakeFiles/CMakeTmp

Run Build Command:/usr/bin/make "cmTryCompileExec3987689262/fast"
/usr/bin/make -f CMakeFiles/cmTryCompileExec3987689262.dir/build.make CMakeFiles/cmTryCompileExec3987689262.dir/build
"/Applications/CMake 2.8-9.app/Contents/bin/cmake" -E cmake_progress_report /Users/zhaot/Work/neutube/neurolabi/c/cmake_build/CMakeFiles/CMakeTmp/CMakeFiles 1
Building C object CMakeFiles/cmTryCompileExec3987689262.dir/CheckFunctionExists.c.o
/usr/bin/gcc   -DCHECK_FUNCTION_EXISTS=round   -o CMakeFiles/cmTryCompileExec3987689262.dir/CheckFunctionExists.c.o   -c "/Applications/CMake 2.8-9.app/Contents/share/cmake-2.8/Modules/CheckFunctionExists.c"
/Applications/CMake 2.8-9.app/Contents/share/cmake-2.8/Modules/CheckFunctionExists.c:3: warning: conflicting types for built-in function ‘round’
Linking C executable cmTryCompileExec3987689262
"/Applications/CMake 2.8-9.app/Contents/bin/cmake" -E cmake_link_script CMakeFiles/cmTryCompileExec3987689262.dir/link.txt --verbose=1
/usr/bin/gcc     -DCHECK_FUNCTION_EXISTS=round -Wl,-search_paths_first -Wl,-headerpad_max_install_names   CMakeFiles/cmTryCompileExec3987689262.dir/CheckFunctionExists.c.o  -o cmTryCompileExec3987689262  


Determining if the function lrint exists passed with the following output:
Change Dir: /Users/zhaot/Work/neutube/neurolabi/c/cmake_build/CMakeFiles/CMakeTmp

Run Build Command:/usr/bin/make "cmTryCompileExec72598399/fast"
/usr/bin/make -f CMakeFiles/cmTryCompileExec72598399.dir/build.make CMakeFiles/cmTryCompileExec72598399.dir/build
"/Applications/CMake 2.8-9.app/Contents/bin/cmake" -E cmake_progress_report /Users/zhaot/Work/neutube/neurolabi/c/cmake_build/CMakeFiles/CMakeTmp/CMakeFiles 1
Building C object CMakeFiles/cmTryCompileExec72598399.dir/CheckFunctionExists.c.o
/usr/bin/gcc   -DCHECK_FUNCTION_EXISTS=lrint   -o CMakeFiles/cmTryCompileExec72598399.dir/CheckFunctionExists.c.o   -c "/Applications/CMake 2.8-9.app/Contents/share/cmake-2.8/Modules/CheckFunctionExists.c"
/Applications/CMake 2.8-9.app/Contents/share/cmake-2.8/Modules/CheckFunctionExists.c:3: warning: conflicting types for built-in function ‘lrint’
Linking C executable cmTryCompileExec72598399
"/Applications/CMake 2.8-9.app/Contents/bin/cmake" -E cmake_link_script CMakeFiles/cmTryCompileExec72598399.dir/link.txt --verbose=1
/usr/bin/gcc     -DCHECK_FUNCTION_EXISTS=lrint -Wl,-search_paths_first -Wl,-headerpad_max_install_names   CMakeFiles/cmTryCompileExec72598399.dir/CheckFunctionExists.c.o  -o cmTryCompileExec72598399  


Determining if the function gettimeofday exists passed with the following output:
Change Dir: /Users/zhaot/Work/neutube/neurolabi/c/cmake_build/CMakeFiles/CMakeTmp

Run Build Command:/usr/bin/make "cmTryCompileExec3046717054/fast"
/usr/bin/make -f CMakeFiles/cmTryCompileExec3046717054.dir/build.make CMakeFiles/cmTryCompileExec3046717054.dir/build
"/Applications/CMake 2.8-9.app/Contents/bin/cmake" -E cmake_progress_report /Users/zhaot/Work/neutube/neurolabi/c/cmake_build/CMakeFiles/CMakeTmp/CMakeFiles 1
Building C object CMakeFiles/cmTryCompileExec3046717054.dir/CheckFunctionExists.c.o
/usr/bin/gcc   -DCHECK_FUNCTION_EXISTS=gettimeofday   -o CMakeFiles/cmTryCompileExec3046717054.dir/CheckFunctionExists.c.o   -c "/Applications/CMake 2.8-9.app/Contents/share/cmake-2.8/Modules/CheckFunctionExists.c"
Linking C executable cmTryCompileExec3046717054
"/Applications/CMake 2.8-9.app/Contents/bin/cmake" -E cmake_link_script CMakeFiles/cmTryCompileExec3046717054.dir/link.txt --verbose=1
/usr/bin/gcc     -DCHECK_FUNCTION_EXISTS=gettimeofday -Wl,-search_paths_first -Wl,-headerpad_max_install_names   CMakeFiles/cmTryCompileExec3046717054.dir/CheckFunctionExists.c.o  -o cmTryCompileExec3046717054  


Determining if the function memmove exists passed with the following output:
Change Dir: /Users/zhaot/Work/neutube/neurolabi/c/cmake_build/CMakeFiles/CMakeTmp

Run Build Command:/usr/bin/make "cmTryCompileExec2347387225/fast"
/usr/bin/make -f CMakeFiles/cmTryCompileExec2347387225.dir/build.make CMakeFiles/cmTryCompileExec2347387225.dir/build
"/Applications/CMake 2.8-9.app/Contents/bin/cmake" -E cmake_progress_report /Users/zhaot/Work/neutube/neurolabi/c/cmake_build/CMakeFiles/CMakeTmp/CMakeFiles 1
Building C object CMakeFiles/cmTryCompileExec2347387225.dir/CheckFunctionExists.c.o
/usr/bin/gcc   -DCHECK_FUNCTION_EXISTS=memmove   -o CMakeFiles/cmTryCompileExec2347387225.dir/CheckFunctionExists.c.o   -c "/Applications/CMake 2.8-9.app/Contents/share/cmake-2.8/Modules/CheckFunctionExists.c"
/Applications/CMake 2.8-9.app/Contents/share/cmake-2.8/Modules/CheckFunctionExists.c:3: warning: conflicting types for built-in function ‘memmove’
Linking C executable cmTryCompileExec2347387225
"/Applications/CMake 2.8-9.app/Contents/bin/cmake" -E cmake_link_script CMakeFiles/cmTryCompileExec2347387225.dir/link.txt --verbose=1
/usr/bin/gcc     -DCHECK_FUNCTION_EXISTS=memmove -Wl,-search_paths_first -Wl,-headerpad_max_install_names   CMakeFiles/cmTryCompileExec2347387225.dir/CheckFunctionExists.c.o  -o cmTryCompileExec2347387225  


Determining if the function memset exists passed with the following output:
Change Dir: /Users/zhaot/Work/neutube/neurolabi/c/cmake_build/CMakeFiles/CMakeTmp

Run Build Command:/usr/bin/make "cmTryCompileExec3852231380/fast"
/usr/bin/make -f CMakeFiles/cmTryCompileExec3852231380.dir/build.make CMakeFiles/cmTryCompileExec3852231380.dir/build
"/Applications/CMake 2.8-9.app/Contents/bin/cmake" -E cmake_progress_report /Users/zhaot/Work/neutube/neurolabi/c/cmake_build/CMakeFiles/CMakeTmp/CMakeFiles 1
Building C object CMakeFiles/cmTryCompileExec3852231380.dir/CheckFunctionExists.c.o
/usr/bin/gcc   -DCHECK_FUNCTION_EXISTS=memset   -o CMakeFiles/cmTryCompileExec3852231380.dir/CheckFunctionExists.c.o   -c "/Applications/CMake 2.8-9.app/Contents/share/cmake-2.8/Modules/CheckFunctionExists.c"
/Applications/CMake 2.8-9.app/Contents/share/cmake-2.8/Modules/CheckFunctionExists.c:3: warning: conflicting types for built-in function ‘memset’
Linking C executable cmTryCompileExec3852231380
"/Applications/CMake 2.8-9.app/Contents/bin/cmake" -E cmake_link_script CMakeFiles/cmTryCompileExec3852231380.dir/link.txt --verbose=1
/usr/bin/gcc     -DCHECK_FUNCTION_EXISTS=memset -Wl,-search_paths_first -Wl,-headerpad_max_install_names   CMakeFiles/cmTryCompileExec3852231380.dir/CheckFunctionExists.c.o  -o cmTryCompileExec3852231380  


Determining if the function regcomp exists passed with the following output:
Change Dir: /Users/zhaot/Work/neutube/neurolabi/c/cmake_build/CMakeFiles/CMakeTmp

Run Build Command:/usr/bin/make "cmTryCompileExec558668878/fast"
/usr/bin/make -f CMakeFiles/cmTryCompileExec558668878.dir/build.make CMakeFiles/cmTryCompileExec558668878.dir/build
"/Applications/CMake 2.8-9.app/Contents/bin/cmake" -E cmake_progress_report /Users/zhaot/Work/neutube/neurolabi/c/cmake_build/CMakeFiles/CMakeTmp/CMakeFiles 1
Building C object CMakeFiles/cmTryCompileExec558668878.dir/CheckFunctionExists.c.o
/usr/bin/gcc   -DCHECK_FUNCTION_EXISTS=regcomp   -o CMakeFiles/cmTryCompileExec558668878.dir/CheckFunctionExists.c.o   -c "/Applications/CMake 2.8-9.app/Contents/share/cmake-2.8/Modules/CheckFunctionExists.c"
Linking C executable cmTryCompileExec558668878
"/Applications/CMake 2.8-9.app/Contents/bin/cmake" -E cmake_link_script CMakeFiles/cmTryCompileExec558668878.dir/link.txt --verbose=1
/usr/bin/gcc     -DCHECK_FUNCTION_EXISTS=regcomp -Wl,-search_paths_first -Wl,-headerpad_max_install_names   CMakeFiles/cmTryCompileExec558668878.dir/CheckFunctionExists.c.o  -o cmTryCompileExec558668878  


Determining if the function sqrt exists passed with the following output:
Change Dir: /Users/zhaot/Work/neutube/neurolabi/c/cmake_build/CMakeFiles/CMakeTmp

Run Build Command:/usr/bin/make "cmTryCompileExec151253799/fast"
/usr/bin/make -f CMakeFiles/cmTryCompileExec151253799.dir/build.make CMakeFiles/cmTryCompileExec151253799.dir/build
"/Applications/CMake 2.8-9.app/Contents/bin/cmake" -E cmake_progress_report /Users/zhaot/Work/neutube/neurolabi/c/cmake_build/CMakeFiles/CMakeTmp/CMakeFiles 1
Building C object CMakeFiles/cmTryCompileExec151253799.dir/CheckFunctionExists.c.o
/usr/bin/gcc   -DCHECK_FUNCTION_EXISTS=sqrt   -o CMakeFiles/cmTryCompileExec151253799.dir/CheckFunctionExists.c.o   -c "/Applications/CMake 2.8-9.app/Contents/share/cmake-2.8/Modules/CheckFunctionExists.c"
/Applications/CMake 2.8-9.app/Contents/share/cmake-2.8/Modules/CheckFunctionExists.c:3: warning: conflicting types for built-in function ‘sqrt’
Linking C executable cmTryCompileExec151253799
"/Applications/CMake 2.8-9.app/Contents/bin/cmake" -E cmake_link_script CMakeFiles/cmTryCompileExec151253799.dir/link.txt --verbose=1
/usr/bin/gcc     -DCHECK_FUNCTION_EXISTS=sqrt -Wl,-search_paths_first -Wl,-headerpad_max_install_names   CMakeFiles/cmTryCompileExec151253799.dir/CheckFunctionExists.c.o  -o cmTryCompileExec151253799  


Determining if the function memset_pattern4 exists passed with the following output:
Change Dir: /Users/zhaot/Work/neutube/neurolabi/c/cmake_build/CMakeFiles/CMakeTmp

Run Build Command:/usr/bin/make "cmTryCompileExec2098086441/fast"
/usr/bin/make -f CMakeFiles/cmTryCompileExec2098086441.dir/build.make CMakeFiles/cmTryCompileExec2098086441.dir/build
"/Applications/CMake 2.8-9.app/Contents/bin/cmake" -E cmake_progress_report /Users/zhaot/Work/neutube/neurolabi/c/cmake_build/CMakeFiles/CMakeTmp/CMakeFiles 1
Building C object CMakeFiles/cmTryCompileExec2098086441.dir/CheckFunctionExists.c.o
/usr/bin/gcc   -DCHECK_FUNCTION_EXISTS=memset_pattern4   -o CMakeFiles/cmTryCompileExec2098086441.dir/CheckFunctionExists.c.o   -c "/Applications/CMake 2.8-9.app/Contents/share/cmake-2.8/Modules/CheckFunctionExists.c"
Linking C executable cmTryCompileExec2098086441
"/Applications/CMake 2.8-9.app/Contents/bin/cmake" -E cmake_link_script CMakeFiles/cmTryCompileExec2098086441.dir/link.txt --verbose=1
/usr/bin/gcc     -DCHECK_FUNCTION_EXISTS=memset_pattern4 -Wl,-search_paths_first -Wl,-headerpad_max_install_names   CMakeFiles/cmTryCompileExec2098086441.dir/CheckFunctionExists.c.o  -o cmTryCompileExec2098086441  


Determining if the function fgetln exists passed with the following output:
Change Dir: /Users/zhaot/Work/neutube/neurolabi/c/cmake_build/CMakeFiles/CMakeTmp

Run Build Command:/usr/bin/make "cmTryCompileExec3769930651/fast"
/usr/bin/make -f CMakeFiles/cmTryCompileExec3769930651.dir/build.make CMakeFiles/cmTryCompileExec3769930651.dir/build
"/Applications/CMake 2.8-9.app/Contents/bin/cmake" -E cmake_progress_report /Users/zhaot/Work/neutube/neurolabi/c/cmake_build/CMakeFiles/CMakeTmp/CMakeFiles 1
Building C object CMakeFiles/cmTryCompileExec3769930651.dir/CheckFunctionExists.c.o
/usr/bin/gcc   -DCHECK_FUNCTION_EXISTS=fgetln   -o CMakeFiles/cmTryCompileExec3769930651.dir/CheckFunctionExists.c.o   -c "/Applications/CMake 2.8-9.app/Contents/share/cmake-2.8/Modules/CheckFunctionExists.c"
Linking C executable cmTryCompileExec3769930651
"/Applications/CMake 2.8-9.app/Contents/bin/cmake" -E cmake_link_script CMakeFiles/cmTryCompileExec3769930651.dir/link.txt --verbose=1
/usr/bin/gcc     -DCHECK_FUNCTION_EXISTS=fgetln -Wl,-search_paths_first -Wl,-headerpad_max_install_names   CMakeFiles/cmTryCompileExec3769930651.dir/CheckFunctionExists.c.o  -o cmTryCompileExec3769930651  


Determining if the include file sys/types.h exists passed with the following output:
Change Dir: /Users/zhaot/Work/neutube/neurolabi/c/cmake_build/CMakeFiles/CMakeTmp

Run Build Command:/usr/bin/make "cmTryCompileExec2450841778/fast"
/usr/bin/make -f CMakeFiles/cmTryCompileExec2450841778.dir/build.make CMakeFiles/cmTryCompileExec2450841778.dir/build
"/Applications/CMake 2.8-9.app/Contents/bin/cmake" -E cmake_progress_report /Users/zhaot/Work/neutube/neurolabi/c/cmake_build/CMakeFiles/CMakeTmp/CMakeFiles 1
Building C object CMakeFiles/cmTryCompileExec2450841778.dir/CheckIncludeFile.c.o
/usr/bin/gcc    -o CMakeFiles/cmTryCompileExec2450841778.dir/CheckIncludeFile.c.o   -c /Users/zhaot/Work/neutube/neurolabi/c/cmake_build/CMakeFiles/CMakeTmp/CheckIncludeFile.c
Linking C executable cmTryCompileExec2450841778
"/Applications/CMake 2.8-9.app/Contents/bin/cmake" -E cmake_link_script CMakeFiles/cmTryCompileExec2450841778.dir/link.txt --verbose=1
/usr/bin/gcc      -Wl,-search_paths_first -Wl,-headerpad_max_install_names   CMakeFiles/cmTryCompileExec2450841778.dir/CheckIncludeFile.c.o  -o cmTryCompileExec2450841778  


Determining size of char passed with the following output:
Change Dir: /Users/zhaot/Work/neutube/neurolabi/c/cmake_build/CMakeFiles/CMakeTmp

Run Build Command:/usr/bin/make "cmTryCompileExec2377796886/fast"
/usr/bin/make -f CMakeFiles/cmTryCompileExec2377796886.dir/build.make CMakeFiles/cmTryCompileExec2377796886.dir/build
"/Applications/CMake 2.8-9.app/Contents/bin/cmake" -E cmake_progress_report /Users/zhaot/Work/neutube/neurolabi/c/cmake_build/CMakeFiles/CMakeTmp/CMakeFiles 1
Building C object CMakeFiles/cmTryCompileExec2377796886.dir/SIZEOF_CHAR.c.o
/usr/bin/gcc    -o CMakeFiles/cmTryCompileExec2377796886.dir/SIZEOF_CHAR.c.o   -c /Users/zhaot/Work/neutube/neurolabi/c/cmake_build/CMakeFiles/CheckTypeSize/SIZEOF_CHAR.c
Linking C executable cmTryCompileExec2377796886
"/Applications/CMake 2.8-9.app/Contents/bin/cmake" -E cmake_link_script CMakeFiles/cmTryCompileExec2377796886.dir/link.txt --verbose=1
/usr/bin/gcc      -Wl,-search_paths_first -Wl,-headerpad_max_install_names   CMakeFiles/cmTryCompileExec2377796886.dir/SIZEOF_CHAR.c.o  -o cmTryCompileExec2377796886  


Determining size of int passed with the following output:
Change Dir: /Users/zhaot/Work/neutube/neurolabi/c/cmake_build/CMakeFiles/CMakeTmp

Run Build Command:/usr/bin/make "cmTryCompileExec2504051673/fast"
/usr/bin/make -f CMakeFiles/cmTryCompileExec2504051673.dir/build.make CMakeFiles/cmTryCompileExec2504051673.dir/build
"/Applications/CMake 2.8-9.app/Contents/bin/cmake" -E cmake_progress_report /Users/zhaot/Work/neutube/neurolabi/c/cmake_build/CMakeFiles/CMakeTmp/CMakeFiles 1
Building C object CMakeFiles/cmTryCompileExec2504051673.dir/SIZEOF_INT.c.o
/usr/bin/gcc    -o CMakeFiles/cmTryCompileExec2504051673.dir/SIZEOF_INT.c.o   -c /Users/zhaot/Work/neutube/neurolabi/c/cmake_build/CMakeFiles/CheckTypeSize/SIZEOF_INT.c
Linking C executable cmTryCompileExec2504051673
"/Applications/CMake 2.8-9.app/Contents/bin/cmake" -E cmake_link_script CMakeFiles/cmTryCompileExec2504051673.dir/link.txt --verbose=1
/usr/bin/gcc      -Wl,-search_paths_first -Wl,-headerpad_max_install_names   CMakeFiles/cmTryCompileExec2504051673.dir/SIZEOF_INT.c.o  -o cmTryCompileExec2504051673  


Determining size of short passed with the following output:
Change Dir: /Users/zhaot/Work/neutube/neurolabi/c/cmake_build/CMakeFiles/CMakeTmp

Run Build Command:/usr/bin/make "cmTryCompileExec3173445121/fast"
/usr/bin/make -f CMakeFiles/cmTryCompileExec3173445121.dir/build.make CMakeFiles/cmTryCompileExec3173445121.dir/build
"/Applications/CMake 2.8-9.app/Contents/bin/cmake" -E cmake_progress_report /Users/zhaot/Work/neutube/neurolabi/c/cmake_build/CMakeFiles/CMakeTmp/CMakeFiles 1
Building C object CMakeFiles/cmTryCompileExec3173445121.dir/SIZEOF_SHORT.c.o
/usr/bin/gcc    -o CMakeFiles/cmTryCompileExec3173445121.dir/SIZEOF_SHORT.c.o   -c /Users/zhaot/Work/neutube/neurolabi/c/cmake_build/CMakeFiles/CheckTypeSize/SIZEOF_SHORT.c
Linking C executable cmTryCompileExec3173445121
"/Applications/CMake 2.8-9.app/Contents/bin/cmake" -E cmake_link_script CMakeFiles/cmTryCompileExec3173445121.dir/link.txt --verbose=1
/usr/bin/gcc      -Wl,-search_paths_first -Wl,-headerpad_max_install_names   CMakeFiles/cmTryCompileExec3173445121.dir/SIZEOF_SHORT.c.o  -o cmTryCompileExec3173445121  


Determining size of long passed with the following output:
Change Dir: /Users/zhaot/Work/neutube/neurolabi/c/cmake_build/CMakeFiles/CMakeTmp

Run Build Command:/usr/bin/make "cmTryCompileExec1533157821/fast"
/usr/bin/make -f CMakeFiles/cmTryCompileExec1533157821.dir/build.make CMakeFiles/cmTryCompileExec1533157821.dir/build
"/Applications/CMake 2.8-9.app/Contents/bin/cmake" -E cmake_progress_report /Users/zhaot/Work/neutube/neurolabi/c/cmake_build/CMakeFiles/CMakeTmp/CMakeFiles 1
Building C object CMakeFiles/cmTryCompileExec1533157821.dir/SIZEOF_LONG.c.o
/usr/bin/gcc    -o CMakeFiles/cmTryCompileExec1533157821.dir/SIZEOF_LONG.c.o   -c /Users/zhaot/Work/neutube/neurolabi/c/cmake_build/CMakeFiles/CheckTypeSize/SIZEOF_LONG.c
Linking C executable cmTryCompileExec1533157821
"/Applications/CMake 2.8-9.app/Contents/bin/cmake" -E cmake_link_script CMakeFiles/cmTryCompileExec1533157821.dir/link.txt --verbose=1
/usr/bin/gcc      -Wl,-search_paths_first -Wl,-headerpad_max_install_names   CMakeFiles/cmTryCompileExec1533157821.dir/SIZEOF_LONG.c.o  -o cmTryCompileExec1533157821  


Determining if the function xmlParseFile exists in the /usr/lib/libxml2.dylib passed with the following output:
Change Dir: /Users/zhaot/Work/neutube/neurolabi/c/cmake_build/CMakeFiles/CMakeTmp

Run Build Command:/usr/bin/make "cmTryCompileExec2612706061/fast"
/usr/bin/make -f CMakeFiles/cmTryCompileExec2612706061.dir/build.make CMakeFiles/cmTryCompileExec2612706061.dir/build
"/Applications/CMake 2.8-9.app/Contents/bin/cmake" -E cmake_progress_report /Users/zhaot/Work/neutube/neurolabi/c/cmake_build/CMakeFiles/CMakeTmp/CMakeFiles 1
Building C object CMakeFiles/cmTryCompileExec2612706061.dir/CheckFunctionExists.c.o
/usr/bin/gcc   -DCHECK_FUNCTION_EXISTS=xmlParseFile   -o CMakeFiles/cmTryCompileExec2612706061.dir/CheckFunctionExists.c.o   -c "/Applications/CMake 2.8-9.app/Contents/share/cmake-2.8/Modules/CheckFunctionExists.c"
Linking C executable cmTryCompileExec2612706061
"/Applications/CMake 2.8-9.app/Contents/bin/cmake" -E cmake_link_script CMakeFiles/cmTryCompileExec2612706061.dir/link.txt --verbose=1
/usr/bin/gcc     -DCHECK_FUNCTION_EXISTS=xmlParseFile -Wl,-search_paths_first -Wl,-headerpad_max_install_names   CMakeFiles/cmTryCompileExec2612706061.dir/CheckFunctionExists.c.o  -o cmTryCompileExec2612706061  /usr/lib/libxml2.dylib 


