This file contains any messages produced by compilers while
running configure, to aid debugging if configure makes a mistake.

It was created by neurolabi configure 1.0, which was
generated by GNU Autoconf 2.69.  Invocation command line was

  $ ./configure CFLAGS=-I/Users/zhaot/local/include LDFLAGS=-L/Users/zhaot/local/lib --enable-64bit

## --------- ##
## Platform. ##
## --------- ##

hostname = midgleyf-lm4.janelia.priv
uname -m = x86_64
uname -r = 11.4.2
uname -s = Darwin
uname -v = Darwin Kernel Version 11.4.2: Thu Aug 23 16:25:48 PDT 2012; root:xnu-1699.32.7~1/RELEASE_X86_64

/usr/bin/uname -p = i386
/bin/uname -X     = unknown

/bin/arch              = unknown
/usr/bin/arch -k       = unknown
/usr/convex/getsysinfo = unknown
/usr/bin/hostinfo      = Mach kernel version:
	 Darwin Kernel Version 11.4.2: Thu Aug 23 16:25:48 PDT 2012; root:xnu-1699.32.7~1/RELEASE_X86_64
Kernel configured for up to 8 processors.
4 processors are physically available.
8 processors are logically available.
Processor type: i486 (Intel 80486)
Processors active: 0 1 2 3 4 5 6 7
Primary memory available: 16.00 gigabytes
Default processor set: 155 tasks, 987 threads, 8 processors
Load average: 1.50, Mach factor: 6.49
/bin/machine           = unknown
/usr/bin/oslevel       = unknown
/bin/universe          = unknown

PATH: /Library/Frameworks/Python.framework/Versions/2.7/bin
PATH: /usr/local/bin
PATH: /usr/local/sbin
PATH: /usr/bin
PATH: /bin
PATH: /usr/sbin
PATH: /sbin
PATH: /usr/local/bin
PATH: /usr/X11/bin
PATH: /usr/texbin
PATH: /Users/zhaot/bin
PATH: /Users/zhaot/QtSDK/Desktop/Qt/4.8.1/gcc/bin


## ----------- ##
## Core tests. ##
## ----------- ##

configure:2412: checking for gcc
configure:2428: found /usr/bin/gcc
configure:2439: result: gcc
configure:2668: checking for C compiler version
configure:2677: gcc --version >&5
i686-apple-darwin11-llvm-gcc-4.2 (GCC) 4.2.1 (Based on Apple Inc. build 5658) (LLVM build 2336.11.00)
Copyright (C) 2007 Free Software Foundation, Inc.
This is free software; see the source for copying conditions.  There is NO
warranty; not even for MERCHANTABILITY or FITNESS FOR A PARTICULAR PURPOSE.

configure:2688: $? = 0
configure:2677: gcc -v >&5
Using built-in specs.
Target: i686-apple-darwin11
Configured with: /private/var/tmp/llvmgcc42/llvmgcc42-2336.11~28/src/configure --disable-checking --enable-werror --prefix=/Applications/Xcode.app/Contents/Developer/usr/llvm-gcc-4.2 --mandir=/share/man --enable-languages=c,objc,c++,obj-c++ --program-prefix=llvm- --program-transform-name=/^[cg][^.-]*$/s/$/-4.2/ --with-slibdir=/usr/lib --build=i686-apple-darwin11 --enable-llvm=/private/var/tmp/llvmgcc42/llvmgcc42-2336.11~28/dst-llvmCore/Developer/usr/local --program-prefix=i686-apple-darwin11- --host=x86_64-apple-darwin11 --target=i686-apple-darwin11 --with-gxx-include-dir=/usr/include/c++/4.2.1
Thread model: posix
gcc version 4.2.1 (Based on Apple Inc. build 5658) (LLVM build 2336.11.00)
configure:2688: $? = 0
configure:2677: gcc -V >&5
llvm-gcc-4.2: argument to `-V' is missing
configure:2688: $? = 1
configure:2677: gcc -qversion >&5
i686-apple-darwin11-llvm-gcc-4.2: no input files
configure:2688: $? = 1
configure:2708: checking whether the C compiler works
configure:2730: gcc -I/Users/zhaot/local/include  -L/Users/zhaot/local/lib conftest.c  >&5
configure:2734: $? = 0
configure:2782: result: yes
configure:2785: checking for C compiler default output file name
configure:2787: result: a.out
configure:2793: checking for suffix of executables
configure:2800: gcc -o conftest -I/Users/zhaot/local/include  -L/Users/zhaot/local/lib conftest.c  >&5
configure:2804: $? = 0
configure:2826: result: 
configure:2848: checking whether we are cross compiling
configure:2856: gcc -o conftest -I/Users/zhaot/local/include  -L/Users/zhaot/local/lib conftest.c  >&5
configure:2860: $? = 0
configure:2867: ./conftest
configure:2871: $? = 0
configure:2886: result: no
configure:2891: checking for suffix of object files
configure:2913: gcc -c -I/Users/zhaot/local/include  conftest.c >&5
configure:2917: $? = 0
configure:2938: result: o
configure:2942: checking whether we are using the GNU C compiler
configure:2961: gcc -c -I/Users/zhaot/local/include  conftest.c >&5
configure:2961: $? = 0
configure:2970: result: yes
configure:2979: checking whether gcc accepts -g
configure:2999: gcc -c -g  conftest.c >&5
configure:2999: $? = 0
configure:3040: result: yes
configure:3057: checking for gcc option to accept ISO C89
configure:3120: gcc  -c -I/Users/zhaot/local/include  conftest.c >&5
configure:3120: $? = 0
configure:3133: result: none needed
configure:3153: checking whether make sets $(MAKE)
configure:3175: result: yes
configure:3195: checking for fftw_execute in -lfftw3
configure:3220: gcc -o conftest -I/Users/zhaot/local/include  -L/Users/zhaot/local/lib conftest.c -lfftw3   >&5
configure:3220: $? = 0
configure:3229: result: yes
configure:3250: checking for fftwf_execute in -lfftw3f
configure:3275: gcc -o conftest -I/Users/zhaot/local/include  -L/Users/zhaot/local/lib conftest.c -lfftw3f  -lfftw3  >&5
configure:3275: $? = 0
configure:3284: result: yes
configure:3305: checking for compress in -lz
configure:3330: gcc -o conftest -I/Users/zhaot/local/include  -L/Users/zhaot/local/lib conftest.c -lz  -lfftw3f -lfftw3  >&5
configure:3330: $? = 0
configure:3339: result: yes
configure:3360: checking for xmlParseFile in -lxml2
configure:3385: gcc -o conftest -I/Users/zhaot/local/include  -L/Users/zhaot/local/lib conftest.c -lxml2  -lz -lfftw3f -lfftw3  >&5
configure:3385: $? = 0
configure:3394: result: yes
configure:3407: checking for sqrt in -lm
configure:3432: gcc -o conftest -I/Users/zhaot/local/include  -L/Users/zhaot/local/lib conftest.c -lm  -lxml2 -lz -lfftw3f -lfftw3  >&5
conftest.c:20: warning: conflicting types for built-in function 'sqrt'
configure:3432: $? = 0
configure:3441: result: yes
configure:3461: checking for png_read_image in -lpng
configure:3486: gcc -o conftest -I/Users/zhaot/local/include  -L/Users/zhaot/local/lib conftest.c -lpng  -lm -lxml2 -lz -lfftw3f -lfftw3  >&5
configure:3486: $? = 0
configure:3495: result: yes
configure:3516: checking for json_object in -ljansson
configure:3541: gcc -o conftest -I/Users/zhaot/local/include  -L/Users/zhaot/local/lib conftest.c -ljansson  -lpng -lm -lxml2 -lz -lfftw3f -lfftw3  >&5
configure:3541: $? = 0
configure:3550: result: yes
configure:3571: checking how to run the C preprocessor
configure:3602: gcc -E  conftest.c
configure:3602: $? = 0
configure:3616: gcc -E  conftest.c
conftest.c:16:28: error: ac_nonexistent.h: No such file or directory
configure:3616: $? = 1
configure: failed program was:
| /* confdefs.h */
| #define PACKAGE_NAME "neurolabi"
| #define PACKAGE_TARNAME "neurolabi"
| #define PACKAGE_VERSION "1.0"
| #define PACKAGE_STRING "neurolabi 1.0"
| #define PACKAGE_BUGREPORT "tingzhao@gamil.com"
| #define PACKAGE_URL ""
| #define HAVE_LIBFFTW3 1
| #define HAVE_LIBFFTW3F 1
| #define HAVE_LIBZ 1
| #define HAVE_LIBXML2 1
| #define HAVE_LIBM 1
| #define HAVE_LIBPNG 1
| #define HAVE_LIBJANSSON 1
| /* end confdefs.h.  */
| #include <ac_nonexistent.h>
configure:3641: result: gcc -E
configure:3661: gcc -E  conftest.c
configure:3661: $? = 0
configure:3675: gcc -E  conftest.c
conftest.c:16:28: error: ac_nonexistent.h: No such file or directory
configure:3675: $? = 1
configure: failed program was:
| /* confdefs.h */
| #define PACKAGE_NAME "neurolabi"
| #define PACKAGE_TARNAME "neurolabi"
| #define PACKAGE_VERSION "1.0"
| #define PACKAGE_STRING "neurolabi 1.0"
| #define PACKAGE_BUGREPORT "tingzhao@gamil.com"
| #define PACKAGE_URL ""
| #define HAVE_LIBFFTW3 1
| #define HAVE_LIBFFTW3F 1
| #define HAVE_LIBZ 1
| #define HAVE_LIBXML2 1
| #define HAVE_LIBM 1
| #define HAVE_LIBPNG 1
| #define HAVE_LIBJANSSON 1
| /* end confdefs.h.  */
| #include <ac_nonexistent.h>
configure:3704: checking for grep that handles long lines and -e
configure:3762: result: /usr/bin/grep
configure:3767: checking for egrep
configure:3829: result: /usr/bin/grep -E
configure:3834: checking for ANSI C header files
configure:3854: gcc -c -I/Users/zhaot/local/include  conftest.c >&5
configure:3854: $? = 0
configure:3927: gcc -o conftest -I/Users/zhaot/local/include  -L/Users/zhaot/local/lib conftest.c -ljansson -lpng -lm -lxml2 -lz -lfftw3f -lfftw3  >&5
configure:3927: $? = 0
configure:3927: ./conftest
configure:3927: $? = 0
configure:3938: result: yes
configure:3951: checking for sys/types.h
configure:3951: gcc -c -I/Users/zhaot/local/include  conftest.c >&5
configure:3951: $? = 0
configure:3951: result: yes
configure:3951: checking for sys/stat.h
configure:3951: gcc -c -I/Users/zhaot/local/include  conftest.c >&5
configure:3951: $? = 0
configure:3951: result: yes
configure:3951: checking for stdlib.h
configure:3951: gcc -c -I/Users/zhaot/local/include  conftest.c >&5
configure:3951: $? = 0
configure:3951: result: yes
configure:3951: checking for string.h
configure:3951: gcc -c -I/Users/zhaot/local/include  conftest.c >&5
configure:3951: $? = 0
configure:3951: result: yes
configure:3951: checking for memory.h
configure:3951: gcc -c -I/Users/zhaot/local/include  conftest.c >&5
configure:3951: $? = 0
configure:3951: result: yes
configure:3951: checking for strings.h
configure:3951: gcc -c -I/Users/zhaot/local/include  conftest.c >&5
configure:3951: $? = 0
configure:3951: result: yes
configure:3951: checking for inttypes.h
configure:3951: gcc -c -I/Users/zhaot/local/include  conftest.c >&5
configure:3951: $? = 0
configure:3951: result: yes
configure:3951: checking for stdint.h
configure:3951: gcc -c -I/Users/zhaot/local/include  conftest.c >&5
configure:3951: $? = 0
configure:3951: result: yes
configure:3951: checking for unistd.h
configure:3951: gcc -c -I/Users/zhaot/local/include  conftest.c >&5
configure:3951: $? = 0
configure:3951: result: yes
configure:3966: checking stddef.h usability
configure:3966: gcc -c -I/Users/zhaot/local/include  conftest.c >&5
configure:3966: $? = 0
configure:3966: result: yes
configure:3966: checking stddef.h presence
configure:3966: gcc -E  conftest.c
configure:3966: $? = 0
configure:3966: result: yes
configure:3966: checking for stddef.h
configure:3966: result: yes
configure:3966: checking for stdint.h
configure:3966: result: yes
configure:3966: checking for stdlib.h
configure:3966: result: yes
configure:3966: checking for string.h
configure:3966: result: yes
configure:3966: checking for strings.h
configure:3966: result: yes
configure:3966: checking sys/time.h usability
configure:3966: gcc -c -I/Users/zhaot/local/include  conftest.c >&5
configure:3966: $? = 0
configure:3966: result: yes
configure:3966: checking sys/time.h presence
configure:3966: gcc -E  conftest.c
configure:3966: $? = 0
configure:3966: result: yes
configure:3966: checking for sys/time.h
configure:3966: result: yes
configure:3966: checking for unistd.h
configure:3966: result: yes
configure:3966: checking regex.h usability
configure:3966: gcc -c -I/Users/zhaot/local/include  conftest.c >&5
configure:3966: $? = 0
configure:3966: result: yes
configure:3966: checking regex.h presence
configure:3966: gcc -E  conftest.c
configure:3966: $? = 0
configure:3966: result: yes
configure:3966: checking for regex.h
configure:3966: result: yes
configure:3966: checking dirent.h usability
configure:3966: gcc -c -I/Users/zhaot/local/include  conftest.c >&5
configure:3966: $? = 0
configure:3966: result: yes
configure:3966: checking dirent.h presence
configure:3966: gcc -E  conftest.c
configure:3966: $? = 0
configure:3966: result: yes
configure:3966: checking for dirent.h
configure:3966: result: yes
configure:3979: checking for inline
configure:3995: gcc -c -I/Users/zhaot/local/include  conftest.c >&5
configure:3995: $? = 0
configure:4003: result: inline
configure:4025: checking for pid_t
configure:4025: gcc -c -I/Users/zhaot/local/include  conftest.c >&5
configure:4025: $? = 0
configure:4025: gcc -c -I/Users/zhaot/local/include  conftest.c >&5
conftest.c: In function 'main':
conftest.c:71: error: expected expression before ')' token
configure:4025: $? = 1
configure: failed program was:
| /* confdefs.h */
| #define PACKAGE_NAME "neurolabi"
| #define PACKAGE_TARNAME "neurolabi"
| #define PACKAGE_VERSION "1.0"
| #define PACKAGE_STRING "neurolabi 1.0"
| #define PACKAGE_BUGREPORT "tingzhao@gamil.com"
| #define PACKAGE_URL ""
| #define HAVE_LIBFFTW3 1
| #define HAVE_LIBFFTW3F 1
| #define HAVE_LIBZ 1
| #define HAVE_LIBXML2 1
| #define HAVE_LIBM 1
| #define HAVE_LIBPNG 1
| #define HAVE_LIBJANSSON 1
| #define STDC_HEADERS 1
| #define HAVE_SYS_TYPES_H 1
| #define HAVE_SYS_STAT_H 1
| #define HAVE_STDLIB_H 1
| #define HAVE_STRING_H 1
| #define HAVE_MEMORY_H 1
| #define HAVE_STRINGS_H 1
| #define HAVE_INTTYPES_H 1
| #define HAVE_STDINT_H 1
| #define HAVE_UNISTD_H 1
| #define HAVE_STDDEF_H 1
| #define HAVE_STDINT_H 1
| #define HAVE_STDLIB_H 1
| #define HAVE_STRING_H 1
| #define HAVE_STRINGS_H 1
| #define HAVE_SYS_TIME_H 1
| #define HAVE_UNISTD_H 1
| #define HAVE_REGEX_H 1
| #define HAVE_DIRENT_H 1
| /* end confdefs.h.  */
| #include <stdio.h>
| #ifdef HAVE_SYS_TYPES_H
| # include <sys/types.h>
| #endif
| #ifdef HAVE_SYS_STAT_H
| # include <sys/stat.h>
| #endif
| #ifdef STDC_HEADERS
| # include <stdlib.h>
| # include <stddef.h>
| #else
| # ifdef HAVE_STDLIB_H
| #  include <stdlib.h>
| # endif
| #endif
| #ifdef HAVE_STRING_H
| # if !defined STDC_HEADERS && defined HAVE_MEMORY_H
| #  include <memory.h>
| # endif
| # include <string.h>
| #endif
| #ifdef HAVE_STRINGS_H
| # include <strings.h>
| #endif
| #ifdef HAVE_INTTYPES_H
| # include <inttypes.h>
| #endif
| #ifdef HAVE_STDINT_H
| # include <stdint.h>
| #endif
| #ifdef HAVE_UNISTD_H
| # include <unistd.h>
| #endif
| int
| main ()
| {
| if (sizeof ((pid_t)))
| 	    return 0;
|   ;
|   return 0;
| }
configure:4025: result: yes
configure:4036: checking for size_t
configure:4036: gcc -c -I/Users/zhaot/local/include  conftest.c >&5
configure:4036: $? = 0
configure:4036: gcc -c -I/Users/zhaot/local/include  conftest.c >&5
conftest.c: In function 'main':
conftest.c:71: error: expected expression before ')' token
configure:4036: $? = 1
configure: failed program was:
| /* confdefs.h */
| #define PACKAGE_NAME "neurolabi"
| #define PACKAGE_TARNAME "neurolabi"
| #define PACKAGE_VERSION "1.0"
| #define PACKAGE_STRING "neurolabi 1.0"
| #define PACKAGE_BUGREPORT "tingzhao@gamil.com"
| #define PACKAGE_URL ""
| #define HAVE_LIBFFTW3 1
| #define HAVE_LIBFFTW3F 1
| #define HAVE_LIBZ 1
| #define HAVE_LIBXML2 1
| #define HAVE_LIBM 1
| #define HAVE_LIBPNG 1
| #define HAVE_LIBJANSSON 1
| #define STDC_HEADERS 1
| #define HAVE_SYS_TYPES_H 1
| #define HAVE_SYS_STAT_H 1
| #define HAVE_STDLIB_H 1
| #define HAVE_STRING_H 1
| #define HAVE_MEMORY_H 1
| #define HAVE_STRINGS_H 1
| #define HAVE_INTTYPES_H 1
| #define HAVE_STDINT_H 1
| #define HAVE_UNISTD_H 1
| #define HAVE_STDDEF_H 1
| #define HAVE_STDINT_H 1
| #define HAVE_STDLIB_H 1
| #define HAVE_STRING_H 1
| #define HAVE_STRINGS_H 1
| #define HAVE_SYS_TIME_H 1
| #define HAVE_UNISTD_H 1
| #define HAVE_REGEX_H 1
| #define HAVE_DIRENT_H 1
| /* end confdefs.h.  */
| #include <stdio.h>
| #ifdef HAVE_SYS_TYPES_H
| # include <sys/types.h>
| #endif
| #ifdef HAVE_SYS_STAT_H
| # include <sys/stat.h>
| #endif
| #ifdef STDC_HEADERS
| # include <stdlib.h>
| # include <stddef.h>
| #else
| # ifdef HAVE_STDLIB_H
| #  include <stdlib.h>
| # endif
| #endif
| #ifdef HAVE_STRING_H
| # if !defined STDC_HEADERS && defined HAVE_MEMORY_H
| #  include <memory.h>
| # endif
| # include <string.h>
| #endif
| #ifdef HAVE_STRINGS_H
| # include <strings.h>
| #endif
| #ifdef HAVE_INTTYPES_H
| # include <inttypes.h>
| #endif
| #ifdef HAVE_STDINT_H
| # include <stdint.h>
| #endif
| #ifdef HAVE_UNISTD_H
| # include <unistd.h>
| #endif
| int
| main ()
| {
| if (sizeof ((size_t)))
| 	    return 0;
|   ;
|   return 0;
| }
configure:4036: result: yes
configure:4047: checking for ssize_t
configure:4047: gcc -c -I/Users/zhaot/local/include  conftest.c >&5
configure:4047: $? = 0
configure:4047: gcc -c -I/Users/zhaot/local/include  conftest.c >&5
conftest.c: In function 'main':
conftest.c:71: error: expected expression before ')' token
configure:4047: $? = 1
configure: failed program was:
| /* confdefs.h */
| #define PACKAGE_NAME "neurolabi"
| #define PACKAGE_TARNAME "neurolabi"
| #define PACKAGE_VERSION "1.0"
| #define PACKAGE_STRING "neurolabi 1.0"
| #define PACKAGE_BUGREPORT "tingzhao@gamil.com"
| #define PACKAGE_URL ""
| #define HAVE_LIBFFTW3 1
| #define HAVE_LIBFFTW3F 1
| #define HAVE_LIBZ 1
| #define HAVE_LIBXML2 1
| #define HAVE_LIBM 1
| #define HAVE_LIBPNG 1
| #define HAVE_LIBJANSSON 1
| #define STDC_HEADERS 1
| #define HAVE_SYS_TYPES_H 1
| #define HAVE_SYS_STAT_H 1
| #define HAVE_STDLIB_H 1
| #define HAVE_STRING_H 1
| #define HAVE_MEMORY_H 1
| #define HAVE_STRINGS_H 1
| #define HAVE_INTTYPES_H 1
| #define HAVE_STDINT_H 1
| #define HAVE_UNISTD_H 1
| #define HAVE_STDDEF_H 1
| #define HAVE_STDINT_H 1
| #define HAVE_STDLIB_H 1
| #define HAVE_STRING_H 1
| #define HAVE_STRINGS_H 1
| #define HAVE_SYS_TIME_H 1
| #define HAVE_UNISTD_H 1
| #define HAVE_REGEX_H 1
| #define HAVE_DIRENT_H 1
| /* end confdefs.h.  */
| #include <stdio.h>
| #ifdef HAVE_SYS_TYPES_H
| # include <sys/types.h>
| #endif
| #ifdef HAVE_SYS_STAT_H
| # include <sys/stat.h>
| #endif
| #ifdef STDC_HEADERS
| # include <stdlib.h>
| # include <stddef.h>
| #else
| # ifdef HAVE_STDLIB_H
| #  include <stdlib.h>
| # endif
| #endif
| #ifdef HAVE_STRING_H
| # if !defined STDC_HEADERS && defined HAVE_MEMORY_H
| #  include <memory.h>
| # endif
| # include <string.h>
| #endif
| #ifdef HAVE_STRINGS_H
| # include <strings.h>
| #endif
| #ifdef HAVE_INTTYPES_H
| # include <inttypes.h>
| #endif
| #ifdef HAVE_STDINT_H
| # include <stdint.h>
| #endif
| #ifdef HAVE_UNISTD_H
| # include <unistd.h>
| #endif
| int
| main ()
| {
| if (sizeof ((ssize_t)))
| 	    return 0;
|   ;
|   return 0;
| }
configure:4047: result: yes
configure:4069: checking size of short
configure:4074: gcc -o conftest -I/Users/zhaot/local/include  -L/Users/zhaot/local/lib conftest.c -ljansson -lpng -lm -lxml2 -lz -lfftw3f -lfftw3  >&5
configure:4074: $? = 0
configure:4074: ./conftest
configure:4074: $? = 0
configure:4088: result: 2
configure:4102: checking size of int
configure:4107: gcc -o conftest -I/Users/zhaot/local/include  -L/Users/zhaot/local/lib conftest.c -ljansson -lpng -lm -lxml2 -lz -lfftw3f -lfftw3  >&5
configure:4107: $? = 0
configure:4107: ./conftest
configure:4107: $? = 0
configure:4121: result: 4
configure:4135: checking size of long
configure:4140: gcc -o conftest -I/Users/zhaot/local/include  -L/Users/zhaot/local/lib conftest.c -ljansson -lpng -lm -lxml2 -lz -lfftw3f -lfftw3  >&5
configure:4140: $? = 0
configure:4140: ./conftest
configure:4140: $? = 0
configure:4154: result: 8
configure:4171: checking for bzero
configure:4171: gcc -o conftest -I/Users/zhaot/local/include  -L/Users/zhaot/local/lib conftest.c -ljansson -lpng -lm -lxml2 -lz -lfftw3f -lfftw3  >&5
conftest.c:61: warning: conflicting types for built-in function 'bzero'
configure:4171: $? = 0
configure:4171: result: yes
configure:4171: checking for floor
configure:4171: gcc -o conftest -I/Users/zhaot/local/include  -L/Users/zhaot/local/lib conftest.c -ljansson -lpng -lm -lxml2 -lz -lfftw3f -lfftw3  >&5
conftest.c:62: warning: conflicting types for built-in function 'floor'
configure:4171: $? = 0
configure:4171: result: yes
configure:4171: checking for round
configure:4171: gcc -o conftest -I/Users/zhaot/local/include  -L/Users/zhaot/local/lib conftest.c -ljansson -lpng -lm -lxml2 -lz -lfftw3f -lfftw3  >&5
conftest.c:63: warning: conflicting types for built-in function 'round'
configure:4171: $? = 0
configure:4171: result: yes
configure:4171: checking for lrint
configure:4171: gcc -o conftest -I/Users/zhaot/local/include  -L/Users/zhaot/local/lib conftest.c -ljansson -lpng -lm -lxml2 -lz -lfftw3f -lfftw3  >&5
conftest.c:64: warning: conflicting types for built-in function 'lrint'
configure:4171: $? = 0
configure:4171: result: yes
configure:4171: checking for gettimeofday
configure:4171: gcc -o conftest -I/Users/zhaot/local/include  -L/Users/zhaot/local/lib conftest.c -ljansson -lpng -lm -lxml2 -lz -lfftw3f -lfftw3  >&5
configure:4171: $? = 0
configure:4171: result: yes
configure:4171: checking for memmove
configure:4171: gcc -o conftest -I/Users/zhaot/local/include  -L/Users/zhaot/local/lib conftest.c -ljansson -lpng -lm -lxml2 -lz -lfftw3f -lfftw3  >&5
conftest.c:66: warning: conflicting types for built-in function 'memmove'
configure:4171: $? = 0
configure:4171: result: yes
configure:4171: checking for memset
configure:4171: gcc -o conftest -I/Users/zhaot/local/include  -L/Users/zhaot/local/lib conftest.c -ljansson -lpng -lm -lxml2 -lz -lfftw3f -lfftw3  >&5
conftest.c:67: warning: conflicting types for built-in function 'memset'
configure:4171: $? = 0
configure:4171: result: yes
configure:4171: checking for regcomp
configure:4171: gcc -o conftest -I/Users/zhaot/local/include  -L/Users/zhaot/local/lib conftest.c -ljansson -lpng -lm -lxml2 -lz -lfftw3f -lfftw3  >&5
configure:4171: $? = 0
configure:4171: result: yes
configure:4171: checking for sqrt
configure:4171: gcc -o conftest -I/Users/zhaot/local/include  -L/Users/zhaot/local/lib conftest.c -ljansson -lpng -lm -lxml2 -lz -lfftw3f -lfftw3  >&5
conftest.c:69: warning: conflicting types for built-in function 'sqrt'
configure:4171: $? = 0
configure:4171: result: yes
configure:4171: checking for strchr
configure:4171: gcc -o conftest -I/Users/zhaot/local/include  -L/Users/zhaot/local/lib conftest.c -ljansson -lpng -lm -lxml2 -lz -lfftw3f -lfftw3  >&5
conftest.c:70: warning: conflicting types for built-in function 'strchr'
configure:4171: $? = 0
configure:4171: result: yes
configure:4171: checking for strcspn
configure:4171: gcc -o conftest -I/Users/zhaot/local/include  -L/Users/zhaot/local/lib conftest.c -ljansson -lpng -lm -lxml2 -lz -lfftw3f -lfftw3  >&5
conftest.c:71: warning: conflicting types for built-in function 'strcspn'
configure:4171: $? = 0
configure:4171: result: yes
configure:4171: checking for strerror
configure:4171: gcc -o conftest -I/Users/zhaot/local/include  -L/Users/zhaot/local/lib conftest.c -ljansson -lpng -lm -lxml2 -lz -lfftw3f -lfftw3  >&5
configure:4171: $? = 0
configure:4171: result: yes
configure:4171: checking for strrchr
configure:4171: gcc -o conftest -I/Users/zhaot/local/include  -L/Users/zhaot/local/lib conftest.c -ljansson -lpng -lm -lxml2 -lz -lfftw3f -lfftw3  >&5
conftest.c:73: warning: conflicting types for built-in function 'strrchr'
configure:4171: $? = 0
configure:4171: result: yes
configure:4171: checking for strspn
configure:4171: gcc -o conftest -I/Users/zhaot/local/include  -L/Users/zhaot/local/lib conftest.c -ljansson -lpng -lm -lxml2 -lz -lfftw3f -lfftw3  >&5
conftest.c:74: warning: conflicting types for built-in function 'strspn'
configure:4171: $? = 0
configure:4171: result: yes
configure:4171: checking for strtol
configure:4171: gcc -o conftest -I/Users/zhaot/local/include  -L/Users/zhaot/local/lib conftest.c -ljansson -lpng -lm -lxml2 -lz -lfftw3f -lfftw3  >&5
configure:4171: $? = 0
configure:4171: result: yes
configure:4171: checking for strsep
configure:4171: gcc -o conftest -I/Users/zhaot/local/include  -L/Users/zhaot/local/lib conftest.c -ljansson -lpng -lm -lxml2 -lz -lfftw3f -lfftw3  >&5
configure:4171: $? = 0
configure:4171: result: yes
configure:4171: checking for memset_pattern4
configure:4171: gcc -o conftest -I/Users/zhaot/local/include  -L/Users/zhaot/local/lib conftest.c -ljansson -lpng -lm -lxml2 -lz -lfftw3f -lfftw3  >&5
configure:4171: $? = 0
configure:4171: result: yes
configure:4171: checking for fgetln
configure:4171: gcc -o conftest -I/Users/zhaot/local/include  -L/Users/zhaot/local/lib conftest.c -ljansson -lpng -lm -lxml2 -lz -lfftw3f -lfftw3  >&5
configure:4171: $? = 0
configure:4171: result: yes
configure:4386: creating ./config.status

## ---------------------- ##
## Running config.status. ##
## ---------------------- ##

This file was extended by neurolabi config.status 1.0, which was
generated by GNU Autoconf 2.69.  Invocation command line was

  CONFIG_FILES    = 
  CONFIG_HEADERS  = 
  CONFIG_LINKS    = 
  CONFIG_COMMANDS = 
  $ ./config.status 

on midgleyf-lm4.janelia.priv

config.status:847: creating Makefile-def
config.status:847: creating include/neurolabi_config.h

## ---------------- ##
## Cache variables. ##
## ---------------- ##

ac_cv_c_compiler_gnu=yes
ac_cv_c_inline=inline
ac_cv_env_CC_set=
ac_cv_env_CC_value=
ac_cv_env_CFLAGS_set=set
ac_cv_env_CFLAGS_value=-I/Users/zhaot/local/include
ac_cv_env_CPPFLAGS_set=
ac_cv_env_CPPFLAGS_value=
ac_cv_env_CPP_set=
ac_cv_env_CPP_value=
ac_cv_env_LDFLAGS_set=set
ac_cv_env_LDFLAGS_value=-L/Users/zhaot/local/lib
ac_cv_env_LIBS_set=
ac_cv_env_LIBS_value=
ac_cv_env_build_alias_set=
ac_cv_env_build_alias_value=
ac_cv_env_host_alias_set=
ac_cv_env_host_alias_value=
ac_cv_env_target_alias_set=
ac_cv_env_target_alias_value=
ac_cv_func_bzero=yes
ac_cv_func_fgetln=yes
ac_cv_func_floor=yes
ac_cv_func_gettimeofday=yes
ac_cv_func_lrint=yes
ac_cv_func_memmove=yes
ac_cv_func_memset=yes
ac_cv_func_memset_pattern4=yes
ac_cv_func_regcomp=yes
ac_cv_func_round=yes
ac_cv_func_sqrt=yes
ac_cv_func_strchr=yes
ac_cv_func_strcspn=yes
ac_cv_func_strerror=yes
ac_cv_func_strrchr=yes
ac_cv_func_strsep=yes
ac_cv_func_strspn=yes
ac_cv_func_strtol=yes
ac_cv_header_dirent_h=yes
ac_cv_header_inttypes_h=yes
ac_cv_header_memory_h=yes
ac_cv_header_regex_h=yes
ac_cv_header_stdc=yes
ac_cv_header_stddef_h=yes
ac_cv_header_stdint_h=yes
ac_cv_header_stdlib_h=yes
ac_cv_header_string_h=yes
ac_cv_header_strings_h=yes
ac_cv_header_sys_stat_h=yes
ac_cv_header_sys_time_h=yes
ac_cv_header_sys_types_h=yes
ac_cv_header_unistd_h=yes
ac_cv_lib_fftw3_fftw_execute=yes
ac_cv_lib_fftw3f_fftwf_execute=yes
ac_cv_lib_jansson_json_object=yes
ac_cv_lib_m_sqrt=yes
ac_cv_lib_png_png_read_image=yes
ac_cv_lib_xml2_xmlParseFile=yes
ac_cv_lib_z_compress=yes
ac_cv_objext=o
ac_cv_path_EGREP='/usr/bin/grep -E'
ac_cv_path_GREP=/usr/bin/grep
ac_cv_prog_CPP='gcc -E'
ac_cv_prog_ac_ct_CC=gcc
ac_cv_prog_cc_c89=
ac_cv_prog_cc_g=yes
ac_cv_prog_make_make_set=yes
ac_cv_sizeof_int=4
ac_cv_sizeof_long=8
ac_cv_sizeof_short=2
ac_cv_type_pid_t=yes
ac_cv_type_size_t=yes
ac_cv_type_ssize_t=yes

## ----------------- ##
## Output variables. ##
## ----------------- ##

ARCH_FLAG='-m64'
CC='gcc'
CFLAGS='-I/Users/zhaot/local/include'
CPP='gcc -E'
CPPFLAGS=''
DEBUG_DIR='obj'
DEFS='-DHAVE_CONFIG_H'
DYLIB_FILE=''
ECHO_C='\c'
ECHO_N=''
ECHO_T=''
EGREP='/usr/bin/grep -E'
EXEEXT=''
EXT_LIB_DIR='/Users/zhaot/local/lib'
GENELIB_DIR='../lib/genelib/src'
GENELIB_TAG='myers'
GREP='/usr/bin/grep'
LDFLAGS='-L/Users/zhaot/local/lib'
LIBOBJS=''
LIBS='-ljansson -lpng -lm -lxml2 -lz -lfftw3f -lfftw3 '
LIB_FILE=''
LTLIBOBJS=''
OBJEXT='o'
PACKAGE_BUGREPORT='tingzhao@gamil.com'
PACKAGE_NAME='neurolabi'
PACKAGE_STRING='neurolabi 1.0'
PACKAGE_TARNAME='neurolabi'
PACKAGE_URL=''
PACKAGE_VERSION='1.0'
PATH_SEPARATOR=':'
RELEASE_DIR='release'
SET_MAKE=''
SHARED_FLAG=''
SHELL='/bin/sh'
ac_ct_CC='gcc'
bindir='${exec_prefix}/bin'
build_alias=''
datadir='${datarootdir}'
datarootdir='${prefix}/share'
docdir='${datarootdir}/doc/${PACKAGE_TARNAME}'
dvidir='${docdir}'
exec_prefix='${prefix}'
host_alias=''
htmldir='${docdir}'
includedir='${prefix}/include'
infodir='${datarootdir}/info'
libdir='${exec_prefix}/lib'
libexecdir='${exec_prefix}/libexec'
localedir='${datarootdir}/locale'
localstatedir='${prefix}/var'
mandir='${datarootdir}/man'
oldincludedir='/usr/include'
pdfdir='${docdir}'
prefix='/usr/local'
program_transform_name='s,x,x,'
psdir='${docdir}'
sbindir='${exec_prefix}/sbin'
sharedstatedir='${prefix}/com'
sysconfdir='${prefix}/etc'
target_alias=''

## ----------- ##
## confdefs.h. ##
## ----------- ##

/* confdefs.h */
#define PACKAGE_NAME "neurolabi"
#define PACKAGE_TARNAME "neurolabi"
#define PACKAGE_VERSION "1.0"
#define PACKAGE_STRING "neurolabi 1.0"
#define PACKAGE_BUGREPORT "tingzhao@gamil.com"
#define PACKAGE_URL ""
#define HAVE_LIBFFTW3 1
#define HAVE_LIBFFTW3F 1
#define HAVE_LIBZ 1
#define HAVE_LIBXML2 1
#define HAVE_LIBM 1
#define HAVE_LIBPNG 1
#define HAVE_LIBJANSSON 1
#define STDC_HEADERS 1
#define HAVE_SYS_TYPES_H 1
#define HAVE_SYS_STAT_H 1
#define HAVE_STDLIB_H 1
#define HAVE_STRING_H 1
#define HAVE_MEMORY_H 1
#define HAVE_STRINGS_H 1
#define HAVE_INTTYPES_H 1
#define HAVE_STDINT_H 1
#define HAVE_UNISTD_H 1
#define HAVE_STDDEF_H 1
#define HAVE_STDINT_H 1
#define HAVE_STDLIB_H 1
#define HAVE_STRING_H 1
#define HAVE_STRINGS_H 1
#define HAVE_SYS_TIME_H 1
#define HAVE_UNISTD_H 1
#define HAVE_REGEX_H 1
#define HAVE_DIRENT_H 1
#define SIZEOF_SHORT 2
#define SIZEOF_INT 4
#define SIZEOF_LONG 8
#define HAVE_BZERO 1
#define HAVE_FLOOR 1
#define HAVE_ROUND 1
#define HAVE_LRINT 1
#define HAVE_GETTIMEOFDAY 1
#define HAVE_MEMMOVE 1
#define HAVE_MEMSET 1
#define HAVE_REGCOMP 1
#define HAVE_SQRT 1
#define HAVE_STRCHR 1
#define HAVE_STRCSPN 1
#define HAVE_STRERROR 1
#define HAVE_STRRCHR 1
#define HAVE_STRSPN 1
#define HAVE_STRTOL 1
#define HAVE_STRSEP 1
#define HAVE_MEMSET_PATTERN4 1
#define HAVE_FGETLN 1
#define GENELIB_VER 2
#define ARCH_BIT 64
#define INTERFACE_PROGRESS_OFF 1

configure: exit 0
