102.05.22 14:11 B C:\MATLAB6p1\work\ScanImage2.0\guis\gui_handling\addGuiOfGlobal.m --> phage.cshl.org /export/share12/karelftp/software/ScanImage2.0/guis/gui_handling addGuiOfGlobal.m
102.05.22 14:11 B C:\MATLAB6p1\work\ScanImage2.0\guis\gui_handling\addOrRemoveConfigGlobal.m --> phage.cshl.org /export/share12/karelftp/software/ScanImage2.0/guis/gui_handling addOrRemoveConfigGlobal.m
102.05.22 14:11 B C:\MATLAB6p1\work\ScanImage2.0\guis\gui_handling\checkValidNumber.m --> phage.cshl.org /export/share12/karelftp/software/ScanImage2.0/guis/gui_handling checkValidNumber.m
102.05.22 14:11 B C:\MATLAB6p1\work\ScanImage2.0\guis\gui_handling\doGUICallback.m --> phage.cshl.org /export/share12/karelftp/software/ScanImage2.0/guis/gui_handling doGUICallback.m
102.05.22 14:11 B C:\MATLAB6p1\work\ScanImage2.0\guis\gui_handling\existGlobal.m --> phage.cshl.org /export/share12/karelftp/software/ScanImage2.0/guis/gui_handling existGlobal.m
102.05.22 14:11 B C:\MATLAB6p1\work\ScanImage2.0\guis\gui_handling\findMenuIndex.m --> phage.cshl.org /export/share12/karelftp/software/ScanImage2.0/guis/gui_handling findMenuIndex.m
102.05.22 14:11 B C:\MATLAB6p1\work\ScanImage2.0\guis\gui_handling\genericCallback.m --> phage.cshl.org /export/share12/karelftp/software/ScanImage2.0/guis/gui_handling genericCallback.m
102.05.22 14:11 B C:\MATLAB6p1\work\ScanImage2.0\guis\gui_handling\getGlobalConfigStatus.m --> phage.cshl.org /export/share12/karelftp/software/ScanImage2.0/guis/gui_handling getGlobalConfigStatus.m
102.05.22 14:11 B C:\MATLAB6p1\work\ScanImage2.0\guis\gui_handling\getGlobalValue.m --> phage.cshl.org /export/share12/karelftp/software/ScanImage2.0/guis/gui_handling getGlobalValue.m
102.05.22 14:11 B C:\MATLAB6p1\work\ScanImage2.0\guis\gui_handling\getGuiOfGlobal.m --> phage.cshl.org /export/share12/karelftp/software/ScanImage2.0/guis/gui_handling getGuiOfGlobal.m
102.05.22 14:11 B C:\MATLAB6p1\work\ScanImage2.0\guis\gui_handling\getGUIValue.m --> phage.cshl.org /export/share12/karelftp/software/ScanImage2.0/guis/gui_handling getGUIValue.m
102.05.22 14:11 B C:\MATLAB6p1\work\ScanImage2.0\guis\gui_handling\getListEntry.m --> phage.cshl.org /export/share12/karelftp/software/ScanImage2.0/guis/gui_handling getListEntry.m
102.05.22 14:11 B C:\MATLAB6p1\work\ScanImage2.0\guis\gui_handling\getMenuEntry.m --> phage.cshl.org /export/share12/karelftp/software/ScanImage2.0/guis/gui_handling getMenuEntry.m
102.05.22 14:11 B C:\MATLAB6p1\work\ScanImage2.0\guis\gui_handling\getPullDownMenuIndex.m --> phage.cshl.org /export/share12/karelftp/software/ScanImage2.0/guis/gui_handling getPullDownMenuIndex.m
102.05.22 14:11 B C:\MATLAB6p1\work\ScanImage2.0\guis\gui_handling\getUserDataField.m --> phage.cshl.org /export/share12/karelftp/software/ScanImage2.0/guis/gui_handling getUserDataField.m
102.05.22 14:11 B C:\MATLAB6p1\work\ScanImage2.0\guis\gui_handling\hasGUIBeenUsed.m --> phage.cshl.org /export/share12/karelftp/software/ScanImage2.0/guis/gui_handling hasGUIBeenUsed.m
102.05.22 14:11 B C:\MATLAB6p1\work\ScanImage2.0\guis\gui_handling\hasUserDataField.m --> phage.cshl.org /export/share12/karelftp/software/ScanImage2.0/guis/gui_handling hasUserDataField.m
102.05.22 14:11 B C:\MATLAB6p1\work\ScanImage2.0\guis\gui_handling\hideGUI.m --> phage.cshl.org /export/share12/karelftp/software/ScanImage2.0/guis/gui_handling hideGUI.m
102.05.22 14:11 B C:\MATLAB6p1\work\ScanImage2.0\guis\gui_handling\padLength.m --> phage.cshl.org /export/share12/karelftp/software/ScanImage2.0/guis/gui_handling padLength.m
102.05.22 14:11 B C:\MATLAB6p1\work\ScanImage2.0\guis\gui_handling\seeGUI.m --> phage.cshl.org /export/share12/karelftp/software/ScanImage2.0/guis/gui_handling seeGUI.m
102.05.22 14:11 B C:\MATLAB6p1\work\ScanImage2.0\guis\gui_handling\setGlobalConfigStatus.m --> phage.cshl.org /export/share12/karelftp/software/ScanImage2.0/guis/gui_handling setGlobalConfigStatus.m
102.05.22 14:11 B C:\MATLAB6p1\work\ScanImage2.0\guis\gui_handling\setGUIValue.m --> phage.cshl.org /export/share12/karelftp/software/ScanImage2.0/guis/gui_handling setGUIValue.m
102.05.22 14:11 B C:\MATLAB6p1\work\ScanImage2.0\guis\gui_handling\setStatusString.m --> phage.cshl.org /export/share12/karelftp/software/ScanImage2.0/guis/gui_handling setStatusString.m
102.05.22 14:11 B C:\MATLAB6p1\work\ScanImage2.0\guis\gui_handling\setUserDataByGlobal.m --> phage.cshl.org /export/share12/karelftp/software/ScanImage2.0/guis/gui_handling setUserDataByGlobal.m
102.05.22 14:11 B C:\MATLAB6p1\work\ScanImage2.0\guis\gui_handling\setUserDataByGUIName.m --> phage.cshl.org /export/share12/karelftp/software/ScanImage2.0/guis/gui_handling setUserDataByGUIName.m
102.05.22 14:11 B C:\MATLAB6p1\work\ScanImage2.0\guis\gui_handling\setUserDataField.m --> phage.cshl.org /export/share12/karelftp/software/ScanImage2.0/guis/gui_handling setUserDataField.m
102.05.22 14:11 B C:\MATLAB6p1\work\ScanImage2.0\guis\gui_handling\stringToCell.m --> phage.cshl.org /export/share12/karelftp/software/ScanImage2.0/guis/gui_handling stringToCell.m
102.05.22 14:11 B C:\MATLAB6p1\work\ScanImage2.0\guis\gui_handling\structNameParts.m --> phage.cshl.org /export/share12/karelftp/software/ScanImage2.0/guis/gui_handling structNameParts.m
102.05.22 14:11 B C:\MATLAB6p1\work\ScanImage2.0\guis\gui_handling\tokenize.m --> phage.cshl.org /export/share12/karelftp/software/ScanImage2.0/guis/gui_handling tokenize.m
102.05.22 14:11 B C:\MATLAB6p1\work\ScanImage2.0\guis\gui_handling\trimZerosFromString.m --> phage.cshl.org /export/share12/karelftp/software/ScanImage2.0/guis/gui_handling trimZerosFromString.m
102.05.22 14:11 B C:\MATLAB6p1\work\ScanImage2.0\guis\gui_handling\turnOffExecuteButtons.m --> phage.cshl.org /export/share12/karelftp/software/ScanImage2.0/guis/gui_handling turnOffExecuteButtons.m
102.05.22 14:11 B C:\MATLAB6p1\work\ScanImage2.0\guis\gui_handling\turnOffMenus.m --> phage.cshl.org /export/share12/karelftp/software/ScanImage2.0/guis/gui_handling turnOffMenus.m
102.05.22 14:11 B C:\MATLAB6p1\work\ScanImage2.0\guis\gui_handling\turnOffMotorButtons.m --> phage.cshl.org /export/share12/karelftp/software/ScanImage2.0/guis/gui_handling turnOffMotorButtons.m
102.05.22 14:11 B C:\MATLAB6p1\work\ScanImage2.0\guis\gui_handling\turnoffPullDownMenu.m --> phage.cshl.org /export/share12/karelftp/software/ScanImage2.0/guis/gui_handling turnoffPullDownMenu.m
102.05.22 14:11 B C:\MATLAB6p1\work\ScanImage2.0\guis\gui_handling\turnOnExecuteButtons.m --> phage.cshl.org /export/share12/karelftp/software/ScanImage2.0/guis/gui_handling turnOnExecuteButtons.m
102.05.22 14:11 B C:\MATLAB6p1\work\ScanImage2.0\guis\gui_handling\turnOnMenus.m --> phage.cshl.org /export/share12/karelftp/software/ScanImage2.0/guis/gui_handling turnOnMenus.m
102.05.22 14:11 B C:\MATLAB6p1\work\ScanImage2.0\guis\gui_handling\turnOnMotorButtons.m --> phage.cshl.org /export/share12/karelftp/software/ScanImage2.0/guis/gui_handling turnOnMotorButtons.m
102.05.22 14:11 B C:\MATLAB6p1\work\ScanImage2.0\guis\gui_handling\turnonPullDownMenu.m --> phage.cshl.org /export/share12/karelftp/software/ScanImage2.0/guis/gui_handling turnonPullDownMenu.m
102.05.22 14:11 B C:\MATLAB6p1\work\ScanImage2.0\guis\gui_handling\updateAllGUIVars.m --> phage.cshl.org /export/share12/karelftp/software/ScanImage2.0/guis/gui_handling updateAllGUIVars.m
102.05.22 14:11 B C:\MATLAB6p1\work\ScanImage2.0\guis\gui_handling\updateAutoOverwriteCheckMark.m --> phage.cshl.org /export/share12/karelftp/software/ScanImage2.0/guis/gui_handling updateAutoOverwriteCheckMark.m
102.05.22 14:11 B C:\MATLAB6p1\work\ScanImage2.0\guis\gui_handling\updateAutoSaveCheckMark.m --> phage.cshl.org /export/share12/karelftp/software/ScanImage2.0/guis/gui_handling updateAutoSaveCheckMark.m
102.05.22 14:11 B C:\MATLAB6p1\work\ScanImage2.0\guis\gui_handling\updateCycleLengthSlider.m --> phage.cshl.org /export/share12/karelftp/software/ScanImage2.0/guis/gui_handling updateCycleLengthSlider.m
102.05.22 14:11 B C:\MATLAB6p1\work\ScanImage2.0\guis\gui_handling\updateGUIByGlobal.m --> phage.cshl.org /export/share12/karelftp/software/ScanImage2.0/guis/gui_handling updateGUIByGlobal.m
102.05.22 14:11 B C:\MATLAB6p1\work\ScanImage2.0\guis\gui_handling\updateGUIByName.m --> phage.cshl.org /export/share12/karelftp/software/ScanImage2.0/guis/gui_handling updateGUIByName.m
102.05.22 14:11 B C:\MATLAB6p1\work\ScanImage2.0\guis\gui_handling\updateGUIGlobal.m --> phage.cshl.org /export/share12/karelftp/software/ScanImage2.0/guis/gui_handling updateGUIGlobal.m
102.05.22 14:11 B C:\MATLAB6p1\work\ScanImage2.0\guis\gui_handling\updateGUILinks.m --> phage.cshl.org /export/share12/karelftp/software/ScanImage2.0/guis/gui_handling updateGUILinks.m
102.05.22 14:11 B C:\MATLAB6p1\work\ScanImage2.0\guis\gui_handling\updateGUIVars.m --> phage.cshl.org /export/share12/karelftp/software/ScanImage2.0/guis/gui_handling updateGUIVars.m
102.05.22 14:11 B C:\MATLAB6p1\work\ScanImage2.0\guis\gui_handling\updateKeepAllSlicesCheckMark.m --> phage.cshl.org /export/share12/karelftp/software/ScanImage2.0/guis/gui_handling updateKeepAllSlicesCheckMark.m
102.05.22 14:11 B C:\MATLAB6p1\work\ScanImage2.0\guis\gui_handling\updateVariable.m --> phage.cshl.org /export/share12/karelftp/software/ScanImage2.0/guis/gui_handling updateVariable.m
