This file contains any messages produced by compilers while
running configure, to aid debugging if configure makes a mistake.

It was created by libmyers configure 1.0, which was
generated by GNU Autoconf 2.61.  Invocation command line was

  $ ./configure 

## --------- ##
## Platform. ##
## --------- ##

hostname = zhaot-lm1.local
uname -m = x86_64
uname -r = 11.4.2
uname -s = Darwin
uname -v = Darwin Kernel Version 11.4.2: Wed May 30 20:13:51 PDT 2012; root:xnu-1699.31.2~1/RELEASE_X86_64

/usr/bin/uname -p = i386
/bin/uname -X     = unknown

/bin/arch              = unknown
/usr/bin/arch -k       = unknown
/usr/convex/getsysinfo = unknown
/usr/bin/hostinfo      = Mach kernel version:
	 Darwin Kernel Version 11.4.2: Wed May 30 20:13:51 PDT 2012; root:xnu-1699.31.2~1/RELEASE_X86_64
Kernel configured for up to 8 processors.
4 processors are physically available.
8 processors are logically available.
Processor type: i486 (Intel 80486)
Processors active: 0 1 2 3 4 5 6 7
Primary memory available: 16.00 gigabytes
Default processor set: 135 tasks, 899 threads, 8 processors
Load average: 1.24, Mach factor: 6.75
/bin/machine           = unknown
/usr/bin/oslevel       = unknown
/bin/universe          = unknown

PATH: /usr/local/bin
PATH: /usr/local/sbin
PATH: /usr/bin
PATH: /bin
PATH: /usr/sbin
PATH: /sbin
PATH: /usr/local/bin
PATH: /usr/X11/bin
PATH: /usr/texbin
PATH: /Users/zhaot/bin


## ----------- ##
## Core tests. ##
## ----------- ##

configure:1699: checking for gawk
configure:1729: result: no
configure:1699: checking for mawk
configure:1729: result: no
configure:1699: checking for nawk
configure:1729: result: no
configure:1699: checking for awk
configure:1715: found /usr/bin/awk
configure:1726: result: awk
configure:1785: checking for gcc
configure:1801: found /usr/bin/gcc
configure:1812: result: gcc
configure:2050: checking for C compiler version
configure:2057: gcc --version >&5
i686-apple-darwin11-llvm-gcc-4.2 (GCC) 4.2.1 (Based on Apple Inc. build 5658) (LLVM build 2336.11.00)
Copyright (C) 2007 Free Software Foundation, Inc.
This is free software; see the source for copying conditions.  There is NO
warranty; not even for MERCHANTABILITY or FITNESS FOR A PARTICULAR PURPOSE.

configure:2060: $? = 0
configure:2067: gcc -v >&5
Using built-in specs.
Target: i686-apple-darwin11
Configured with: /private/var/tmp/llvmgcc42/llvmgcc42-2336.11~28/src/configure --disable-checking --enable-werror --prefix=/Applications/Xcode.app/Contents/Developer/usr/llvm-gcc-4.2 --mandir=/share/man --enable-languages=c,objc,c++,obj-c++ --program-prefix=llvm- --program-transform-name=/^[cg][^.-]*$/s/$/-4.2/ --with-slibdir=/usr/lib --build=i686-apple-darwin11 --enable-llvm=/private/var/tmp/llvmgcc42/llvmgcc42-2336.11~28/dst-llvmCore/Developer/usr/local --program-prefix=i686-apple-darwin11- --host=x86_64-apple-darwin11 --target=i686-apple-darwin11 --with-gxx-include-dir=/usr/include/c++/4.2.1
Thread model: posix
gcc version 4.2.1 (Based on Apple Inc. build 5658) (LLVM build 2336.11.00)
configure:2070: $? = 0
configure:2077: gcc -V >&5
llvm-gcc-4.2: argument to `-V' is missing
configure:2080: $? = 1
configure:2103: checking for C compiler default output file name
configure:2130: gcc    conftest.c  >&5
configure:2133: $? = 0
configure:2171: result: a.out
configure:2188: checking whether the C compiler works
configure:2198: ./a.out
configure:2201: $? = 0
configure:2218: result: yes
configure:2225: checking whether we are cross compiling
configure:2227: result: no
configure:2230: checking for suffix of executables
configure:2237: gcc -o conftest    conftest.c  >&5
configure:2240: $? = 0
configure:2264: result: 
configure:2270: checking for suffix of object files
configure:2296: gcc -c   conftest.c >&5
configure:2299: $? = 0
configure:2322: result: o
configure:2326: checking whether we are using the GNU C compiler
configure:2355: gcc -c   conftest.c >&5
configure:2361: $? = 0
configure:2378: result: yes
configure:2383: checking whether gcc accepts -g
configure:2413: gcc -c -g  conftest.c >&5
configure:2419: $? = 0
configure:2518: result: yes
configure:2535: checking for gcc option to accept ISO C89
configure:2609: gcc  -c -g -O2  conftest.c >&5
configure:2615: $? = 0
configure:2638: result: none needed
configure:2666: checking how to run the C preprocessor
configure:2706: gcc -E  conftest.c
configure:2712: $? = 0
configure:2743: gcc -E  conftest.c
conftest.c:8:28: error: ac_nonexistent.h: No such file or directory
configure:2749: $? = 1
configure: failed program was:
| /* confdefs.h.  */
| #define PACKAGE_NAME "libmyers"
| #define PACKAGE_TARNAME "libmyers"
| #define PACKAGE_VERSION "1.0"
| #define PACKAGE_STRING "libmyers 1.0"
| #define PACKAGE_BUGREPORT ""
| /* end confdefs.h.  */
| #include <ac_nonexistent.h>
configure:2782: result: gcc -E
configure:2811: gcc -E  conftest.c
configure:2817: $? = 0
configure:2848: gcc -E  conftest.c
conftest.c:8:28: error: ac_nonexistent.h: No such file or directory
configure:2854: $? = 1
configure: failed program was:
| /* confdefs.h.  */
| #define PACKAGE_NAME "libmyers"
| #define PACKAGE_TARNAME "libmyers"
| #define PACKAGE_VERSION "1.0"
| #define PACKAGE_STRING "libmyers 1.0"
| #define PACKAGE_BUGREPORT ""
| /* end confdefs.h.  */
| #include <ac_nonexistent.h>
configure:2892: checking for grep that handles long lines and -e
configure:2966: result: /usr/bin/grep
configure:2971: checking for egrep
configure:3049: result: /usr/bin/grep -E
configure:3054: checking for ANSI C header files
configure:3084: gcc -c -g -O2  conftest.c >&5
configure:3090: $? = 0
configure:3189: gcc -o conftest -g -O2   conftest.c  >&5
configure:3192: $? = 0
configure:3198: ./conftest
configure:3201: $? = 0
configure:3218: result: yes
configure:3242: checking for sys/types.h
configure:3263: gcc -c -g -O2  conftest.c >&5
configure:3269: $? = 0
configure:3285: result: yes
configure:3242: checking for sys/stat.h
configure:3263: gcc -c -g -O2  conftest.c >&5
configure:3269: $? = 0
configure:3285: result: yes
configure:3242: checking for stdlib.h
configure:3263: gcc -c -g -O2  conftest.c >&5
configure:3269: $? = 0
configure:3285: result: yes
configure:3242: checking for string.h
configure:3263: gcc -c -g -O2  conftest.c >&5
configure:3269: $? = 0
configure:3285: result: yes
configure:3242: checking for memory.h
configure:3263: gcc -c -g -O2  conftest.c >&5
configure:3269: $? = 0
configure:3285: result: yes
configure:3242: checking for strings.h
configure:3263: gcc -c -g -O2  conftest.c >&5
configure:3269: $? = 0
configure:3285: result: yes
configure:3242: checking for inttypes.h
configure:3263: gcc -c -g -O2  conftest.c >&5
configure:3269: $? = 0
configure:3285: result: yes
configure:3242: checking for stdint.h
configure:3263: gcc -c -g -O2  conftest.c >&5
configure:3269: $? = 0
configure:3285: result: yes
configure:3242: checking for unistd.h
configure:3263: gcc -c -g -O2  conftest.c >&5
configure:3269: $? = 0
configure:3285: result: yes
configure:3315: checking float.h usability
configure:3332: gcc -c -g -O2  conftest.c >&5
configure:3338: $? = 0
configure:3352: result: yes
configure:3356: checking float.h presence
configure:3371: gcc -E  conftest.c
configure:3377: $? = 0
configure:3391: result: yes
configure:3419: checking for float.h
configure:3427: result: yes
configure:3305: checking for stdlib.h
configure:3311: result: yes
configure:3305: checking for string.h
configure:3311: result: yes
configure:3305: checking for unistd.h
configure:3311: result: yes
configure:3442: checking for an ANSI C-conforming const
configure:3517: gcc -c -g -O2  conftest.c >&5
configure:3523: $? = 0
configure:3538: result: yes
configure:3548: checking for inline
configure:3574: gcc -c -g -O2  conftest.c >&5
configure:3580: $? = 0
configure:3598: result: inline
configure:3617: checking for stdbool.h that conforms to C99
configure:3710: gcc -c -g -O2  conftest.c >&5
conftest.c:75: error: initializer element is not constant
configure:3716: $? = 1
configure: failed program was:
| /* confdefs.h.  */
| #define PACKAGE_NAME "libmyers"
| #define PACKAGE_TARNAME "libmyers"
| #define PACKAGE_VERSION "1.0"
| #define PACKAGE_STRING "libmyers 1.0"
| #define PACKAGE_BUGREPORT ""
| #define STDC_HEADERS 1
| #define HAVE_SYS_TYPES_H 1
| #define HAVE_SYS_STAT_H 1
| #define HAVE_STDLIB_H 1
| #define HAVE_STRING_H 1
| #define HAVE_MEMORY_H 1
| #define HAVE_STRINGS_H 1
| #define HAVE_INTTYPES_H 1
| #define HAVE_STDINT_H 1
| #define HAVE_UNISTD_H 1
| #define HAVE_FLOAT_H 1
| #define HAVE_STDLIB_H 1
| #define HAVE_STRING_H 1
| #define HAVE_UNISTD_H 1
| /* end confdefs.h.  */
| 
| #include <stdbool.h>
| #ifndef bool
|  "error: bool is not defined"
| #endif
| #ifndef false
|  "error: false is not defined"
| #endif
| #if false
|  "error: false is not 0"
| #endif
| #ifndef true
|  "error: true is not defined"
| #endif
| #if true != 1
|  "error: true is not 1"
| #endif
| #ifndef __bool_true_false_are_defined
|  "error: __bool_true_false_are_defined is not defined"
| #endif
| 
| 	struct s { _Bool s: 1; _Bool t; } s;
| 
| 	char a[true == 1 ? 1 : -1];
| 	char b[false == 0 ? 1 : -1];
| 	char c[__bool_true_false_are_defined == 1 ? 1 : -1];
| 	char d[(bool) 0.5 == true ? 1 : -1];
| 	bool e = &s;
| 	char f[(_Bool) 0.0 == false ? 1 : -1];
| 	char g[true];
| 	char h[sizeof (_Bool)];
| 	char i[sizeof s.t];
| 	enum { j = false, k = true, l = false * true, m = true * 256 };
| 	_Bool n[m];
| 	char o[sizeof n == m * sizeof n[0] ? 1 : -1];
| 	char p[-1 - (_Bool) 0 < 0 && -1 - (bool) 0 < 0 ? 1 : -1];
| #	if defined __xlc__ || defined __GNUC__
| 	 /* Catch a bug in IBM AIX xlc compiler version 6.0.0.0
| 	    reported by James Lemley on 2005-10-05; see
| 	    http://lists.gnu.org/archive/html/bug-coreutils/2005-10/msg00086.html
| 	    This test is not quite right, since xlc is allowed to
| 	    reject this program, as the initializer for xlcbug is
| 	    not one of the forms that C requires support for.
| 	    However, doing the test right would require a runtime
| 	    test, and that would make cross-compilation harder.
| 	    Let us hope that IBM fixes the xlc bug, and also adds
| 	    support for this kind of constant expression.  In the
| 	    meantime, this test will reject xlc, which is OK, since
| 	    our stdbool.h substitute should suffice.  We also test
| 	    this with GCC, where it should work, to detect more
| 	    quickly whether someone messes up the test in the
| 	    future.  */
| 	 char digs[] = "0123456789";
| 	 int xlcbug = 1 / (&(digs + 5)[-2 + (bool) 1] == &digs[4] ? 1 : -1);
| #	endif
| 	/* Catch a bug in an HP-UX C compiler.  See
| 	   http://gcc.gnu.org/ml/gcc-patches/2003-12/msg02303.html
| 	   http://lists.gnu.org/archive/html/bug-coreutils/2005-11/msg00161.html
| 	 */
| 	_Bool q = true;
| 	_Bool *pq = &q;
| 
| int
| main ()
| {
| 
| 	*pq |= q;
| 	*pq |= ! q;
| 	/* Refer to every declared value, to avoid compiler optimizations.  */
| 	return (!a + !b + !c + !d + !e + !f + !g + !h + !i + !!j + !k + !!l
| 		+ !m + !n + !o + !p + !q + !pq);
| 
|   ;
|   return 0;
| }
configure:3731: result: no
configure:3733: checking for _Bool
configure:3763: gcc -c -g -O2  conftest.c >&5
configure:3769: $? = 0
configure:3784: result: yes
configure:3805: checking for error_at_line
configure:3831: gcc -o conftest -g -O2   conftest.c  >&5
conftest.c:23:19: error: error.h: No such file or directory
configure:3837: $? = 1
configure: failed program was:
| /* confdefs.h.  */
| #define PACKAGE_NAME "libmyers"
| #define PACKAGE_TARNAME "libmyers"
| #define PACKAGE_VERSION "1.0"
| #define PACKAGE_STRING "libmyers 1.0"
| #define PACKAGE_BUGREPORT ""
| #define STDC_HEADERS 1
| #define HAVE_SYS_TYPES_H 1
| #define HAVE_SYS_STAT_H 1
| #define HAVE_STDLIB_H 1
| #define HAVE_STRING_H 1
| #define HAVE_MEMORY_H 1
| #define HAVE_STRINGS_H 1
| #define HAVE_INTTYPES_H 1
| #define HAVE_STDINT_H 1
| #define HAVE_UNISTD_H 1
| #define HAVE_FLOAT_H 1
| #define HAVE_STDLIB_H 1
| #define HAVE_STRING_H 1
| #define HAVE_UNISTD_H 1
| #define HAVE__BOOL 1
| /* end confdefs.h.  */
| #include <error.h>
| int
| main ()
| {
| error_at_line (0, 0, "", 0, "an error occurred");
|   ;
|   return 0;
| }
configure:3854: result: no
configure:3870: checking for stdlib.h
configure:3876: result: yes
configure:4005: checking for GNU libc compatible malloc
configure:4039: gcc -o conftest -g -O2   conftest.c  >&5
configure:4042: $? = 0
configure:4048: ./conftest
configure:4051: $? = 0
configure:4067: result: yes
configure:4100: checking for stdlib.h
configure:4106: result: yes
configure:4235: checking for GNU libc compatible realloc
configure:4269: gcc -o conftest -g -O2   conftest.c  >&5
configure:4272: $? = 0
configure:4278: ./conftest
configure:4281: $? = 0
configure:4297: result: yes
configure:4325: checking for working strtod
configure:4376: gcc -o conftest -g -O2   conftest.c  >&5
configure:4379: $? = 0
configure:4385: ./conftest
configure:4388: $? = 0
configure:4404: result: yes
configure:4575: checking for bzero
configure:4631: gcc -o conftest -g -O2   conftest.c  >&5
conftest.c:50: warning: conflicting types for built-in function 'bzero'
configure:4637: $? = 0
configure:4655: result: yes
configure:4575: checking for ftruncate
configure:4631: gcc -o conftest -g -O2   conftest.c  >&5
configure:4637: $? = 0
configure:4655: result: yes
configure:4575: checking for strdup
configure:4631: gcc -o conftest -g -O2   conftest.c  >&5
conftest.c:52: warning: conflicting types for built-in function 'strdup'
configure:4637: $? = 0
configure:4655: result: yes
configure:4575: checking for strtol
configure:4631: gcc -o conftest -g -O2   conftest.c  >&5
configure:4637: $? = 0
configure:4655: result: yes
configure:4824: creating ./config.status

## ---------------------- ##
## Running config.status. ##
## ---------------------- ##

This file was extended by libmyers config.status 1.0, which was
generated by GNU Autoconf 2.61.  Invocation command line was

  CONFIG_FILES    = 
  CONFIG_HEADERS  = 
  CONFIG_LINKS    = 
  CONFIG_COMMANDS = 
  $ ./config.status 

on zhaot-lm1.local

config.status:579: creating Makefile_a

## ---------------- ##
## Cache variables. ##
## ---------------- ##

ac_cv_c_compiler_gnu=yes
ac_cv_c_const=yes
ac_cv_c_inline=inline
ac_cv_env_CC_set=
ac_cv_env_CC_value=
ac_cv_env_CFLAGS_set=
ac_cv_env_CFLAGS_value=
ac_cv_env_CPPFLAGS_set=
ac_cv_env_CPPFLAGS_value=
ac_cv_env_CPP_set=
ac_cv_env_CPP_value=
ac_cv_env_LDFLAGS_set=
ac_cv_env_LDFLAGS_value=
ac_cv_env_LIBS_set=
ac_cv_env_LIBS_value=
ac_cv_env_build_alias_set=
ac_cv_env_build_alias_value=
ac_cv_env_host_alias_set=
ac_cv_env_host_alias_value=
ac_cv_env_target_alias_set=
ac_cv_env_target_alias_value=
ac_cv_func_bzero=yes
ac_cv_func_ftruncate=yes
ac_cv_func_malloc_0_nonnull=yes
ac_cv_func_realloc_0_nonnull=yes
ac_cv_func_strdup=yes
ac_cv_func_strtod=yes
ac_cv_func_strtol=yes
ac_cv_header_float_h=yes
ac_cv_header_inttypes_h=yes
ac_cv_header_memory_h=yes
ac_cv_header_stdbool_h=no
ac_cv_header_stdc=yes
ac_cv_header_stdint_h=yes
ac_cv_header_stdlib_h=yes
ac_cv_header_string_h=yes
ac_cv_header_strings_h=yes
ac_cv_header_sys_stat_h=yes
ac_cv_header_sys_types_h=yes
ac_cv_header_unistd_h=yes
ac_cv_lib_error_at_line=no
ac_cv_objext=o
ac_cv_path_EGREP='/usr/bin/grep -E'
ac_cv_path_GREP=/usr/bin/grep
ac_cv_prog_AWK=awk
ac_cv_prog_CPP='gcc -E'
ac_cv_prog_ac_ct_CC=gcc
ac_cv_prog_cc_c89=
ac_cv_prog_cc_g=yes
ac_cv_type__Bool=yes

## ----------------- ##
## Output variables. ##
## ----------------- ##

ARCH_FLAG=''
AWK='awk'
CC='gcc'
CFLAGS='-g -O2'
CPP='gcc -E'
CPPFLAGS=''
DEFS='-DPACKAGE_NAME=\"libmyers\" -DPACKAGE_TARNAME=\"libmyers\" -DPACKAGE_VERSION=\"1.0\" -DPACKAGE_STRING=\"libmyers\ 1.0\" -DPACKAGE_BUGREPORT=\"\" -DSTDC_HEADERS=1 -DHAVE_SYS_TYPES_H=1 -DHAVE_SYS_STAT_H=1 -DHAVE_STDLIB_H=1 -DHAVE_STRING_H=1 -DHAVE_MEMORY_H=1 -DHAVE_STRINGS_H=1 -DHAVE_INTTYPES_H=1 -DHAVE_STDINT_H=1 -DHAVE_UNISTD_H=1 -DHAVE_FLOAT_H=1 -DHAVE_STDLIB_H=1 -DHAVE_STRING_H=1 -DHAVE_UNISTD_H=1 -DHAVE__BOOL=1 -DHAVE_STDLIB_H=1 -DHAVE_MALLOC=1 -DHAVE_STDLIB_H=1 -DHAVE_REALLOC=1 -DHAVE_BZERO=1 -DHAVE_FTRUNCATE=1 -DHAVE_STRDUP=1 -DHAVE_STRTOL=1'
ECHO_C='ECHO_N=''
ECHO_T=''
EGREP='/usr/bin/grep -E'
EXEEXT=''
GREP='/usr/bin/grep'
LDFLAGS=''
LIBFILE='libmyers.a'
LIBOBJS=' ${LIBOBJDIR}error$U.o'
LIBS=''
LTLIBOBJS=' ${LIBOBJDIR}error$U.lo'
OBJEXT='o'
PACKAGE_BUGREPORT=''
PACKAGE_NAME='libmyers'
PACKAGE_STRING='libmyers 1.0'
PACKAGE_TARNAME='libmyers'
PACKAGE_VERSION='1.0'
PATH_SEPARATOR=':'
POW_LIB=''
PREFIX=''
SHELL='/bin/sh'
ac_ct_CC='gcc'
bindir='${exec_prefix}/bin'
build_alias=''
datadir='${datarootdir}'
datarootdir='${prefix}/share'
docdir='${datarootdir}/doc/${PACKAGE_TARNAME}'
dvidir='${docdir}'
exec_prefix='${prefix}'
host_alias=''
htmldir='${docdir}'
includedir='${prefix}/include'
infodir='${datarootdir}/info'
libdir='${exec_prefix}/lib'
libexecdir='${exec_prefix}/libexec'
localedir='${datarootdir}/locale'
localstatedir='${prefix}/var'
mandir='${datarootdir}/man'
oldincludedir='/usr/include'
pdfdir='${docdir}'
prefix='/usr/local'
program_transform_name='s,x,x,'
psdir='${docdir}'
sbindir='${exec_prefix}/sbin'
sharedstatedir='${prefix}/com'
sysconfdir='${prefix}/etc'
target_alias=''

## ----------- ##
## confdefs.h. ##
## ----------- ##

#define PACKAGE_NAME "libmyers"
#define PACKAGE_TARNAME "libmyers"
#define PACKAGE_VERSION "1.0"
#define PACKAGE_STRING "libmyers 1.0"
#define PACKAGE_BUGREPORT ""
#define STDC_HEADERS 1
#define HAVE_SYS_TYPES_H 1
#define HAVE_SYS_STAT_H 1
#define HAVE_STDLIB_H 1
#define HAVE_STRING_H 1
#define HAVE_MEMORY_H 1
#define HAVE_STRINGS_H 1
#define HAVE_INTTYPES_H 1
#define HAVE_STDINT_H 1
#define HAVE_UNISTD_H 1
#define HAVE_FLOAT_H 1
#define HAVE_STDLIB_H 1
#define HAVE_STRING_H 1
#define HAVE_UNISTD_H 1
#define HAVE__BOOL 1
#define HAVE_STDLIB_H 1
#define HAVE_MALLOC 1
#define HAVE_STDLIB_H 1
#define HAVE_REALLOC 1
#define HAVE_BZERO 1
#define HAVE_FTRUNCATE 1
#define HAVE_STRDUP 1
#define HAVE_STRTOL 1

configure: exit 0
