生成启动时间为 2018/3/13 星期二 20:57:50。
     1>项目“F:\newv3dcode\v3d_external\released_plugins_more\v3d_plugins\bigneuron_ytc_zz_nctuTW_tips\tips_GD.vcxproj”在节点 2 上(rebuild 个目标)。
     1>InitializeBuildStatus:
         正在创建“debug\tips_GD.unsuccessfulbuild”，因为已指定“AlwaysCreate”。
       CustomBuild:
         MOC nctuTW_tips_plugin.h
       ClCompile:
         G:\vs2010\VC\bin\CL.exe /c /If:\Qt\4.7.2\include\QtCore /If:\Qt\4.7.2\include\QtGui /If:\Qt\4.7.2\include /I..\..\..\..\v3d_external\v3d_main\basic_c_fun /I..\..\..\..\v3d_external\v3d_main\common_lib\include /I..\..\..\..\v3d_external\v3d_main\neuron_editing /I..\..\..\..\v3d_external\v3d_main\worm_straighten_c /I..\..\..\..\v3d_external\v3d_main\common_lib\include /I..\..\..\..\v3d_external\v3d_main\cellseg /I..\..\..\released_plugins\v3d_plugins\neurontracing_vn2\app2 /If:\Qt\4.7.2\include\ActiveQt /Idebug /I"f:\Qt\4.7.2\mkspecs\win32-msvc2010" /Zi /nologo /W0 /WX- /Od /Oy- /D _WINDOWS /D UNICODE /D WIN32 /D QT_LARGEFILE_SUPPORT /D QT_DLL /D QT_PLUGIN /D QT_GUI_LIB /D QT_CORE_LIB /D QT_HAVE_MMX /D QT_HAVE_3DNOW /D QT_HAVE_SSE /D QT_HAVE_MMXEXT /D QT_HAVE_SSE2 /D QT_THREAD_SUPPORT /D _WINDLL /Gm- /EHsc /MDd /GS- /fp:precise /Zc:wchar_t- /Zc:forScope /GR /Fo"debug\\" /Fd".\vc100.pdb" /Gd /TP /analyze- /errorReport:prompt Dijkstra.cpp DistanceTransTwo.cpp Geo.cpp Graph_AdjacencyList3D.cpp IPT.cpp Image3D.cpp LineSeg3D.cpp Point3D.cpp ..\..\..\..\v3d_external\v3d_main\neuron_editing\apo_xforms.cpp ..\..\..\released_plugins\v3d_plugins\neurontracing_vn2\app1\autoseed.cpp ..\..\..\..\v3d_external\v3d_main\basic_c_fun\basic_memory.cpp ..\..\..\..\v3d_external\v3d_main\basic_c_fun\basic_surf_objs.cpp ..\..\..\..\v3d_external\v3d_main\worm_straighten_c\bdb_minus.cpp ..\..\..\..\v3d_external\v3d_main\worm_straighten_c\bfs_1root.cpp ..\..\..\released_plugins\v3d_plugins\neurontracing_vn2\app1\calculate_cover_scores.cpp ..\..\..\..\v3d_external\v3d_main\graph\dijk.cpp ..\..\..\released_plugins\v3d_plugins\neurontracing_vn2\app1\gd.cpp main.cpp ..\..\..\..\v3d_external\v3d_main\basic_c_fun\mg_image_lib.cpp ..\..\..\..\v3d_external\v3d_main\basic_c_fun\mg_utilities.cpp ..\..\..\..\v3d_external\v3d_main\worm_straighten_c\mst_prim_c.cpp nctuTW_tips_plugin.cpp ..\..\..\..\v3d_external\v3d_main\neuron_editing\neuron_sim_scores.cpp ..\..\..\..\v3d_external\v3d_main\neuron_editing\neuron_xforms.cpp ..\..\..\..\v3d_external\v3d_main\worm_straighten_c\spline_cubic.cpp ..\..\..\..\v3d_external\v3d_main\basic_c_fun\stackutil.cpp ..\..\..\..\v3d_external\v3d_main\cellseg\template_matching_seg.cpp ..\..\..\released_plugins\v3d_plugins\neurontracing_vn2\app1\tip_detection.cpp ..\..\..\..\v3d_external\v3d_main\basic_c_fun\v3d_message.cpp ..\..\..\released_plugins\v3d_plugins\neurontracing_vn2\app1\v3dneuron_gd_tracing.cpp ..\..\..\..\v3d_external\v3d_main\neuron_editing\v_neuronswc.cpp debug\moc_nctuTW_tips_plugin.cpp -Zm200 
         Dijkstra.cpp
         DistanceTransTwo.cpp
         Geo.cpp
         Graph_AdjacencyList3D.cpp
         IPT.cpp
         Image3D.cpp
         LineSeg3D.cpp
         Point3D.cpp
         apo_xforms.cpp
         autoseed.cpp
     1>c1xx : fatal error C1083: 无法打开源文件:“..\..\..\released_plugins\v3d_plugins\neurontracing_vn2\app1\autoseed.cpp”: No such file or directory
         basic_memory.cpp
         basic_surf_objs.cpp
         bdb_minus.cpp
         bfs_1root.cpp
         calculate_cover_scores.cpp
     1>c1xx : fatal error C1083: 无法打开源文件:“..\..\..\released_plugins\v3d_plugins\neurontracing_vn2\app1\calculate_cover_scores.cpp”: No such file or directory
         dijk.cpp
         gd.cpp
     1>c1xx : fatal error C1083: 无法打开源文件:“..\..\..\released_plugins\v3d_plugins\neurontracing_vn2\app1\gd.cpp”: No such file or directory
         main.cpp
         mg_image_lib.cpp
         mg_utilities.cpp
         正在生成代码...
         正在编译...
         mst_prim_c.cpp
         nctuTW_tips_plugin.cpp
     1>nctuTW_tips_plugin.cpp(13): fatal error C1083: 无法打开包括文件:“../../../released_plugins/v3d_plugins/neurontracing_vn2/app1/v3dneuron_gd_tracing.h”: No such file or directory
         neuron_sim_scores.cpp
         neuron_xforms.cpp
         spline_cubic.cpp
         stackutil.cpp
         template_matching_seg.cpp
         tip_detection.cpp
     1>c1xx : fatal error C1083: 无法打开源文件:“..\..\..\released_plugins\v3d_plugins\neurontracing_vn2\app1\tip_detection.cpp”: No such file or directory
         v3d_message.cpp
         v3dneuron_gd_tracing.cpp
     1>c1xx : fatal error C1083: 无法打开源文件:“..\..\..\released_plugins\v3d_plugins\neurontracing_vn2\app1\v3dneuron_gd_tracing.cpp”: No such file or directory
         v_neuronswc.cpp
         moc_nctuTW_tips_plugin.cpp
         正在生成代码...
     1>已完成生成项目“F:\newv3dcode\v3d_external\released_plugins_more\v3d_plugins\bigneuron_ytc_zz_nctuTW_tips\tips_GD.vcxproj”(rebuild 个目标)的操作 - 失败。

生成失败。

已用时间 00:00:29.30
