The system is: Darwin - 11.4.2 - i386
Compiling the C compiler identification source file "CMakeCCompilerId.c" succeeded.
Compiler: /usr/bin/gcc 
Build flags: 
Id flags: 

The output was:
0


Compilation of the C compiler identification source "CMakeCCompilerId.c" produced "a.out"

The C compiler identification is GNU, found in "/Users/zhaot/Work/neutube/neurolabi/c/build/CMakeFiles/CompilerIdC/a.out"

Compiling the CXX compiler identification source file "CMakeCXXCompilerId.cpp" succeeded.
Compiler: /usr/bin/c++ 
Build flags: 
Id flags: 

The output was:
0


Compilation of the CXX compiler identification source "CMakeCXXCompilerId.cpp" produced "a.out"

The CXX compiler identification is Clang, found in "/Users/zhaot/Work/neutube/neurolabi/c/build/CMakeFiles/CompilerIdCXX/a.out"

Determining if the C compiler works passed with the following output:
Change Dir: /Users/zhaot/Work/neutube/neurolabi/c/build/CMakeFiles/CMakeTmp

Run Build Command:/usr/bin/make "cmTryCompileExec3514165873/fast"
/usr/bin/make -f CMakeFiles/cmTryCompileExec3514165873.dir/build.make CMakeFiles/cmTryCompileExec3514165873.dir/build
"/Applications/CMake 2.8-9.app/Contents/bin/cmake" -E cmake_progress_report /Users/zhaot/Work/neutube/neurolabi/c/build/CMakeFiles/CMakeTmp/CMakeFiles 1
Building C object CMakeFiles/cmTryCompileExec3514165873.dir/testCCompiler.c.o
/usr/bin/gcc    -o CMakeFiles/cmTryCompileExec3514165873.dir/testCCompiler.c.o   -c /Users/zhaot/Work/neutube/neurolabi/c/build/CMakeFiles/CMakeTmp/testCCompiler.c
Linking C executable cmTryCompileExec3514165873
"/Applications/CMake 2.8-9.app/Contents/bin/cmake" -E cmake_link_script CMakeFiles/cmTryCompileExec3514165873.dir/link.txt --verbose=1
/usr/bin/gcc      -Wl,-search_paths_first -Wl,-headerpad_max_install_names   CMakeFiles/cmTryCompileExec3514165873.dir/testCCompiler.c.o  -o cmTryCompileExec3514165873  


Detecting C compiler ABI info compiled with the following output:
Change Dir: /Users/zhaot/Work/neutube/neurolabi/c/build/CMakeFiles/CMakeTmp

Run Build Command:/usr/bin/make "cmTryCompileExec3718183609/fast"
/usr/bin/make -f CMakeFiles/cmTryCompileExec3718183609.dir/build.make CMakeFiles/cmTryCompileExec3718183609.dir/build
"/Applications/CMake 2.8-9.app/Contents/bin/cmake" -E cmake_progress_report /Users/zhaot/Work/neutube/neurolabi/c/build/CMakeFiles/CMakeTmp/CMakeFiles 1
Building C object CMakeFiles/cmTryCompileExec3718183609.dir/CMakeCCompilerABI.c.o
/usr/bin/gcc    -o CMakeFiles/cmTryCompileExec3718183609.dir/CMakeCCompilerABI.c.o   -c "/Applications/CMake 2.8-9.app/Contents/share/cmake-2.8/Modules/CMakeCCompilerABI.c"
Linking C executable cmTryCompileExec3718183609
"/Applications/CMake 2.8-9.app/Contents/bin/cmake" -E cmake_link_script CMakeFiles/cmTryCompileExec3718183609.dir/link.txt --verbose=1
/usr/bin/gcc      -Wl,-search_paths_first -Wl,-headerpad_max_install_names -v CMakeFiles/cmTryCompileExec3718183609.dir/CMakeCCompilerABI.c.o  -o cmTryCompileExec3718183609   
Using built-in specs.
Target: i686-apple-darwin11
Configured with: /private/var/tmp/llvmgcc42/llvmgcc42-2336.11~28/src/configure --disable-checking --enable-werror --prefix=/Applications/Xcode.app/Contents/Developer/usr/llvm-gcc-4.2 --mandir=/share/man --enable-languages=c,objc,c++,obj-c++ --program-prefix=llvm- --program-transform-name=/^[cg][^.-]*$/s/$/-4.2/ --with-slibdir=/usr/lib --build=i686-apple-darwin11 --enable-llvm=/private/var/tmp/llvmgcc42/llvmgcc42-2336.11~28/dst-llvmCore/Developer/usr/local --program-prefix=i686-apple-darwin11- --host=x86_64-apple-darwin11 --target=i686-apple-darwin11 --with-gxx-include-dir=/usr/include/c++/4.2.1
Thread model: posix
gcc version 4.2.1 (Based on Apple Inc. build 5658) (LLVM build 2336.11.00)
 /usr/llvm-gcc-4.2/bin/../libexec/gcc/i686-apple-darwin11/4.2.1/collect2 -dynamic -arch x86_64 -macosx_version_min 10.7.4 -weak_reference_mismatches non-weak -o cmTryCompileExec3718183609 -lcrt1.10.6.o -L/usr/llvm-gcc-4.2/bin/../lib/gcc/i686-apple-darwin11/4.2.1/x86_64 -L/Applications/Xcode.app/Contents/Developer/usr/llvm-gcc-4.2/lib/gcc/i686-apple-darwin11/4.2.1/x86_64 -L/usr/llvm-gcc-4.2/bin/../lib/gcc/i686-apple-darwin11/4.2.1 -L/usr/llvm-gcc-4.2/bin/../lib/gcc -L/Applications/Xcode.app/Contents/Developer/usr/llvm-gcc-4.2/lib/gcc/i686-apple-darwin11/4.2.1 -L/usr/llvm-gcc-4.2/bin/../lib/gcc/i686-apple-darwin11/4.2.1/../../.. -L/Applications/Xcode.app/Contents/Developer/usr/llvm-gcc-4.2/lib/gcc/i686-apple-darwin11/4.2.1/../../.. -search_paths_first -headerpad_max_install_names CMakeFiles/cmTryCompileExec3718183609.dir/CMakeCCompilerABI.c.o -lSystem -lgcc -lSystem


Parsed C implicit link information from above output:
  link line regex: [^( *|.*[/\])(ld|ld|collect2)[^/\]*( |$)]
  ignore line: [Change Dir: /Users/zhaot/Work/neutube/neurolabi/c/build/CMakeFiles/CMakeTmp]
  ignore line: []
  ignore line: [Run Build Command:/usr/bin/make "cmTryCompileExec3718183609/fast"]
  ignore line: [/usr/bin/make -f CMakeFiles/cmTryCompileExec3718183609.dir/build.make CMakeFiles/cmTryCompileExec3718183609.dir/build]
  ignore line: ["/Applications/CMake 2.8-9.app/Contents/bin/cmake" -E cmake_progress_report /Users/zhaot/Work/neutube/neurolabi/c/build/CMakeFiles/CMakeTmp/CMakeFiles 1]
  ignore line: [Building C object CMakeFiles/cmTryCompileExec3718183609.dir/CMakeCCompilerABI.c.o]
  ignore line: [/usr/bin/gcc    -o CMakeFiles/cmTryCompileExec3718183609.dir/CMakeCCompilerABI.c.o   -c "/Applications/CMake 2.8-9.app/Contents/share/cmake-2.8/Modules/CMakeCCompilerABI.c"]
  ignore line: [Linking C executable cmTryCompileExec3718183609]
  ignore line: ["/Applications/CMake 2.8-9.app/Contents/bin/cmake" -E cmake_link_script CMakeFiles/cmTryCompileExec3718183609.dir/link.txt --verbose=1]
  ignore line: [/usr/bin/gcc      -Wl,-search_paths_first -Wl,-headerpad_max_install_names -v CMakeFiles/cmTryCompileExec3718183609.dir/CMakeCCompilerABI.c.o  -o cmTryCompileExec3718183609   ]
  ignore line: [Using built-in specs.]
  ignore line: [Target: i686-apple-darwin11]
  ignore line: [Configured with: /private/var/tmp/llvmgcc42/llvmgcc42-2336.11~28/src/configure --disable-checking --enable-werror --prefix=/Applications/Xcode.app/Contents/Developer/usr/llvm-gcc-4.2 --mandir=/share/man --enable-languages=c,objc,c++,obj-c++ --program-prefix=llvm- --program-transform-name=/^[cg][^.-]*$/s/$/-4.2/ --with-slibdir=/usr/lib --build=i686-apple-darwin11 --enable-llvm=/private/var/tmp/llvmgcc42/llvmgcc42-2336.11~28/dst-llvmCore/Developer/usr/local --program-prefix=i686-apple-darwin11- --host=x86_64-apple-darwin11 --target=i686-apple-darwin11 --with-gxx-include-dir=/usr/include/c++/4.2.1]
  ignore line: [Thread model: posix]
  ignore line: [gcc version 4.2.1 (Based on Apple Inc. build 5658) (LLVM build 2336.11.00)]
  link line: [ /usr/llvm-gcc-4.2/bin/../libexec/gcc/i686-apple-darwin11/4.2.1/collect2 -dynamic -arch x86_64 -macosx_version_min 10.7.4 -weak_reference_mismatches non-weak -o cmTryCompileExec3718183609 -lcrt1.10.6.o -L/usr/llvm-gcc-4.2/bin/../lib/gcc/i686-apple-darwin11/4.2.1/x86_64 -L/Applications/Xcode.app/Contents/Developer/usr/llvm-gcc-4.2/lib/gcc/i686-apple-darwin11/4.2.1/x86_64 -L/usr/llvm-gcc-4.2/bin/../lib/gcc/i686-apple-darwin11/4.2.1 -L/usr/llvm-gcc-4.2/bin/../lib/gcc -L/Applications/Xcode.app/Contents/Developer/usr/llvm-gcc-4.2/lib/gcc/i686-apple-darwin11/4.2.1 -L/usr/llvm-gcc-4.2/bin/../lib/gcc/i686-apple-darwin11/4.2.1/../../.. -L/Applications/Xcode.app/Contents/Developer/usr/llvm-gcc-4.2/lib/gcc/i686-apple-darwin11/4.2.1/../../.. -search_paths_first -headerpad_max_install_names CMakeFiles/cmTryCompileExec3718183609.dir/CMakeCCompilerABI.c.o -lSystem -lgcc -lSystem]
    arg [/usr/llvm-gcc-4.2/bin/../libexec/gcc/i686-apple-darwin11/4.2.1/collect2] ==> ignore
    arg [-dynamic] ==> ignore
    arg [-arch] ==> ignore
    arg [x86_64] ==> ignore
    arg [-macosx_version_min] ==> ignore
    arg [10.7.4] ==> ignore
    arg [-weak_reference_mismatches] ==> ignore
    arg [non-weak] ==> ignore
    arg [-o] ==> ignore
    arg [cmTryCompileExec3718183609] ==> ignore
    arg [-lcrt1.10.6.o] ==> lib [crt1.10.6.o]
    arg [-L/usr/llvm-gcc-4.2/bin/../lib/gcc/i686-apple-darwin11/4.2.1/x86_64] ==> dir [/usr/llvm-gcc-4.2/bin/../lib/gcc/i686-apple-darwin11/4.2.1/x86_64]
    arg [-L/Applications/Xcode.app/Contents/Developer/usr/llvm-gcc-4.2/lib/gcc/i686-apple-darwin11/4.2.1/x86_64] ==> dir [/Applications/Xcode.app/Contents/Developer/usr/llvm-gcc-4.2/lib/gcc/i686-apple-darwin11/4.2.1/x86_64]
    arg [-L/usr/llvm-gcc-4.2/bin/../lib/gcc/i686-apple-darwin11/4.2.1] ==> dir [/usr/llvm-gcc-4.2/bin/../lib/gcc/i686-apple-darwin11/4.2.1]
    arg [-L/usr/llvm-gcc-4.2/bin/../lib/gcc] ==> dir [/usr/llvm-gcc-4.2/bin/../lib/gcc]
    arg [-L/Applications/Xcode.app/Contents/Developer/usr/llvm-gcc-4.2/lib/gcc/i686-apple-darwin11/4.2.1] ==> dir [/Applications/Xcode.app/Contents/Developer/usr/llvm-gcc-4.2/lib/gcc/i686-apple-darwin11/4.2.1]
    arg [-L/usr/llvm-gcc-4.2/bin/../lib/gcc/i686-apple-darwin11/4.2.1/../../..] ==> dir [/usr/llvm-gcc-4.2/bin/../lib/gcc/i686-apple-darwin11/4.2.1/../../..]
    arg [-L/Applications/Xcode.app/Contents/Developer/usr/llvm-gcc-4.2/lib/gcc/i686-apple-darwin11/4.2.1/../../..] ==> dir [/Applications/Xcode.app/Contents/Developer/usr/llvm-gcc-4.2/lib/gcc/i686-apple-darwin11/4.2.1/../../..]
    arg [-search_paths_first] ==> ignore
    arg [-headerpad_max_install_names] ==> ignore
    arg [CMakeFiles/cmTryCompileExec3718183609.dir/CMakeCCompilerABI.c.o] ==> ignore
    arg [-lSystem] ==> lib [System]
    arg [-lgcc] ==> lib [gcc]
    arg [-lSystem] ==> lib [System]
  remove lib [crt1.10.6.o]
  remove lib [System]
  remove lib [gcc]
  remove lib [System]
  collapse dir [/usr/llvm-gcc-4.2/bin/../lib/gcc/i686-apple-darwin11/4.2.1/x86_64] ==> [/usr/llvm-gcc-4.2/lib/gcc/i686-apple-darwin11/4.2.1/x86_64]
  collapse dir [/Applications/Xcode.app/Contents/Developer/usr/llvm-gcc-4.2/lib/gcc/i686-apple-darwin11/4.2.1/x86_64] ==> [/Applications/Xcode.app/Contents/Developer/usr/llvm-gcc-4.2/lib/gcc/i686-apple-darwin11/4.2.1/x86_64]
  collapse dir [/usr/llvm-gcc-4.2/bin/../lib/gcc/i686-apple-darwin11/4.2.1] ==> [/usr/llvm-gcc-4.2/lib/gcc/i686-apple-darwin11/4.2.1]
  collapse dir [/usr/llvm-gcc-4.2/bin/../lib/gcc] ==> [/usr/llvm-gcc-4.2/lib/gcc]
  collapse dir [/Applications/Xcode.app/Contents/Developer/usr/llvm-gcc-4.2/lib/gcc/i686-apple-darwin11/4.2.1] ==> [/Applications/Xcode.app/Contents/Developer/usr/llvm-gcc-4.2/lib/gcc/i686-apple-darwin11/4.2.1]
  collapse dir [/usr/llvm-gcc-4.2/bin/../lib/gcc/i686-apple-darwin11/4.2.1/../../..] ==> [/usr/llvm-gcc-4.2/lib]
  collapse dir [/Applications/Xcode.app/Contents/Developer/usr/llvm-gcc-4.2/lib/gcc/i686-apple-darwin11/4.2.1/../../..] ==> [/Applications/Xcode.app/Contents/Developer/usr/llvm-gcc-4.2/lib]
  implicit libs: []
  implicit dirs: [/usr/llvm-gcc-4.2/lib/gcc/i686-apple-darwin11/4.2.1/x86_64;/Applications/Xcode.app/Contents/Developer/usr/llvm-gcc-4.2/lib/gcc/i686-apple-darwin11/4.2.1/x86_64;/usr/llvm-gcc-4.2/lib/gcc/i686-apple-darwin11/4.2.1;/usr/llvm-gcc-4.2/lib/gcc;/Applications/Xcode.app/Contents/Developer/usr/llvm-gcc-4.2/lib/gcc/i686-apple-darwin11/4.2.1;/usr/llvm-gcc-4.2/lib;/Applications/Xcode.app/Contents/Developer/usr/llvm-gcc-4.2/lib]


Determining if the CXX compiler works passed with the following output:
Change Dir: /Users/zhaot/Work/neutube/neurolabi/c/build/CMakeFiles/CMakeTmp

Run Build Command:/usr/bin/make "cmTryCompileExec1343464395/fast"
/usr/bin/make -f CMakeFiles/cmTryCompileExec1343464395.dir/build.make CMakeFiles/cmTryCompileExec1343464395.dir/build
"/Applications/CMake 2.8-9.app/Contents/bin/cmake" -E cmake_progress_report /Users/zhaot/Work/neutube/neurolabi/c/build/CMakeFiles/CMakeTmp/CMakeFiles 1
Building CXX object CMakeFiles/cmTryCompileExec1343464395.dir/testCXXCompiler.cxx.o
/usr/bin/c++     -o CMakeFiles/cmTryCompileExec1343464395.dir/testCXXCompiler.cxx.o -c /Users/zhaot/Work/neutube/neurolabi/c/build/CMakeFiles/CMakeTmp/testCXXCompiler.cxx
Linking CXX executable cmTryCompileExec1343464395
"/Applications/CMake 2.8-9.app/Contents/bin/cmake" -E cmake_link_script CMakeFiles/cmTryCompileExec1343464395.dir/link.txt --verbose=1
/usr/bin/c++       -Wl,-search_paths_first -Wl,-headerpad_max_install_names   CMakeFiles/cmTryCompileExec1343464395.dir/testCXXCompiler.cxx.o  -o cmTryCompileExec1343464395  


Detecting CXX compiler ABI info compiled with the following output:
Change Dir: /Users/zhaot/Work/neutube/neurolabi/c/build/CMakeFiles/CMakeTmp

Run Build Command:/usr/bin/make "cmTryCompileExec739148869/fast"
/usr/bin/make -f CMakeFiles/cmTryCompileExec739148869.dir/build.make CMakeFiles/cmTryCompileExec739148869.dir/build
"/Applications/CMake 2.8-9.app/Contents/bin/cmake" -E cmake_progress_report /Users/zhaot/Work/neutube/neurolabi/c/build/CMakeFiles/CMakeTmp/CMakeFiles 1
Building CXX object CMakeFiles/cmTryCompileExec739148869.dir/CMakeCXXCompilerABI.cpp.o
/usr/bin/c++     -o CMakeFiles/cmTryCompileExec739148869.dir/CMakeCXXCompilerABI.cpp.o -c "/Applications/CMake 2.8-9.app/Contents/share/cmake-2.8/Modules/CMakeCXXCompilerABI.cpp"
Linking CXX executable cmTryCompileExec739148869
"/Applications/CMake 2.8-9.app/Contents/bin/cmake" -E cmake_link_script CMakeFiles/cmTryCompileExec739148869.dir/link.txt --verbose=1
/usr/bin/c++       -Wl,-search_paths_first -Wl,-headerpad_max_install_names -v CMakeFiles/cmTryCompileExec739148869.dir/CMakeCXXCompilerABI.cpp.o  -o cmTryCompileExec739148869   
Apple clang version 4.0 (tags/Apple/clang-421.0.60) (based on LLVM 3.1svn)
Target: x86_64-apple-darwin11.4.2
Thread model: posix
 "/usr/bin/ld" -demangle -dynamic -arch x86_64 -macosx_version_min 10.7.0 -o cmTryCompileExec739148869 -lcrt1.10.6.o -search_paths_first -headerpad_max_install_names CMakeFiles/cmTryCompileExec739148869.dir/CMakeCXXCompilerABI.cpp.o -lstdc++ -lSystem /usr/bin/../lib/clang/4.0/lib/darwin/libclang_rt.osx.a


Parsed CXX implicit link information from above output:
  link line regex: [^( *|.*[/\])(ld|ld|collect2)[^/\]*( |$)]
  ignore line: [Change Dir: /Users/zhaot/Work/neutube/neurolabi/c/build/CMakeFiles/CMakeTmp]
  ignore line: []
  ignore line: [Run Build Command:/usr/bin/make "cmTryCompileExec739148869/fast"]
  ignore line: [/usr/bin/make -f CMakeFiles/cmTryCompileExec739148869.dir/build.make CMakeFiles/cmTryCompileExec739148869.dir/build]
  ignore line: ["/Applications/CMake 2.8-9.app/Contents/bin/cmake" -E cmake_progress_report /Users/zhaot/Work/neutube/neurolabi/c/build/CMakeFiles/CMakeTmp/CMakeFiles 1]
  ignore line: [Building CXX object CMakeFiles/cmTryCompileExec739148869.dir/CMakeCXXCompilerABI.cpp.o]
  ignore line: [/usr/bin/c++     -o CMakeFiles/cmTryCompileExec739148869.dir/CMakeCXXCompilerABI.cpp.o -c "/Applications/CMake 2.8-9.app/Contents/share/cmake-2.8/Modules/CMakeCXXCompilerABI.cpp"]
  ignore line: [Linking CXX executable cmTryCompileExec739148869]
  ignore line: ["/Applications/CMake 2.8-9.app/Contents/bin/cmake" -E cmake_link_script CMakeFiles/cmTryCompileExec739148869.dir/link.txt --verbose=1]
  ignore line: [/usr/bin/c++       -Wl,-search_paths_first -Wl,-headerpad_max_install_names -v CMakeFiles/cmTryCompileExec739148869.dir/CMakeCXXCompilerABI.cpp.o  -o cmTryCompileExec739148869   ]
  ignore line: [Apple clang version 4.0 (tags/Apple/clang-421.0.60) (based on LLVM 3.1svn)]
  ignore line: [Target: x86_64-apple-darwin11.4.2]
  ignore line: [Thread model: posix]
  link line: [ "/usr/bin/ld" -demangle -dynamic -arch x86_64 -macosx_version_min 10.7.0 -o cmTryCompileExec739148869 -lcrt1.10.6.o -search_paths_first -headerpad_max_install_names CMakeFiles/cmTryCompileExec739148869.dir/CMakeCXXCompilerABI.cpp.o -lstdc++ -lSystem /usr/bin/../lib/clang/4.0/lib/darwin/libclang_rt.osx.a]
    arg [/usr/bin/ld] ==> ignore
    arg [-demangle] ==> ignore
    arg [-dynamic] ==> ignore
    arg [-arch] ==> ignore
    arg [x86_64] ==> ignore
    arg [-macosx_version_min] ==> ignore
    arg [10.7.0] ==> ignore
    arg [-o] ==> ignore
    arg [cmTryCompileExec739148869] ==> ignore
    arg [-lcrt1.10.6.o] ==> lib [crt1.10.6.o]
    arg [-search_paths_first] ==> ignore
    arg [-headerpad_max_install_names] ==> ignore
    arg [CMakeFiles/cmTryCompileExec739148869.dir/CMakeCXXCompilerABI.cpp.o] ==> ignore
    arg [-lstdc++] ==> lib [stdc++]
    arg [-lSystem] ==> lib [System]
    arg [/usr/bin/../lib/clang/4.0/lib/darwin/libclang_rt.osx.a] ==> lib [/usr/bin/../lib/clang/4.0/lib/darwin/libclang_rt.osx.a]
  remove lib [crt1.10.6.o]
  remove lib [System]
  implicit libs: [stdc++;/usr/bin/../lib/clang/4.0/lib/darwin/libclang_rt.osx.a]
  implicit dirs: []


Determining if the function fftw_execute exists in the /usr/local/lib/libfftw3.a passed with the following output:
Change Dir: /Users/zhaot/Work/neutube/neurolabi/c/build/CMakeFiles/CMakeTmp

Run Build Command:/usr/bin/make "cmTryCompileExec3873564793/fast"
/usr/bin/make -f CMakeFiles/cmTryCompileExec3873564793.dir/build.make CMakeFiles/cmTryCompileExec3873564793.dir/build
"/Applications/CMake 2.8-9.app/Contents/bin/cmake" -E cmake_progress_report /Users/zhaot/Work/neutube/neurolabi/c/build/CMakeFiles/CMakeTmp/CMakeFiles 1
Building C object CMakeFiles/cmTryCompileExec3873564793.dir/CheckFunctionExists.c.o
/usr/bin/gcc   -DCHECK_FUNCTION_EXISTS=fftw_execute   -o CMakeFiles/cmTryCompileExec3873564793.dir/CheckFunctionExists.c.o   -c "/Applications/CMake 2.8-9.app/Contents/share/cmake-2.8/Modules/CheckFunctionExists.c"
Linking C executable cmTryCompileExec3873564793
"/Applications/CMake 2.8-9.app/Contents/bin/cmake" -E cmake_link_script CMakeFiles/cmTryCompileExec3873564793.dir/link.txt --verbose=1
/usr/bin/gcc     -DCHECK_FUNCTION_EXISTS=fftw_execute -Wl,-search_paths_first -Wl,-headerpad_max_install_names   CMakeFiles/cmTryCompileExec3873564793.dir/CheckFunctionExists.c.o  -o cmTryCompileExec3873564793  /usr/local/lib/libfftw3.a 


Determining if the function fftwf_execute exists in the /usr/local/lib/libfftw3f.a passed with the following output:
Change Dir: /Users/zhaot/Work/neutube/neurolabi/c/build/CMakeFiles/CMakeTmp

Run Build Command:/usr/bin/make "cmTryCompileExec3989541251/fast"
/usr/bin/make -f CMakeFiles/cmTryCompileExec3989541251.dir/build.make CMakeFiles/cmTryCompileExec3989541251.dir/build
"/Applications/CMake 2.8-9.app/Contents/bin/cmake" -E cmake_progress_report /Users/zhaot/Work/neutube/neurolabi/c/build/CMakeFiles/CMakeTmp/CMakeFiles 1
Building C object CMakeFiles/cmTryCompileExec3989541251.dir/CheckFunctionExists.c.o
/usr/bin/gcc   -DCHECK_FUNCTION_EXISTS=fftwf_execute   -o CMakeFiles/cmTryCompileExec3989541251.dir/CheckFunctionExists.c.o   -c "/Applications/CMake 2.8-9.app/Contents/share/cmake-2.8/Modules/CheckFunctionExists.c"
Linking C executable cmTryCompileExec3989541251
"/Applications/CMake 2.8-9.app/Contents/bin/cmake" -E cmake_link_script CMakeFiles/cmTryCompileExec3989541251.dir/link.txt --verbose=1
/usr/bin/gcc     -DCHECK_FUNCTION_EXISTS=fftwf_execute -Wl,-search_paths_first -Wl,-headerpad_max_install_names   CMakeFiles/cmTryCompileExec3989541251.dir/CheckFunctionExists.c.o  -o cmTryCompileExec3989541251  /usr/local/lib/libfftw3f.a 


Determining if the function compress exists in the /usr/lib/libz.dylib passed with the following output:
Change Dir: /Users/zhaot/Work/neutube/neurolabi/c/build/CMakeFiles/CMakeTmp

Run Build Command:/usr/bin/make "cmTryCompileExec1549034283/fast"
/usr/bin/make -f CMakeFiles/cmTryCompileExec1549034283.dir/build.make CMakeFiles/cmTryCompileExec1549034283.dir/build
"/Applications/CMake 2.8-9.app/Contents/bin/cmake" -E cmake_progress_report /Users/zhaot/Work/neutube/neurolabi/c/build/CMakeFiles/CMakeTmp/CMakeFiles 1
Building C object CMakeFiles/cmTryCompileExec1549034283.dir/CheckFunctionExists.c.o
/usr/bin/gcc   -DCHECK_FUNCTION_EXISTS=compress   -o CMakeFiles/cmTryCompileExec1549034283.dir/CheckFunctionExists.c.o   -c "/Applications/CMake 2.8-9.app/Contents/share/cmake-2.8/Modules/CheckFunctionExists.c"
Linking C executable cmTryCompileExec1549034283
"/Applications/CMake 2.8-9.app/Contents/bin/cmake" -E cmake_link_script CMakeFiles/cmTryCompileExec1549034283.dir/link.txt --verbose=1
/usr/bin/gcc     -DCHECK_FUNCTION_EXISTS=compress -Wl,-search_paths_first -Wl,-headerpad_max_install_names   CMakeFiles/cmTryCompileExec1549034283.dir/CheckFunctionExists.c.o  -o cmTryCompileExec1549034283  /usr/lib/libz.dylib 


Determining if the function xmlParseFile exists in the /usr/lib/libxml2.dylib passed with the following output:
Change Dir: /Users/zhaot/Work/neutube/neurolabi/c/build/CMakeFiles/CMakeTmp

Run Build Command:/usr/bin/make "cmTryCompileExec3420897944/fast"
/usr/bin/make -f CMakeFiles/cmTryCompileExec3420897944.dir/build.make CMakeFiles/cmTryCompileExec3420897944.dir/build
"/Applications/CMake 2.8-9.app/Contents/bin/cmake" -E cmake_progress_report /Users/zhaot/Work/neutube/neurolabi/c/build/CMakeFiles/CMakeTmp/CMakeFiles 1
Building C object CMakeFiles/cmTryCompileExec3420897944.dir/CheckFunctionExists.c.o
/usr/bin/gcc   -DCHECK_FUNCTION_EXISTS=xmlParseFile   -o CMakeFiles/cmTryCompileExec3420897944.dir/CheckFunctionExists.c.o   -c "/Applications/CMake 2.8-9.app/Contents/share/cmake-2.8/Modules/CheckFunctionExists.c"
Linking C executable cmTryCompileExec3420897944
"/Applications/CMake 2.8-9.app/Contents/bin/cmake" -E cmake_link_script CMakeFiles/cmTryCompileExec3420897944.dir/link.txt --verbose=1
/usr/bin/gcc     -DCHECK_FUNCTION_EXISTS=xmlParseFile -Wl,-search_paths_first -Wl,-headerpad_max_install_names   CMakeFiles/cmTryCompileExec3420897944.dir/CheckFunctionExists.c.o  -o cmTryCompileExec3420897944  /usr/lib/libxml2.dylib 


Determining if the function png_read_image exists in the png passed with the following output:
Change Dir: /Users/zhaot/Work/neutube/neurolabi/c/build/CMakeFiles/CMakeTmp

Run Build Command:/usr/bin/make "cmTryCompileExec4163138204/fast"
/usr/bin/make -f CMakeFiles/cmTryCompileExec4163138204.dir/build.make CMakeFiles/cmTryCompileExec4163138204.dir/build
"/Applications/CMake 2.8-9.app/Contents/bin/cmake" -E cmake_progress_report /Users/zhaot/Work/neutube/neurolabi/c/build/CMakeFiles/CMakeTmp/CMakeFiles 1
Building C object CMakeFiles/cmTryCompileExec4163138204.dir/CheckFunctionExists.c.o
/usr/bin/gcc   -DCHECK_FUNCTION_EXISTS=png_read_image   -o CMakeFiles/cmTryCompileExec4163138204.dir/CheckFunctionExists.c.o   -c "/Applications/CMake 2.8-9.app/Contents/share/cmake-2.8/Modules/CheckFunctionExists.c"
Linking C executable cmTryCompileExec4163138204
"/Applications/CMake 2.8-9.app/Contents/bin/cmake" -E cmake_link_script CMakeFiles/cmTryCompileExec4163138204.dir/link.txt --verbose=1
/usr/bin/gcc     -DCHECK_FUNCTION_EXISTS=png_read_image -Wl,-search_paths_first -Wl,-headerpad_max_install_names   CMakeFiles/cmTryCompileExec4163138204.dir/CheckFunctionExists.c.o  -o cmTryCompileExec4163138204  -L/usr/X11/lib -lpng 


Determining if the function json_object exists in the /usr/local/lib/libjansson.dylib passed with the following output:
Change Dir: /Users/zhaot/Work/neutube/neurolabi/c/build/CMakeFiles/CMakeTmp

Run Build Command:/usr/bin/make "cmTryCompileExec2504235542/fast"
/usr/bin/make -f CMakeFiles/cmTryCompileExec2504235542.dir/build.make CMakeFiles/cmTryCompileExec2504235542.dir/build
"/Applications/CMake 2.8-9.app/Contents/bin/cmake" -E cmake_progress_report /Users/zhaot/Work/neutube/neurolabi/c/build/CMakeFiles/CMakeTmp/CMakeFiles 1
Building C object CMakeFiles/cmTryCompileExec2504235542.dir/CheckFunctionExists.c.o
/usr/bin/gcc   -DCHECK_FUNCTION_EXISTS=json_object   -o CMakeFiles/cmTryCompileExec2504235542.dir/CheckFunctionExists.c.o   -c "/Applications/CMake 2.8-9.app/Contents/share/cmake-2.8/Modules/CheckFunctionExists.c"
Linking C executable cmTryCompileExec2504235542
"/Applications/CMake 2.8-9.app/Contents/bin/cmake" -E cmake_link_script CMakeFiles/cmTryCompileExec2504235542.dir/link.txt --verbose=1
/usr/bin/gcc     -DCHECK_FUNCTION_EXISTS=json_object -Wl,-search_paths_first -Wl,-headerpad_max_install_names   CMakeFiles/cmTryCompileExec2504235542.dir/CheckFunctionExists.c.o  -o cmTryCompileExec2504235542  /usr/local/lib/libjansson.dylib 


Determining if files stddef.h exist passed with the following output:
Change Dir: /Users/zhaot/Work/neutube/neurolabi/c/build/CMakeFiles/CMakeTmp

Run Build Command:/usr/bin/make "cmTryCompileExec1508298674/fast"
/usr/bin/make -f CMakeFiles/cmTryCompileExec1508298674.dir/build.make CMakeFiles/cmTryCompileExec1508298674.dir/build
"/Applications/CMake 2.8-9.app/Contents/bin/cmake" -E cmake_progress_report /Users/zhaot/Work/neutube/neurolabi/c/build/CMakeFiles/CMakeTmp/CMakeFiles 1
Building C object CMakeFiles/cmTryCompileExec1508298674.dir/CheckIncludeFiles.c.o
/usr/bin/gcc    -o CMakeFiles/cmTryCompileExec1508298674.dir/CheckIncludeFiles.c.o   -c /Users/zhaot/Work/neutube/neurolabi/c/build/CMakeFiles/CMakeTmp/CheckIncludeFiles.c
Linking C executable cmTryCompileExec1508298674
"/Applications/CMake 2.8-9.app/Contents/bin/cmake" -E cmake_link_script CMakeFiles/cmTryCompileExec1508298674.dir/link.txt --verbose=1
/usr/bin/gcc      -Wl,-search_paths_first -Wl,-headerpad_max_install_names   CMakeFiles/cmTryCompileExec1508298674.dir/CheckIncludeFiles.c.o  -o cmTryCompileExec1508298674  


Determining if files stdint.h exist passed with the following output:
Change Dir: /Users/zhaot/Work/neutube/neurolabi/c/build/CMakeFiles/CMakeTmp

Run Build Command:/usr/bin/make "cmTryCompileExec2925726788/fast"
/usr/bin/make -f CMakeFiles/cmTryCompileExec2925726788.dir/build.make CMakeFiles/cmTryCompileExec2925726788.dir/build
"/Applications/CMake 2.8-9.app/Contents/bin/cmake" -E cmake_progress_report /Users/zhaot/Work/neutube/neurolabi/c/build/CMakeFiles/CMakeTmp/CMakeFiles 1
Building C object CMakeFiles/cmTryCompileExec2925726788.dir/CheckIncludeFiles.c.o
/usr/bin/gcc    -o CMakeFiles/cmTryCompileExec2925726788.dir/CheckIncludeFiles.c.o   -c /Users/zhaot/Work/neutube/neurolabi/c/build/CMakeFiles/CMakeTmp/CheckIncludeFiles.c
Linking C executable cmTryCompileExec2925726788
"/Applications/CMake 2.8-9.app/Contents/bin/cmake" -E cmake_link_script CMakeFiles/cmTryCompileExec2925726788.dir/link.txt --verbose=1
/usr/bin/gcc      -Wl,-search_paths_first -Wl,-headerpad_max_install_names   CMakeFiles/cmTryCompileExec2925726788.dir/CheckIncludeFiles.c.o  -o cmTryCompileExec2925726788  


Determining if files stdlib.h exist passed with the following output:
Change Dir: /Users/zhaot/Work/neutube/neurolabi/c/build/CMakeFiles/CMakeTmp

Run Build Command:/usr/bin/make "cmTryCompileExec965894392/fast"
/usr/bin/make -f CMakeFiles/cmTryCompileExec965894392.dir/build.make CMakeFiles/cmTryCompileExec965894392.dir/build
"/Applications/CMake 2.8-9.app/Contents/bin/cmake" -E cmake_progress_report /Users/zhaot/Work/neutube/neurolabi/c/build/CMakeFiles/CMakeTmp/CMakeFiles 1
Building C object CMakeFiles/cmTryCompileExec965894392.dir/CheckIncludeFiles.c.o
/usr/bin/gcc    -o CMakeFiles/cmTryCompileExec965894392.dir/CheckIncludeFiles.c.o   -c /Users/zhaot/Work/neutube/neurolabi/c/build/CMakeFiles/CMakeTmp/CheckIncludeFiles.c
Linking C executable cmTryCompileExec965894392
"/Applications/CMake 2.8-9.app/Contents/bin/cmake" -E cmake_link_script CMakeFiles/cmTryCompileExec965894392.dir/link.txt --verbose=1
/usr/bin/gcc      -Wl,-search_paths_first -Wl,-headerpad_max_install_names   CMakeFiles/cmTryCompileExec965894392.dir/CheckIncludeFiles.c.o  -o cmTryCompileExec965894392  


Determining if files string.h exist passed with the following output:
Change Dir: /Users/zhaot/Work/neutube/neurolabi/c/build/CMakeFiles/CMakeTmp

Run Build Command:/usr/bin/make "cmTryCompileExec1622757572/fast"
/usr/bin/make -f CMakeFiles/cmTryCompileExec1622757572.dir/build.make CMakeFiles/cmTryCompileExec1622757572.dir/build
"/Applications/CMake 2.8-9.app/Contents/bin/cmake" -E cmake_progress_report /Users/zhaot/Work/neutube/neurolabi/c/build/CMakeFiles/CMakeTmp/CMakeFiles 1
Building C object CMakeFiles/cmTryCompileExec1622757572.dir/CheckIncludeFiles.c.o
/usr/bin/gcc    -o CMakeFiles/cmTryCompileExec1622757572.dir/CheckIncludeFiles.c.o   -c /Users/zhaot/Work/neutube/neurolabi/c/build/CMakeFiles/CMakeTmp/CheckIncludeFiles.c
Linking C executable cmTryCompileExec1622757572
"/Applications/CMake 2.8-9.app/Contents/bin/cmake" -E cmake_link_script CMakeFiles/cmTryCompileExec1622757572.dir/link.txt --verbose=1
/usr/bin/gcc      -Wl,-search_paths_first -Wl,-headerpad_max_install_names   CMakeFiles/cmTryCompileExec1622757572.dir/CheckIncludeFiles.c.o  -o cmTryCompileExec1622757572  


Determining if files strings.h exist passed with the following output:
Change Dir: /Users/zhaot/Work/neutube/neurolabi/c/build/CMakeFiles/CMakeTmp

Run Build Command:/usr/bin/make "cmTryCompileExec1316032428/fast"
/usr/bin/make -f CMakeFiles/cmTryCompileExec1316032428.dir/build.make CMakeFiles/cmTryCompileExec1316032428.dir/build
"/Applications/CMake 2.8-9.app/Contents/bin/cmake" -E cmake_progress_report /Users/zhaot/Work/neutube/neurolabi/c/build/CMakeFiles/CMakeTmp/CMakeFiles 1
Building C object CMakeFiles/cmTryCompileExec1316032428.dir/CheckIncludeFiles.c.o
/usr/bin/gcc    -o CMakeFiles/cmTryCompileExec1316032428.dir/CheckIncludeFiles.c.o   -c /Users/zhaot/Work/neutube/neurolabi/c/build/CMakeFiles/CMakeTmp/CheckIncludeFiles.c
Linking C executable cmTryCompileExec1316032428
"/Applications/CMake 2.8-9.app/Contents/bin/cmake" -E cmake_link_script CMakeFiles/cmTryCompileExec1316032428.dir/link.txt --verbose=1
/usr/bin/gcc      -Wl,-search_paths_first -Wl,-headerpad_max_install_names   CMakeFiles/cmTryCompileExec1316032428.dir/CheckIncludeFiles.c.o  -o cmTryCompileExec1316032428  


Determining if files sys/time.h exist passed with the following output:
Change Dir: /Users/zhaot/Work/neutube/neurolabi/c/build/CMakeFiles/CMakeTmp

Run Build Command:/usr/bin/make "cmTryCompileExec2904712011/fast"
/usr/bin/make -f CMakeFiles/cmTryCompileExec2904712011.dir/build.make CMakeFiles/cmTryCompileExec2904712011.dir/build
"/Applications/CMake 2.8-9.app/Contents/bin/cmake" -E cmake_progress_report /Users/zhaot/Work/neutube/neurolabi/c/build/CMakeFiles/CMakeTmp/CMakeFiles 1
Building C object CMakeFiles/cmTryCompileExec2904712011.dir/CheckIncludeFiles.c.o
/usr/bin/gcc    -o CMakeFiles/cmTryCompileExec2904712011.dir/CheckIncludeFiles.c.o   -c /Users/zhaot/Work/neutube/neurolabi/c/build/CMakeFiles/CMakeTmp/CheckIncludeFiles.c
Linking C executable cmTryCompileExec2904712011
"/Applications/CMake 2.8-9.app/Contents/bin/cmake" -E cmake_link_script CMakeFiles/cmTryCompileExec2904712011.dir/link.txt --verbose=1
/usr/bin/gcc      -Wl,-search_paths_first -Wl,-headerpad_max_install_names   CMakeFiles/cmTryCompileExec2904712011.dir/CheckIncludeFiles.c.o  -o cmTryCompileExec2904712011  


Determining if files unistd.h exist passed with the following output:
Change Dir: /Users/zhaot/Work/neutube/neurolabi/c/build/CMakeFiles/CMakeTmp

Run Build Command:/usr/bin/make "cmTryCompileExec852084539/fast"
/usr/bin/make -f CMakeFiles/cmTryCompileExec852084539.dir/build.make CMakeFiles/cmTryCompileExec852084539.dir/build
"/Applications/CMake 2.8-9.app/Contents/bin/cmake" -E cmake_progress_report /Users/zhaot/Work/neutube/neurolabi/c/build/CMakeFiles/CMakeTmp/CMakeFiles 1
Building C object CMakeFiles/cmTryCompileExec852084539.dir/CheckIncludeFiles.c.o
/usr/bin/gcc    -o CMakeFiles/cmTryCompileExec852084539.dir/CheckIncludeFiles.c.o   -c /Users/zhaot/Work/neutube/neurolabi/c/build/CMakeFiles/CMakeTmp/CheckIncludeFiles.c
Linking C executable cmTryCompileExec852084539
"/Applications/CMake 2.8-9.app/Contents/bin/cmake" -E cmake_link_script CMakeFiles/cmTryCompileExec852084539.dir/link.txt --verbose=1
/usr/bin/gcc      -Wl,-search_paths_first -Wl,-headerpad_max_install_names   CMakeFiles/cmTryCompileExec852084539.dir/CheckIncludeFiles.c.o  -o cmTryCompileExec852084539  


Determining if files regex.h exist passed with the following output:
Change Dir: /Users/zhaot/Work/neutube/neurolabi/c/build/CMakeFiles/CMakeTmp

Run Build Command:/usr/bin/make "cmTryCompileExec3973102160/fast"
/usr/bin/make -f CMakeFiles/cmTryCompileExec3973102160.dir/build.make CMakeFiles/cmTryCompileExec3973102160.dir/build
"/Applications/CMake 2.8-9.app/Contents/bin/cmake" -E cmake_progress_report /Users/zhaot/Work/neutube/neurolabi/c/build/CMakeFiles/CMakeTmp/CMakeFiles 1
Building C object CMakeFiles/cmTryCompileExec3973102160.dir/CheckIncludeFiles.c.o
/usr/bin/gcc    -o CMakeFiles/cmTryCompileExec3973102160.dir/CheckIncludeFiles.c.o   -c /Users/zhaot/Work/neutube/neurolabi/c/build/CMakeFiles/CMakeTmp/CheckIncludeFiles.c
Linking C executable cmTryCompileExec3973102160
"/Applications/CMake 2.8-9.app/Contents/bin/cmake" -E cmake_link_script CMakeFiles/cmTryCompileExec3973102160.dir/link.txt --verbose=1
/usr/bin/gcc      -Wl,-search_paths_first -Wl,-headerpad_max_install_names   CMakeFiles/cmTryCompileExec3973102160.dir/CheckIncludeFiles.c.o  -o cmTryCompileExec3973102160  


Determining if files dirent.h exist passed with the following output:
Change Dir: /Users/zhaot/Work/neutube/neurolabi/c/build/CMakeFiles/CMakeTmp

Run Build Command:/usr/bin/make "cmTryCompileExec2407121135/fast"
/usr/bin/make -f CMakeFiles/cmTryCompileExec2407121135.dir/build.make CMakeFiles/cmTryCompileExec2407121135.dir/build
"/Applications/CMake 2.8-9.app/Contents/bin/cmake" -E cmake_progress_report /Users/zhaot/Work/neutube/neurolabi/c/build/CMakeFiles/CMakeTmp/CMakeFiles 1
Building C object CMakeFiles/cmTryCompileExec2407121135.dir/CheckIncludeFiles.c.o
/usr/bin/gcc    -o CMakeFiles/cmTryCompileExec2407121135.dir/CheckIncludeFiles.c.o   -c /Users/zhaot/Work/neutube/neurolabi/c/build/CMakeFiles/CMakeTmp/CheckIncludeFiles.c
Linking C executable cmTryCompileExec2407121135
"/Applications/CMake 2.8-9.app/Contents/bin/cmake" -E cmake_link_script CMakeFiles/cmTryCompileExec2407121135.dir/link.txt --verbose=1
/usr/bin/gcc      -Wl,-search_paths_first -Wl,-headerpad_max_install_names   CMakeFiles/cmTryCompileExec2407121135.dir/CheckIncludeFiles.c.o  -o cmTryCompileExec2407121135  


Determining if the function bzero exists passed with the following output:
Change Dir: /Users/zhaot/Work/neutube/neurolabi/c/build/CMakeFiles/CMakeTmp

Run Build Command:/usr/bin/make "cmTryCompileExec985657097/fast"
/usr/bin/make -f CMakeFiles/cmTryCompileExec985657097.dir/build.make CMakeFiles/cmTryCompileExec985657097.dir/build
"/Applications/CMake 2.8-9.app/Contents/bin/cmake" -E cmake_progress_report /Users/zhaot/Work/neutube/neurolabi/c/build/CMakeFiles/CMakeTmp/CMakeFiles 1
Building C object CMakeFiles/cmTryCompileExec985657097.dir/CheckFunctionExists.c.o
/usr/bin/gcc   -DCHECK_FUNCTION_EXISTS=bzero   -o CMakeFiles/cmTryCompileExec985657097.dir/CheckFunctionExists.c.o   -c "/Applications/CMake 2.8-9.app/Contents/share/cmake-2.8/Modules/CheckFunctionExists.c"
/Applications/CMake 2.8-9.app/Contents/share/cmake-2.8/Modules/CheckFunctionExists.c:3: warning: conflicting types for built-in function ‘bzero’
Linking C executable cmTryCompileExec985657097
"/Applications/CMake 2.8-9.app/Contents/bin/cmake" -E cmake_link_script CMakeFiles/cmTryCompileExec985657097.dir/link.txt --verbose=1
/usr/bin/gcc     -DCHECK_FUNCTION_EXISTS=bzero -Wl,-search_paths_first -Wl,-headerpad_max_install_names   CMakeFiles/cmTryCompileExec985657097.dir/CheckFunctionExists.c.o  -o cmTryCompileExec985657097  


Determining if the function floor exists passed with the following output:
Change Dir: /Users/zhaot/Work/neutube/neurolabi/c/build/CMakeFiles/CMakeTmp

Run Build Command:/usr/bin/make "cmTryCompileExec191943631/fast"
/usr/bin/make -f CMakeFiles/cmTryCompileExec191943631.dir/build.make CMakeFiles/cmTryCompileExec191943631.dir/build
"/Applications/CMake 2.8-9.app/Contents/bin/cmake" -E cmake_progress_report /Users/zhaot/Work/neutube/neurolabi/c/build/CMakeFiles/CMakeTmp/CMakeFiles 1
Building C object CMakeFiles/cmTryCompileExec191943631.dir/CheckFunctionExists.c.o
/usr/bin/gcc   -DCHECK_FUNCTION_EXISTS=floor   -o CMakeFiles/cmTryCompileExec191943631.dir/CheckFunctionExists.c.o   -c "/Applications/CMake 2.8-9.app/Contents/share/cmake-2.8/Modules/CheckFunctionExists.c"
/Applications/CMake 2.8-9.app/Contents/share/cmake-2.8/Modules/CheckFunctionExists.c:3: warning: conflicting types for built-in function ‘floor’
Linking C executable cmTryCompileExec191943631
"/Applications/CMake 2.8-9.app/Contents/bin/cmake" -E cmake_link_script CMakeFiles/cmTryCompileExec191943631.dir/link.txt --verbose=1
/usr/bin/gcc     -DCHECK_FUNCTION_EXISTS=floor -Wl,-search_paths_first -Wl,-headerpad_max_install_names   CMakeFiles/cmTryCompileExec191943631.dir/CheckFunctionExists.c.o  -o cmTryCompileExec191943631  


Determining if the function round exists passed with the following output:
Change Dir: /Users/zhaot/Work/neutube/neurolabi/c/build/CMakeFiles/CMakeTmp

Run Build Command:/usr/bin/make "cmTryCompileExec3971192643/fast"
/usr/bin/make -f CMakeFiles/cmTryCompileExec3971192643.dir/build.make CMakeFiles/cmTryCompileExec3971192643.dir/build
"/Applications/CMake 2.8-9.app/Contents/bin/cmake" -E cmake_progress_report /Users/zhaot/Work/neutube/neurolabi/c/build/CMakeFiles/CMakeTmp/CMakeFiles 1
Building C object CMakeFiles/cmTryCompileExec3971192643.dir/CheckFunctionExists.c.o
/usr/bin/gcc   -DCHECK_FUNCTION_EXISTS=round   -o CMakeFiles/cmTryCompileExec3971192643.dir/CheckFunctionExists.c.o   -c "/Applications/CMake 2.8-9.app/Contents/share/cmake-2.8/Modules/CheckFunctionExists.c"
/Applications/CMake 2.8-9.app/Contents/share/cmake-2.8/Modules/CheckFunctionExists.c:3: warning: conflicting types for built-in function ‘round’
Linking C executable cmTryCompileExec3971192643
"/Applications/CMake 2.8-9.app/Contents/bin/cmake" -E cmake_link_script CMakeFiles/cmTryCompileExec3971192643.dir/link.txt --verbose=1
/usr/bin/gcc     -DCHECK_FUNCTION_EXISTS=round -Wl,-search_paths_first -Wl,-headerpad_max_install_names   CMakeFiles/cmTryCompileExec3971192643.dir/CheckFunctionExists.c.o  -o cmTryCompileExec3971192643  


Determining if the function lrint exists passed with the following output:
Change Dir: /Users/zhaot/Work/neutube/neurolabi/c/build/CMakeFiles/CMakeTmp

Run Build Command:/usr/bin/make "cmTryCompileExec3004612649/fast"
/usr/bin/make -f CMakeFiles/cmTryCompileExec3004612649.dir/build.make CMakeFiles/cmTryCompileExec3004612649.dir/build
"/Applications/CMake 2.8-9.app/Contents/bin/cmake" -E cmake_progress_report /Users/zhaot/Work/neutube/neurolabi/c/build/CMakeFiles/CMakeTmp/CMakeFiles 1
Building C object CMakeFiles/cmTryCompileExec3004612649.dir/CheckFunctionExists.c.o
/usr/bin/gcc   -DCHECK_FUNCTION_EXISTS=lrint   -o CMakeFiles/cmTryCompileExec3004612649.dir/CheckFunctionExists.c.o   -c "/Applications/CMake 2.8-9.app/Contents/share/cmake-2.8/Modules/CheckFunctionExists.c"
/Applications/CMake 2.8-9.app/Contents/share/cmake-2.8/Modules/CheckFunctionExists.c:3: warning: conflicting types for built-in function ‘lrint’
Linking C executable cmTryCompileExec3004612649
"/Applications/CMake 2.8-9.app/Contents/bin/cmake" -E cmake_link_script CMakeFiles/cmTryCompileExec3004612649.dir/link.txt --verbose=1
/usr/bin/gcc     -DCHECK_FUNCTION_EXISTS=lrint -Wl,-search_paths_first -Wl,-headerpad_max_install_names   CMakeFiles/cmTryCompileExec3004612649.dir/CheckFunctionExists.c.o  -o cmTryCompileExec3004612649  


Determining if the function gettimeofday exists passed with the following output:
Change Dir: /Users/zhaot/Work/neutube/neurolabi/c/build/CMakeFiles/CMakeTmp

Run Build Command:/usr/bin/make "cmTryCompileExec405990848/fast"
/usr/bin/make -f CMakeFiles/cmTryCompileExec405990848.dir/build.make CMakeFiles/cmTryCompileExec405990848.dir/build
"/Applications/CMake 2.8-9.app/Contents/bin/cmake" -E cmake_progress_report /Users/zhaot/Work/neutube/neurolabi/c/build/CMakeFiles/CMakeTmp/CMakeFiles 1
Building C object CMakeFiles/cmTryCompileExec405990848.dir/CheckFunctionExists.c.o
/usr/bin/gcc   -DCHECK_FUNCTION_EXISTS=gettimeofday   -o CMakeFiles/cmTryCompileExec405990848.dir/CheckFunctionExists.c.o   -c "/Applications/CMake 2.8-9.app/Contents/share/cmake-2.8/Modules/CheckFunctionExists.c"
Linking C executable cmTryCompileExec405990848
"/Applications/CMake 2.8-9.app/Contents/bin/cmake" -E cmake_link_script CMakeFiles/cmTryCompileExec405990848.dir/link.txt --verbose=1
/usr/bin/gcc     -DCHECK_FUNCTION_EXISTS=gettimeofday -Wl,-search_paths_first -Wl,-headerpad_max_install_names   CMakeFiles/cmTryCompileExec405990848.dir/CheckFunctionExists.c.o  -o cmTryCompileExec405990848  


Determining if the function memmove exists passed with the following output:
Change Dir: /Users/zhaot/Work/neutube/neurolabi/c/build/CMakeFiles/CMakeTmp

Run Build Command:/usr/bin/make "cmTryCompileExec3786946273/fast"
/usr/bin/make -f CMakeFiles/cmTryCompileExec3786946273.dir/build.make CMakeFiles/cmTryCompileExec3786946273.dir/build
"/Applications/CMake 2.8-9.app/Contents/bin/cmake" -E cmake_progress_report /Users/zhaot/Work/neutube/neurolabi/c/build/CMakeFiles/CMakeTmp/CMakeFiles 1
Building C object CMakeFiles/cmTryCompileExec3786946273.dir/CheckFunctionExists.c.o
/usr/bin/gcc   -DCHECK_FUNCTION_EXISTS=memmove   -o CMakeFiles/cmTryCompileExec3786946273.dir/CheckFunctionExists.c.o   -c "/Applications/CMake 2.8-9.app/Contents/share/cmake-2.8/Modules/CheckFunctionExists.c"
/Applications/CMake 2.8-9.app/Contents/share/cmake-2.8/Modules/CheckFunctionExists.c:3: warning: conflicting types for built-in function ‘memmove’
Linking C executable cmTryCompileExec3786946273
"/Applications/CMake 2.8-9.app/Contents/bin/cmake" -E cmake_link_script CMakeFiles/cmTryCompileExec3786946273.dir/link.txt --verbose=1
/usr/bin/gcc     -DCHECK_FUNCTION_EXISTS=memmove -Wl,-search_paths_first -Wl,-headerpad_max_install_names   CMakeFiles/cmTryCompileExec3786946273.dir/CheckFunctionExists.c.o  -o cmTryCompileExec3786946273  


Determining if the function memset exists passed with the following output:
Change Dir: /Users/zhaot/Work/neutube/neurolabi/c/build/CMakeFiles/CMakeTmp

Run Build Command:/usr/bin/make "cmTryCompileExec3924004461/fast"
/usr/bin/make -f CMakeFiles/cmTryCompileExec3924004461.dir/build.make CMakeFiles/cmTryCompileExec3924004461.dir/build
"/Applications/CMake 2.8-9.app/Contents/bin/cmake" -E cmake_progress_report /Users/zhaot/Work/neutube/neurolabi/c/build/CMakeFiles/CMakeTmp/CMakeFiles 1
Building C object CMakeFiles/cmTryCompileExec3924004461.dir/CheckFunctionExists.c.o
/usr/bin/gcc   -DCHECK_FUNCTION_EXISTS=memset   -o CMakeFiles/cmTryCompileExec3924004461.dir/CheckFunctionExists.c.o   -c "/Applications/CMake 2.8-9.app/Contents/share/cmake-2.8/Modules/CheckFunctionExists.c"
/Applications/CMake 2.8-9.app/Contents/share/cmake-2.8/Modules/CheckFunctionExists.c:3: warning: conflicting types for built-in function ‘memset’
Linking C executable cmTryCompileExec3924004461
"/Applications/CMake 2.8-9.app/Contents/bin/cmake" -E cmake_link_script CMakeFiles/cmTryCompileExec3924004461.dir/link.txt --verbose=1
/usr/bin/gcc     -DCHECK_FUNCTION_EXISTS=memset -Wl,-search_paths_first -Wl,-headerpad_max_install_names   CMakeFiles/cmTryCompileExec3924004461.dir/CheckFunctionExists.c.o  -o cmTryCompileExec3924004461  


Determining if the function regcomp exists passed with the following output:
Change Dir: /Users/zhaot/Work/neutube/neurolabi/c/build/CMakeFiles/CMakeTmp

Run Build Command:/usr/bin/make "cmTryCompileExec383167197/fast"
/usr/bin/make -f CMakeFiles/cmTryCompileExec383167197.dir/build.make CMakeFiles/cmTryCompileExec383167197.dir/build
"/Applications/CMake 2.8-9.app/Contents/bin/cmake" -E cmake_progress_report /Users/zhaot/Work/neutube/neurolabi/c/build/CMakeFiles/CMakeTmp/CMakeFiles 1
Building C object CMakeFiles/cmTryCompileExec383167197.dir/CheckFunctionExists.c.o
/usr/bin/gcc   -DCHECK_FUNCTION_EXISTS=regcomp   -o CMakeFiles/cmTryCompileExec383167197.dir/CheckFunctionExists.c.o   -c "/Applications/CMake 2.8-9.app/Contents/share/cmake-2.8/Modules/CheckFunctionExists.c"
Linking C executable cmTryCompileExec383167197
"/Applications/CMake 2.8-9.app/Contents/bin/cmake" -E cmake_link_script CMakeFiles/cmTryCompileExec383167197.dir/link.txt --verbose=1
/usr/bin/gcc     -DCHECK_FUNCTION_EXISTS=regcomp -Wl,-search_paths_first -Wl,-headerpad_max_install_names   CMakeFiles/cmTryCompileExec383167197.dir/CheckFunctionExists.c.o  -o cmTryCompileExec383167197  


Determining if the function sqrt exists passed with the following output:
Change Dir: /Users/zhaot/Work/neutube/neurolabi/c/build/CMakeFiles/CMakeTmp

Run Build Command:/usr/bin/make "cmTryCompileExec1094869181/fast"
/usr/bin/make -f CMakeFiles/cmTryCompileExec1094869181.dir/build.make CMakeFiles/cmTryCompileExec1094869181.dir/build
"/Applications/CMake 2.8-9.app/Contents/bin/cmake" -E cmake_progress_report /Users/zhaot/Work/neutube/neurolabi/c/build/CMakeFiles/CMakeTmp/CMakeFiles 1
Building C object CMakeFiles/cmTryCompileExec1094869181.dir/CheckFunctionExists.c.o
/usr/bin/gcc   -DCHECK_FUNCTION_EXISTS=sqrt   -o CMakeFiles/cmTryCompileExec1094869181.dir/CheckFunctionExists.c.o   -c "/Applications/CMake 2.8-9.app/Contents/share/cmake-2.8/Modules/CheckFunctionExists.c"
/Applications/CMake 2.8-9.app/Contents/share/cmake-2.8/Modules/CheckFunctionExists.c:3: warning: conflicting types for built-in function ‘sqrt’
Linking C executable cmTryCompileExec1094869181
"/Applications/CMake 2.8-9.app/Contents/bin/cmake" -E cmake_link_script CMakeFiles/cmTryCompileExec1094869181.dir/link.txt --verbose=1
/usr/bin/gcc     -DCHECK_FUNCTION_EXISTS=sqrt -Wl,-search_paths_first -Wl,-headerpad_max_install_names   CMakeFiles/cmTryCompileExec1094869181.dir/CheckFunctionExists.c.o  -o cmTryCompileExec1094869181  


Determining if the function memset_pattern4 exists passed with the following output:
Change Dir: /Users/zhaot/Work/neutube/neurolabi/c/build/CMakeFiles/CMakeTmp

Run Build Command:/usr/bin/make "cmTryCompileExec2368593423/fast"
/usr/bin/make -f CMakeFiles/cmTryCompileExec2368593423.dir/build.make CMakeFiles/cmTryCompileExec2368593423.dir/build
"/Applications/CMake 2.8-9.app/Contents/bin/cmake" -E cmake_progress_report /Users/zhaot/Work/neutube/neurolabi/c/build/CMakeFiles/CMakeTmp/CMakeFiles 1
Building C object CMakeFiles/cmTryCompileExec2368593423.dir/CheckFunctionExists.c.o
/usr/bin/gcc   -DCHECK_FUNCTION_EXISTS=memset_pattern4   -o CMakeFiles/cmTryCompileExec2368593423.dir/CheckFunctionExists.c.o   -c "/Applications/CMake 2.8-9.app/Contents/share/cmake-2.8/Modules/CheckFunctionExists.c"
Linking C executable cmTryCompileExec2368593423
"/Applications/CMake 2.8-9.app/Contents/bin/cmake" -E cmake_link_script CMakeFiles/cmTryCompileExec2368593423.dir/link.txt --verbose=1
/usr/bin/gcc     -DCHECK_FUNCTION_EXISTS=memset_pattern4 -Wl,-search_paths_first -Wl,-headerpad_max_install_names   CMakeFiles/cmTryCompileExec2368593423.dir/CheckFunctionExists.c.o  -o cmTryCompileExec2368593423  


Determining if the function fgetln exists passed with the following output:
Change Dir: /Users/zhaot/Work/neutube/neurolabi/c/build/CMakeFiles/CMakeTmp

Run Build Command:/usr/bin/make "cmTryCompileExec840142911/fast"
/usr/bin/make -f CMakeFiles/cmTryCompileExec840142911.dir/build.make CMakeFiles/cmTryCompileExec840142911.dir/build
"/Applications/CMake 2.8-9.app/Contents/bin/cmake" -E cmake_progress_report /Users/zhaot/Work/neutube/neurolabi/c/build/CMakeFiles/CMakeTmp/CMakeFiles 1
Building C object CMakeFiles/cmTryCompileExec840142911.dir/CheckFunctionExists.c.o
/usr/bin/gcc   -DCHECK_FUNCTION_EXISTS=fgetln   -o CMakeFiles/cmTryCompileExec840142911.dir/CheckFunctionExists.c.o   -c "/Applications/CMake 2.8-9.app/Contents/share/cmake-2.8/Modules/CheckFunctionExists.c"
Linking C executable cmTryCompileExec840142911
"/Applications/CMake 2.8-9.app/Contents/bin/cmake" -E cmake_link_script CMakeFiles/cmTryCompileExec840142911.dir/link.txt --verbose=1
/usr/bin/gcc     -DCHECK_FUNCTION_EXISTS=fgetln -Wl,-search_paths_first -Wl,-headerpad_max_install_names   CMakeFiles/cmTryCompileExec840142911.dir/CheckFunctionExists.c.o  -o cmTryCompileExec840142911  


Determining if the include file sys/types.h exists passed with the following output:
Change Dir: /Users/zhaot/Work/neutube/neurolabi/c/build/CMakeFiles/CMakeTmp

Run Build Command:/usr/bin/make "cmTryCompileExec1370636355/fast"
/usr/bin/make -f CMakeFiles/cmTryCompileExec1370636355.dir/build.make CMakeFiles/cmTryCompileExec1370636355.dir/build
"/Applications/CMake 2.8-9.app/Contents/bin/cmake" -E cmake_progress_report /Users/zhaot/Work/neutube/neurolabi/c/build/CMakeFiles/CMakeTmp/CMakeFiles 1
Building C object CMakeFiles/cmTryCompileExec1370636355.dir/CheckIncludeFile.c.o
/usr/bin/gcc    -o CMakeFiles/cmTryCompileExec1370636355.dir/CheckIncludeFile.c.o   -c /Users/zhaot/Work/neutube/neurolabi/c/build/CMakeFiles/CMakeTmp/CheckIncludeFile.c
Linking C executable cmTryCompileExec1370636355
"/Applications/CMake 2.8-9.app/Contents/bin/cmake" -E cmake_link_script CMakeFiles/cmTryCompileExec1370636355.dir/link.txt --verbose=1
/usr/bin/gcc      -Wl,-search_paths_first -Wl,-headerpad_max_install_names   CMakeFiles/cmTryCompileExec1370636355.dir/CheckIncludeFile.c.o  -o cmTryCompileExec1370636355  


Determining size of char passed with the following output:
Change Dir: /Users/zhaot/Work/neutube/neurolabi/c/build/CMakeFiles/CMakeTmp

Run Build Command:/usr/bin/make "cmTryCompileExec1035635664/fast"
/usr/bin/make -f CMakeFiles/cmTryCompileExec1035635664.dir/build.make CMakeFiles/cmTryCompileExec1035635664.dir/build
"/Applications/CMake 2.8-9.app/Contents/bin/cmake" -E cmake_progress_report /Users/zhaot/Work/neutube/neurolabi/c/build/CMakeFiles/CMakeTmp/CMakeFiles 1
Building C object CMakeFiles/cmTryCompileExec1035635664.dir/SIZEOF_CHAR.c.o
/usr/bin/gcc    -o CMakeFiles/cmTryCompileExec1035635664.dir/SIZEOF_CHAR.c.o   -c /Users/zhaot/Work/neutube/neurolabi/c/build/CMakeFiles/CheckTypeSize/SIZEOF_CHAR.c
Linking C executable cmTryCompileExec1035635664
"/Applications/CMake 2.8-9.app/Contents/bin/cmake" -E cmake_link_script CMakeFiles/cmTryCompileExec1035635664.dir/link.txt --verbose=1
/usr/bin/gcc      -Wl,-search_paths_first -Wl,-headerpad_max_install_names   CMakeFiles/cmTryCompileExec1035635664.dir/SIZEOF_CHAR.c.o  -o cmTryCompileExec1035635664  


Determining size of int passed with the following output:
Change Dir: /Users/zhaot/Work/neutube/neurolabi/c/build/CMakeFiles/CMakeTmp

Run Build Command:/usr/bin/make "cmTryCompileExec187463764/fast"
/usr/bin/make -f CMakeFiles/cmTryCompileExec187463764.dir/build.make CMakeFiles/cmTryCompileExec187463764.dir/build
"/Applications/CMake 2.8-9.app/Contents/bin/cmake" -E cmake_progress_report /Users/zhaot/Work/neutube/neurolabi/c/build/CMakeFiles/CMakeTmp/CMakeFiles 1
Building C object CMakeFiles/cmTryCompileExec187463764.dir/SIZEOF_INT.c.o
/usr/bin/gcc    -o CMakeFiles/cmTryCompileExec187463764.dir/SIZEOF_INT.c.o   -c /Users/zhaot/Work/neutube/neurolabi/c/build/CMakeFiles/CheckTypeSize/SIZEOF_INT.c
Linking C executable cmTryCompileExec187463764
"/Applications/CMake 2.8-9.app/Contents/bin/cmake" -E cmake_link_script CMakeFiles/cmTryCompileExec187463764.dir/link.txt --verbose=1
/usr/bin/gcc      -Wl,-search_paths_first -Wl,-headerpad_max_install_names   CMakeFiles/cmTryCompileExec187463764.dir/SIZEOF_INT.c.o  -o cmTryCompileExec187463764  


Determining size of short passed with the following output:
Change Dir: /Users/zhaot/Work/neutube/neurolabi/c/build/CMakeFiles/CMakeTmp

Run Build Command:/usr/bin/make "cmTryCompileExec4274056308/fast"
/usr/bin/make -f CMakeFiles/cmTryCompileExec4274056308.dir/build.make CMakeFiles/cmTryCompileExec4274056308.dir/build
"/Applications/CMake 2.8-9.app/Contents/bin/cmake" -E cmake_progress_report /Users/zhaot/Work/neutube/neurolabi/c/build/CMakeFiles/CMakeTmp/CMakeFiles 1
Building C object CMakeFiles/cmTryCompileExec4274056308.dir/SIZEOF_SHORT.c.o
/usr/bin/gcc    -o CMakeFiles/cmTryCompileExec4274056308.dir/SIZEOF_SHORT.c.o   -c /Users/zhaot/Work/neutube/neurolabi/c/build/CMakeFiles/CheckTypeSize/SIZEOF_SHORT.c
Linking C executable cmTryCompileExec4274056308
"/Applications/CMake 2.8-9.app/Contents/bin/cmake" -E cmake_link_script CMakeFiles/cmTryCompileExec4274056308.dir/link.txt --verbose=1
/usr/bin/gcc      -Wl,-search_paths_first -Wl,-headerpad_max_install_names   CMakeFiles/cmTryCompileExec4274056308.dir/SIZEOF_SHORT.c.o  -o cmTryCompileExec4274056308  


Determining size of long passed with the following output:
Change Dir: /Users/zhaot/Work/neutube/neurolabi/c/build/CMakeFiles/CMakeTmp

Run Build Command:/usr/bin/make "cmTryCompileExec677629647/fast"
/usr/bin/make -f CMakeFiles/cmTryCompileExec677629647.dir/build.make CMakeFiles/cmTryCompileExec677629647.dir/build
"/Applications/CMake 2.8-9.app/Contents/bin/cmake" -E cmake_progress_report /Users/zhaot/Work/neutube/neurolabi/c/build/CMakeFiles/CMakeTmp/CMakeFiles 1
Building C object CMakeFiles/cmTryCompileExec677629647.dir/SIZEOF_LONG.c.o
/usr/bin/gcc    -o CMakeFiles/cmTryCompileExec677629647.dir/SIZEOF_LONG.c.o   -c /Users/zhaot/Work/neutube/neurolabi/c/build/CMakeFiles/CheckTypeSize/SIZEOF_LONG.c
Linking C executable cmTryCompileExec677629647
"/Applications/CMake 2.8-9.app/Contents/bin/cmake" -E cmake_link_script CMakeFiles/cmTryCompileExec677629647.dir/link.txt --verbose=1
/usr/bin/gcc      -Wl,-search_paths_first -Wl,-headerpad_max_install_names   CMakeFiles/cmTryCompileExec677629647.dir/SIZEOF_LONG.c.o  -o cmTryCompileExec677629647  


